39
143
4 0 10 (2080.000000 -896.000000 160.000000) (1268.000000 -896.000000 160.000000) (1268.000000 -896.000000 -672.000000) (2080.000000 -896.000000 -672.000000) 
4 0 8 (1268.000000 -896.000000 -672.000000) (1268.000000 -896.000000 -630.000000) (1268.000000 -626.000000 -630.000000) (1268.000000 -626.000000 -672.000000) 
4 0 7 (1268.000000 -896.000000 -630.000000) (1268.000000 -896.000000 160.000000) (1268.000000 -494.000000 160.000000) (1268.000000 -494.000000 -630.000000) 
4 0 3 (1268.000000 298.000000 -626.000000) (1268.000000 298.000000 -672.000000) (1268.000000 166.000000 -672.000000) (1268.000000 166.000000 -626.000000) 
4 0 2 (1268.000000 166.000000 160.000000) (1268.000000 298.000000 160.000000) (1268.000000 298.000000 -626.000000) (1268.000000 166.000000 -626.000000) 
4 0 1 (1268.000000 298.000000 160.000000) (1268.000000 416.000000 160.000000) (1268.000000 416.000000 -672.000000) (1268.000000 298.000000 -672.000000) 
4 0 6 (1268.000000 -494.000000 160.000000) (1268.000000 166.000000 160.000000) (1268.000000 166.000000 -672.000000) (1268.000000 -494.000000 -672.000000) 
4 1 16 (677.000000 416.000000 -662.000000) (677.000000 416.000000 -672.000000) (677.000000 298.000000 -672.000000) (677.000000 298.000000 -662.000000) 
4 1 13 (677.000000 416.000000 -618.000000) (677.000000 416.000000 -662.000000) (677.000000 298.000000 -662.000000) (677.000000 298.000000 -618.000000) 
4 1 12 (677.000000 298.000000 160.000000) (677.000000 416.000000 160.000000) (677.000000 416.000000 -618.000000) (677.000000 298.000000 -618.000000) 
4 1 4 (916.000000 298.000000 -672.000000) (940.000000 298.000000 -672.000000) (940.000000 298.000000 -670.000000) (916.000000 298.000000 -670.000000) 
4 1 5 (677.000000 298.000000 -626.000000) (677.000000 298.000000 -672.000000) (916.000000 298.000000 -672.000000) (916.000000 298.000000 -626.000000) 
4 1 3 (940.000000 298.000000 -672.000000) (1268.000000 298.000000 -672.000000) (1268.000000 298.000000 -626.000000) (940.000000 298.000000 -626.000000) 
4 1 2 (677.000000 298.000000 160.000000) (677.000000 298.000000 -626.000000) (1268.000000 298.000000 -626.000000) (1268.000000 298.000000 160.000000) 
4 2 13 (677.000000 298.000000 -618.000000) (677.000000 298.000000 -626.000000) (677.000000 166.000000 -626.000000) (677.000000 166.000000 -618.000000) 
4 2 12 (677.000000 166.000000 160.000000) (677.000000 298.000000 160.000000) (677.000000 298.000000 -618.000000) (677.000000 166.000000 -618.000000) 
4 2 5 (916.000000 166.000000 -626.000000) (677.000000 166.000000 -626.000000) (677.000000 298.000000 -626.000000) (916.000000 298.000000 -626.000000) 
4 2 3 (1268.000000 166.000000 -626.000000) (940.000000 166.000000 -626.000000) (940.000000 298.000000 -626.000000) (1268.000000 298.000000 -626.000000) 
4 2 6 (1268.000000 166.000000 -626.000000) (1268.000000 166.000000 160.000000) (677.000000 166.000000 160.000000) (677.000000 166.000000 -626.000000) 
4 3 4 (940.000000 298.000000 -670.000000) (940.000000 298.000000 -672.000000) (940.000000 166.000000 -672.000000) (940.000000 166.000000 -670.000000) 
4 3 6 (940.000000 166.000000 -672.000000) (1268.000000 166.000000 -672.000000) (1268.000000 166.000000 -626.000000) (940.000000 166.000000 -626.000000) 
4 4 5 (916.000000 166.000000 -672.000000) (916.000000 166.000000 -670.000000) (916.000000 298.000000 -670.000000) (916.000000 298.000000 -672.000000) 
4 4 6 (916.000000 166.000000 -672.000000) (940.000000 166.000000 -672.000000) (940.000000 166.000000 -670.000000) (916.000000 166.000000 -670.000000) 
4 5 16 (677.000000 298.000000 -662.000000) (677.000000 298.000000 -672.000000) (677.000000 166.000000 -672.000000) (677.000000 166.000000 -662.000000) 
4 5 13 (677.000000 298.000000 -626.000000) (677.000000 298.000000 -662.000000) (677.000000 166.000000 -662.000000) (677.000000 166.000000 -626.000000) 
4 5 6 (677.000000 166.000000 -672.000000) (916.000000 166.000000 -672.000000) (916.000000 166.000000 -626.000000) (677.000000 166.000000 -626.000000) 
4 6 19 (677.000000 -494.000000 -672.000000) (677.000000 -494.000000 -666.000000) (677.000000 -486.000000 -666.000000) (677.000000 -486.000000 -672.000000) 
4 6 18 (677.000000 -486.000000 -622.000000) (677.000000 14.000000 -622.000000) (677.000000 14.000000 -672.000000) (677.000000 -486.000000 -672.000000) 
4 6 17 (677.000000 -494.000000 -622.000000) (677.000000 -494.000000 160.000000) (677.000000 14.000000 160.000000) (677.000000 14.000000 -622.000000) 
4 6 16 (677.000000 166.000000 -662.000000) (677.000000 166.000000 -672.000000) (677.000000 14.000000 -672.000000) (677.000000 14.000000 -662.000000) 
4 6 13 (677.000000 166.000000 -618.000000) (677.000000 166.000000 -662.000000) (677.000000 14.000000 -662.000000) (677.000000 14.000000 -618.000000) 
4 6 12 (677.000000 14.000000 160.000000) (677.000000 166.000000 160.000000) (677.000000 166.000000 -618.000000) (677.000000 14.000000 -618.000000) 
4 6 9 (1244.000000 -494.000000 -630.000000) (677.000000 -494.000000 -630.000000) (677.000000 -494.000000 -672.000000) (1244.000000 -494.000000 -672.000000) 
4 6 7 (1268.000000 -494.000000 -630.000000) (1268.000000 -494.000000 160.000000) (677.000000 -494.000000 160.000000) (677.000000 -494.000000 -630.000000) 
4 7 38 (677.000000 -896.000000 -630.000000) (677.000000 -896.000000 160.000000) (677.000000 -706.000000 160.000000) (677.000000 -706.000000 -630.000000) 
4 7 20 (677.000000 -618.000000 -630.000000) (677.000000 -706.000000 -630.000000) (677.000000 -706.000000 -622.000000) (677.000000 -618.000000 -622.000000) 
4 7 17 (677.000000 -706.000000 160.000000) (677.000000 -494.000000 160.000000) (677.000000 -494.000000 -622.000000) (677.000000 -706.000000 -622.000000) 
4 7 11 (1088.000000 -896.000000 160.000000) (677.000000 -896.000000 160.000000) (677.000000 -896.000000 -630.000000) (1088.000000 -896.000000 -630.000000) 
4 7 10 (1268.000000 -896.000000 -630.000000) (1268.000000 -896.000000 160.000000) (1120.000000 -896.000000 160.000000) (1120.000000 -896.000000 -630.000000) 
4 7 8 (1268.000000 -896.000000 -630.000000) (1244.000000 -896.000000 -630.000000) (1244.000000 -626.000000 -630.000000) (1268.000000 -626.000000 -630.000000) 
4 7 9 (1244.000000 -896.000000 -630.000000) (677.000000 -896.000000 -630.000000) (677.000000 -494.000000 -630.000000) (1244.000000 -494.000000 -630.000000) 
4 8 10 (1268.000000 -896.000000 -672.000000) (1268.000000 -896.000000 -630.000000) (1244.000000 -896.000000 -630.000000) (1244.000000 -896.000000 -672.000000) 
4 8 9 (1244.000000 -626.000000 -672.000000) (1244.000000 -896.000000 -672.000000) (1244.000000 -896.000000 -630.000000) (1244.000000 -626.000000 -630.000000) 
4 9 38 (677.000000 -896.000000 -672.000000) (677.000000 -896.000000 -630.000000) (677.000000 -706.000000 -630.000000) (677.000000 -706.000000 -672.000000) 
4 9 19 (677.000000 -494.000000 -666.000000) (677.000000 -494.000000 -672.000000) (677.000000 -618.000000 -672.000000) (677.000000 -618.000000 -666.000000) 
4 9 20 (677.000000 -706.000000 -630.000000) (677.000000 -618.000000 -630.000000) (677.000000 -618.000000 -672.000000) (677.000000 -706.000000 -672.000000) 
4 9 11 (1088.000000 -896.000000 -630.000000) (677.000000 -896.000000 -630.000000) (677.000000 -896.000000 -672.000000) (1088.000000 -896.000000 -672.000000) 
4 9 10 (1244.000000 -896.000000 -630.000000) (1120.000000 -896.000000 -630.000000) (1120.000000 -896.000000 -672.000000) (1244.000000 -896.000000 -672.000000) 
4 11 38 (677.000000 -928.000000 160.000000) (677.000000 -896.000000 160.000000) (677.000000 -896.000000 -672.000000) (677.000000 -928.000000 -672.000000) 
4 12 24 (20.000000 14.000000 -618.000000) (20.000000 14.000000 160.000000) (20.000000 416.000000 160.000000) (20.000000 416.000000 -618.000000) 
4 12 17 (677.000000 14.000000 -618.000000) (677.000000 14.000000 160.000000) (20.000000 14.000000 160.000000) (20.000000 14.000000 -618.000000) 
4 12 15 (148.000000 14.000000 -618.000000) (20.000000 14.000000 -618.000000) (20.000000 146.000000 -618.000000) (148.000000 146.000000 -618.000000) 
4 12 14 (20.000000 146.000000 -618.000000) (20.000000 416.000000 -618.000000) (172.000000 416.000000 -618.000000) (172.000000 146.000000 -618.000000) 
4 12 13 (677.000000 14.000000 -618.000000) (172.000000 14.000000 -618.000000) (172.000000 416.000000 -618.000000) (677.000000 416.000000 -618.000000) 
4 13 18 (677.000000 14.000000 -662.000000) (677.000000 14.000000 -622.000000) (172.000000 14.000000 -622.000000) (172.000000 14.000000 -662.000000) 
4 13 17 (677.000000 14.000000 -622.000000) (677.000000 14.000000 -618.000000) (172.000000 14.000000 -618.000000) (172.000000 14.000000 -622.000000) 
4 13 16 (172.000000 416.000000 -662.000000) (677.000000 416.000000 -662.000000) (677.000000 14.000000 -662.000000) (172.000000 14.000000 -662.000000) 
4 13 14 (172.000000 416.000000 -618.000000) (172.000000 416.000000 -662.000000) (172.000000 146.000000 -662.000000) (172.000000 146.000000 -618.000000) 
4 14 24 (20.000000 146.000000 -618.000000) (20.000000 416.000000 -618.000000) (20.000000 416.000000 -662.000000) (20.000000 146.000000 -662.000000) 
4 14 16 (20.000000 146.000000 -662.000000) (20.000000 416.000000 -662.000000) (172.000000 416.000000 -662.000000) (172.000000 146.000000 -662.000000) 
4 14 15 (20.000000 146.000000 -662.000000) (148.000000 146.000000 -662.000000) (148.000000 146.000000 -618.000000) (20.000000 146.000000 -618.000000) 
4 15 24 (20.000000 14.000000 -662.000000) (20.000000 14.000000 -618.000000) (20.000000 146.000000 -618.000000) (20.000000 146.000000 -662.000000) 
4 15 18 (20.000000 14.000000 -622.000000) (20.000000 14.000000 -662.000000) (148.000000 14.000000 -662.000000) (148.000000 14.000000 -622.000000) 
4 15 17 (148.000000 14.000000 -618.000000) (20.000000 14.000000 -618.000000) (20.000000 14.000000 -622.000000) (148.000000 14.000000 -622.000000) 
4 15 16 (20.000000 14.000000 -662.000000) (20.000000 146.000000 -662.000000) (148.000000 146.000000 -662.000000) (148.000000 14.000000 -662.000000) 
4 16 24 (20.000000 14.000000 -672.000000) (20.000000 14.000000 -662.000000) (20.000000 416.000000 -662.000000) (20.000000 416.000000 -672.000000) 
4 16 18 (677.000000 14.000000 -672.000000) (677.000000 14.000000 -662.000000) (20.000000 14.000000 -662.000000) (20.000000 14.000000 -672.000000) 
4 17 38 (677.000000 -706.000000 -622.000000) (677.000000 -706.000000 160.000000) (20.000000 -706.000000 160.000000) (20.000000 -706.000000 -622.000000) 
4 17 37 (20.000000 -706.000000 -622.000000) (20.000000 -706.000000 -320.000000) (20.000000 -128.000000 -320.000000) (20.000000 -128.000000 -622.000000) 
4 17 30 (20.000000 -256.000000 -263.000000) (20.000000 -128.000000 -263.000000) (20.000000 -128.000000 -320.000000) (20.000000 -256.000000 -320.000000) 
4 17 35 (20.000000 -706.000000 -320.000000) (20.000000 -706.000000 -263.000000) (20.000000 -256.000000 -263.000000) (20.000000 -256.000000 -320.000000) 
4 17 26 (20.000000 -257.000000 -195.000000) (20.000000 -128.000000 -195.000000) (20.000000 -128.000000 -263.000000) (20.000000 -257.000000 -263.000000) 
4 17 28 (20.000000 -706.000000 -263.000000) (20.000000 -706.000000 -195.000000) (20.000000 -257.000000 -195.000000) (20.000000 -257.000000 -263.000000) 
4 17 25 (20.000000 -706.000000 -195.000000) (20.000000 -706.000000 160.000000) (20.000000 -128.000000 160.000000) (20.000000 -128.000000 -195.000000) 
4 17 24 (20.000000 -128.000000 160.000000) (20.000000 14.000000 160.000000) (20.000000 14.000000 -622.000000) (20.000000 -128.000000 -622.000000) 
4 17 22 (20.000000 -574.000000 -622.000000) (20.000000 -486.000000 -622.000000) (44.000000 -486.000000 -622.000000) (44.000000 -574.000000 -622.000000) 
4 17 20 (677.000000 -618.000000 -622.000000) (677.000000 -706.000000 -622.000000) (653.000000 -706.000000 -622.000000) (653.000000 -618.000000 -622.000000) 
4 17 21 (44.000000 -486.000000 -622.000000) (653.000000 -486.000000 -622.000000) (653.000000 -706.000000 -622.000000) (44.000000 -706.000000 -622.000000) 
4 17 18 (20.000000 -486.000000 -622.000000) (20.000000 14.000000 -622.000000) (677.000000 14.000000 -622.000000) (677.000000 -486.000000 -622.000000) 
4 18 37 (20.000000 -486.000000 -622.000000) (20.000000 -128.000000 -622.000000) (20.000000 -128.000000 -672.000000) (20.000000 -486.000000 -672.000000) 
4 18 24 (20.000000 -128.000000 -622.000000) (20.000000 14.000000 -622.000000) (20.000000 14.000000 -672.000000) (20.000000 -128.000000 -672.000000) 
4 18 22 (20.000000 -486.000000 -622.000000) (20.000000 -486.000000 -672.000000) (44.000000 -486.000000 -672.000000) (44.000000 -486.000000 -622.000000) 
4 18 19 (653.000000 -486.000000 -672.000000) (677.000000 -486.000000 -672.000000) (677.000000 -486.000000 -666.000000) (653.000000 -486.000000 -666.000000) 
4 18 21 (44.000000 -486.000000 -672.000000) (653.000000 -486.000000 -672.000000) (653.000000 -486.000000 -622.000000) (44.000000 -486.000000 -622.000000) 
4 19 20 (653.000000 -618.000000 -672.000000) (677.000000 -618.000000 -672.000000) (677.000000 -618.000000 -666.000000) (653.000000 -618.000000 -666.000000) 
4 19 21 (653.000000 -486.000000 -666.000000) (653.000000 -486.000000 -672.000000) (653.000000 -618.000000 -672.000000) (653.000000 -618.000000 -666.000000) 
4 20 38 (677.000000 -706.000000 -672.000000) (677.000000 -706.000000 -622.000000) (653.000000 -706.000000 -622.000000) (653.000000 -706.000000 -672.000000) 
4 20 21 (653.000000 -618.000000 -672.000000) (653.000000 -706.000000 -672.000000) (653.000000 -706.000000 -622.000000) (653.000000 -618.000000 -622.000000) 
4 21 38 (653.000000 -706.000000 -622.000000) (44.000000 -706.000000 -622.000000) (44.000000 -706.000000 -672.000000) (653.000000 -706.000000 -672.000000) 
4 21 23 (44.000000 -574.000000 -672.000000) (44.000000 -706.000000 -672.000000) (44.000000 -706.000000 -666.000000) (44.000000 -574.000000 -666.000000) 
4 21 22 (44.000000 -486.000000 -672.000000) (44.000000 -574.000000 -672.000000) (44.000000 -574.000000 -622.000000) (44.000000 -486.000000 -622.000000) 
4 22 37 (20.000000 -574.000000 -622.000000) (20.000000 -486.000000 -622.000000) (20.000000 -486.000000 -672.000000) (20.000000 -574.000000 -672.000000) 
4 22 23 (20.000000 -574.000000 -666.000000) (20.000000 -574.000000 -672.000000) (44.000000 -574.000000 -672.000000) (44.000000 -574.000000 -666.000000) 
4 23 38 (20.000000 -706.000000 -666.000000) (20.000000 -706.000000 -672.000000) (44.000000 -706.000000 -672.000000) (44.000000 -706.000000 -666.000000) 
4 23 37 (20.000000 -706.000000 -672.000000) (20.000000 -706.000000 -666.000000) (20.000000 -574.000000 -666.000000) (20.000000 -574.000000 -672.000000) 
4 24 37 (20.000000 -128.000000 -672.000000) (20.000000 -128.000000 -320.000000) (-672.000000 -128.000000 -320.000000) (-672.000000 -128.000000 -672.000000) 
4 24 32 (-261.000000 -128.000000 -263.000000) (-379.000000 -128.000000 -263.000000) (-379.000000 -128.000000 -264.000000) (-261.000000 -128.000000 -264.000000) 
4 24 31 (-256.000000 -128.000000 -263.000000) (-261.000000 -128.000000 -263.000000) (-261.000000 -128.000000 -272.000000) (-256.000000 -128.000000 -272.000000) 
4 24 30 (20.000000 -128.000000 -320.000000) (20.000000 -128.000000 -263.000000) (-256.000000 -128.000000 -263.000000) (-256.000000 -128.000000 -320.000000) 
4 24 36 (-384.000000 -128.000000 -263.000000) (-672.000000 -128.000000 -263.000000) (-672.000000 -128.000000 -320.000000) (-384.000000 -128.000000 -320.000000) 
4 24 27 (-385.000000 -128.000000 -205.000000) (-385.000000 -128.000000 -263.000000) (-254.000000 -128.000000 -263.000000) (-254.000000 -128.000000 -205.000000) 
4 24 26 (20.000000 -128.000000 -263.000000) (20.000000 -128.000000 -195.000000) (-254.000000 -128.000000 -195.000000) (-254.000000 -128.000000 -263.000000) 
4 24 29 (-385.000000 -128.000000 -195.000000) (-672.000000 -128.000000 -195.000000) (-672.000000 -128.000000 -263.000000) (-385.000000 -128.000000 -263.000000) 
4 24 25 (20.000000 -128.000000 -195.000000) (20.000000 -128.000000 160.000000) (-672.000000 -128.000000 160.000000) (-672.000000 -128.000000 -195.000000) 
4 25 38 (20.000000 -706.000000 -195.000000) (20.000000 -706.000000 160.000000) (-672.000000 -706.000000 160.000000) (-672.000000 -706.000000 -195.000000) 
4 25 26 (-254.000000 -128.000000 -195.000000) (20.000000 -128.000000 -195.000000) (20.000000 -257.000000 -195.000000) (-254.000000 -257.000000 -195.000000) 
4 25 28 (20.000000 -706.000000 -195.000000) (-385.000000 -706.000000 -195.000000) (-385.000000 -257.000000 -195.000000) (20.000000 -257.000000 -195.000000) 
4 25 29 (-385.000000 -706.000000 -195.000000) (-672.000000 -706.000000 -195.000000) (-672.000000 -128.000000 -195.000000) (-385.000000 -128.000000 -195.000000) 
4 26 30 (-254.000000 -128.000000 -263.000000) (20.000000 -128.000000 -263.000000) (20.000000 -256.000000 -263.000000) (-254.000000 -256.000000 -263.000000) 
4 26 35 (20.000000 -256.000000 -263.000000) (20.000000 -257.000000 -263.000000) (-254.000000 -257.000000 -263.000000) (-254.000000 -256.000000 -263.000000) 
4 26 27 (-254.000000 -128.000000 -263.000000) (-254.000000 -257.000000 -263.000000) (-254.000000 -257.000000 -205.000000) (-254.000000 -128.000000 -205.000000) 
4 26 28 (-254.000000 -257.000000 -263.000000) (20.000000 -257.000000 -263.000000) (20.000000 -257.000000 -195.000000) (-254.000000 -257.000000 -195.000000) 
4 27 34 (-261.000000 -251.000000 -263.000000) (-261.000000 -256.000000 -263.000000) (-379.000000 -256.000000 -263.000000) (-379.000000 -251.000000 -263.000000) 
4 27 33 (-261.000000 -133.000000 -263.000000) (-261.000000 -251.000000 -263.000000) (-379.000000 -251.000000 -263.000000) (-379.000000 -133.000000 -263.000000) 
4 27 32 (-379.000000 -128.000000 -263.000000) (-261.000000 -128.000000 -263.000000) (-261.000000 -133.000000 -263.000000) (-379.000000 -133.000000 -263.000000) 
4 27 31 (-261.000000 -128.000000 -263.000000) (-256.000000 -128.000000 -263.000000) (-256.000000 -256.000000 -263.000000) (-261.000000 -256.000000 -263.000000) 
4 27 30 (-256.000000 -128.000000 -263.000000) (-254.000000 -128.000000 -263.000000) (-254.000000 -256.000000 -263.000000) (-256.000000 -256.000000 -263.000000) 
4 27 35 (-254.000000 -256.000000 -263.000000) (-254.000000 -257.000000 -263.000000) (-384.000000 -257.000000 -263.000000) (-384.000000 -256.000000 -263.000000) 
4 27 36 (-385.000000 -128.000000 -263.000000) (-384.000000 -128.000000 -263.000000) (-384.000000 -257.000000 -263.000000) (-385.000000 -257.000000 -263.000000) 
4 27 29 (-385.000000 -128.000000 -263.000000) (-385.000000 -257.000000 -263.000000) (-385.000000 -257.000000 -205.000000) (-385.000000 -128.000000 -205.000000) 
4 27 28 (-385.000000 -257.000000 -263.000000) (-254.000000 -257.000000 -263.000000) (-254.000000 -257.000000 -205.000000) (-385.000000 -257.000000 -205.000000) 
4 28 38 (20.000000 -706.000000 -263.000000) (20.000000 -706.000000 -195.000000) (-385.000000 -706.000000 -195.000000) (-385.000000 -706.000000 -263.000000) 
4 28 35 (20.000000 -257.000000 -263.000000) (20.000000 -706.000000 -263.000000) (-384.000000 -706.000000 -263.000000) (-384.000000 -257.000000 -263.000000) 
4 28 36 (-384.000000 -706.000000 -263.000000) (-385.000000 -706.000000 -263.000000) (-385.000000 -257.000000 -263.000000) (-384.000000 -257.000000 -263.000000) 
4 28 29 (-385.000000 -257.000000 -263.000000) (-385.000000 -706.000000 -263.000000) (-385.000000 -706.000000 -195.000000) (-385.000000 -257.000000 -195.000000) 
4 29 38 (-385.000000 -706.000000 -195.000000) (-672.000000 -706.000000 -195.000000) (-672.000000 -706.000000 -263.000000) (-385.000000 -706.000000 -263.000000) 
4 29 36 (-672.000000 -128.000000 -263.000000) (-385.000000 -128.000000 -263.000000) (-385.000000 -706.000000 -263.000000) (-672.000000 -706.000000 -263.000000) 
4 30 37 (-256.000000 -128.000000 -320.000000) (20.000000 -128.000000 -320.000000) (20.000000 -256.000000 -320.000000) (-256.000000 -256.000000 -320.000000) 
4 30 31 (-256.000000 -128.000000 -263.000000) (-256.000000 -128.000000 -272.000000) (-256.000000 -256.000000 -272.000000) (-256.000000 -256.000000 -263.000000) 
4 30 35 (-256.000000 -256.000000 -320.000000) (20.000000 -256.000000 -320.000000) (20.000000 -256.000000 -263.000000) (-256.000000 -256.000000 -263.000000) 
4 31 34 (-261.000000 -256.000000 -264.000000) (-261.000000 -256.000000 -263.000000) (-261.000000 -251.000000 -263.000000) (-261.000000 -251.000000 -264.000000) 
4 31 33 (-261.000000 -133.000000 -272.000000) (-261.000000 -251.000000 -272.000000) (-261.000000 -251.000000 -263.000000) (-261.000000 -133.000000 -263.000000) 
4 31 32 (-261.000000 -128.000000 -263.000000) (-261.000000 -128.000000 -264.000000) (-261.000000 -133.000000 -264.000000) (-261.000000 -133.000000 -263.000000) 
4 31 35 (-256.000000 -256.000000 -272.000000) (-256.000000 -256.000000 -263.000000) (-261.000000 -256.000000 -263.000000) (-261.000000 -256.000000 -272.000000) 
4 32 33 (-379.000000 -133.000000 -263.000000) (-379.000000 -133.000000 -264.000000) (-261.000000 -133.000000 -264.000000) (-261.000000 -133.000000 -263.000000) 
4 33 34 (-261.000000 -251.000000 -264.000000) (-261.000000 -251.000000 -263.000000) (-379.000000 -251.000000 -263.000000) (-379.000000 -251.000000 -264.000000) 
4 34 35 (-261.000000 -256.000000 -264.000000) (-261.000000 -256.000000 -263.000000) (-379.000000 -256.000000 -263.000000) (-379.000000 -256.000000 -264.000000) 
4 35 38 (20.000000 -706.000000 -320.000000) (20.000000 -706.000000 -263.000000) (-384.000000 -706.000000 -263.000000) (-384.000000 -706.000000 -320.000000) 
4 35 37 (20.000000 -706.000000 -320.000000) (-384.000000 -706.000000 -320.000000) (-384.000000 -256.000000 -320.000000) (20.000000 -256.000000 -320.000000) 
4 35 36 (-384.000000 -256.000000 -320.000000) (-384.000000 -706.000000 -320.000000) (-384.000000 -706.000000 -263.000000) (-384.000000 -256.000000 -263.000000) 
4 36 38 (-384.000000 -706.000000 -263.000000) (-672.000000 -706.000000 -263.000000) (-672.000000 -706.000000 -320.000000) (-384.000000 -706.000000 -320.000000) 
4 36 37 (-384.000000 -706.000000 -320.000000) (-672.000000 -706.000000 -320.000000) (-672.000000 -128.000000 -320.000000) (-384.000000 -128.000000 -320.000000) 
4 37 38 (20.000000 -706.000000 -672.000000) (20.000000 -706.000000 -320.000000) (-672.000000 -706.000000 -320.000000) (-672.000000 -706.000000 -672.000000) 
