PRT1
374
1120
4 0 13 (1184 753.333008 -502 ) (1184 528 -502 ) (1184 528 -64 ) (1184 753.333008 -64 ) 
4 0 4 (1184 528 -64 ) (1184 528 758 ) (1184 753.333008 758 ) (1184 753.333008 -64 ) 
4 0 2 (1200 528 416 ) (1200 528 758 ) (1184 528 758 ) (1184 528 416 ) 
4 0 3 (1184 528 -502 ) (1200 528 -502 ) (1200 528 -128 ) (1184 528 -128 ) 
4 0 1 (1200 528 -502 ) (1523.430054 528 -502 ) (1523.430054 528 758 ) (1200 528 758 ) 
4 1 57 (1200 0 -128 ) (1200 0 -502 ) (1523.430054 0 -502 ) (1523.430054 0 -128 ) 
4 1 47 (1200 0 416 ) (1200 0 -128 ) (1248 0 -128 ) (1248 0 416 ) 
4 1 46 (1248 0 -128 ) (1523.430054 0 -128 ) (1523.430054 0 416 ) (1248 0 416 ) 
4 1 45 (1523.430054 0 758 ) (1200 0 758 ) (1200 0 416 ) (1523.430054 0 416 ) 
4 1 2 (1200 528 758 ) (1200 528 416 ) (1200 0 416 ) (1200 0 758 ) 
4 1 3 (1200 528 -128 ) (1200 528 -502 ) (1200 0 -502 ) (1200 0 -128 ) 
4 2 45 (1200 0 758 ) (1184 0 758 ) (1184 0 416 ) (1200 0 416 ) 
4 2 11 (1184 0 416 ) (1184 0 758 ) (1184 48 758 ) (1184 48 416 ) 
4 2 6 (1184 48 758 ) (1184 512 758 ) (1184 512 416 ) (1184 48 416 ) 
4 2 5 (1184 512 758 ) (1184 528 758 ) (1184 528 416 ) (1184 512 416 ) 
4 3 57 (1184 0 -128 ) (1184 0 -502 ) (1200 0 -502 ) (1200 0 -128 ) 
4 3 15 (1184 512 -502 ) (1184 0 -502 ) (1184 0 -128 ) (1184 512 -128 ) 
4 3 14 (1184 528 -502 ) (1184 512 -502 ) (1184 512 -128 ) (1184 528 -128 ) 
4 4 32 (1024 753.333008 0 ) (1024 753.333008 -64 ) (1024 528 -64 ) (1024 528 0 ) 
4 4 16 (1024 528 758 ) (1024 753.333008 758 ) (1024 753.333008 0 ) (1024 528 0 ) 
4 4 13 (1024 528 -64 ) (1024 753.333008 -64 ) (1184 753.333008 -64 ) (1184 528 -64 ) 
4 4 5 (1184 528 416 ) (1184 528 758 ) (1024 528 758 ) (1024 528 416 ) 
4 5 17 (1024 512 758 ) (1024 528 758 ) (1024 528 416 ) (1024 512 416 ) 
4 5 6 (1184 512 416 ) (1184 512 758 ) (1024 512 758 ) (1024 512 416 ) 
4 6 21 (1024 48 758 ) (1024 416 758 ) (1024 416 160 ) (1024 48 160 ) 
4 6 18 (1024 416 758 ) (1024 512 758 ) (1024 512 160 ) (1024 416 160 ) 
4 6 11 (1184 48 160 ) (1184 48 758 ) (1024 48 758 ) (1024 48 160 ) 
4 7 22 (1024 416 0 ) (1024 48 0 ) (1024 48 128 ) (1024 416 128 ) 
4 7 19 (1024 512 128 ) (1024 512 0 ) (1024 416 0 ) (1024 416 128 ) 
4 7 12 (1184 48 0 ) (1184 48 128 ) (1024 48 128 ) (1024 48 0 ) 
4 7 10 (1056 48 0 ) (1024 48 0 ) (1024 96 0 ) (1056 96 0 ) 
4 7 9 (1088 48 0 ) (1056 48 0 ) (1056 96 0 ) (1088 96 0 ) 
4 7 8 (1024 96 0 ) (1024 512 0 ) (1184 512 0 ) (1184 96 0 ) 
4 8 33 (1024 512 0 ) (1024 512 -64 ) (1024 96 -64 ) (1024 96 0 ) 
4 8 10 (1056 96 -32 ) (1056 96 0 ) (1024 96 0 ) (1024 96 -32 ) 
4 8 9 (1088 96 -16 ) (1088 96 0 ) (1056 96 0 ) (1056 96 -16 ) 
4 9 10 (1056 96 0 ) (1056 96 -16 ) (1056 48 -16 ) (1056 48 0 ) 
4 10 34 (1024 48 -32 ) (1024 48 0 ) (1024 96 0 ) (1024 96 -32 ) 
4 11 49 (1184 0 160 ) (1184 0 416 ) (1024 0 416 ) (1024 0 160 ) 
4 11 45 (1184 0 416 ) (1184 0 758 ) (1024 0 758 ) (1024 0 416 ) 
4 11 21 (1024 0 160 ) (1024 0 758 ) (1024 48 758 ) (1024 48 160 ) 
4 12 50 (1184 0 0 ) (1184 0 128 ) (1024 0 128 ) (1024 0 0 ) 
4 12 22 (1024 0 0 ) (1024 0 128 ) (1024 48 128 ) (1024 48 0 ) 
4 13 42 (1024 528 -64 ) (1024 753.333008 -64 ) (1024 753.333008 -502 ) (1024 528 -502 ) 
4 13 14 (1024 528 -502 ) (1184 528 -502 ) (1184 528 -128 ) (1024 528 -128 ) 
4 14 43 (1024 528 -128 ) (1024 528 -502 ) (1024 512 -502 ) (1024 512 -128 ) 
4 14 15 (1024 512 -502 ) (1184 512 -502 ) (1184 512 -128 ) (1024 512 -128 ) 
4 15 57 (1184 0 -502 ) (1184 0 -128 ) (1024 0 -128 ) (1024 0 -502 ) 
4 15 44 (1024 0 -502 ) (1024 0 -128 ) (1024 512 -128 ) (1024 512 -502 ) 
4 16 159 (0 528 758 ) (0 753.333008 758 ) (0 753.333008 0 ) (0 528 0 ) 
4 16 37 (16 528 0 ) (0 528 0 ) (0 753.333008 0 ) (16 753.333008 0 ) 
4 16 32 (1024 753.333008 0 ) (1024 528 0 ) (16 528 0 ) (16 753.333008 0 ) 
4 16 17 (1024 528 416 ) (1024 528 758 ) (0 528 758 ) (0 528 416 ) 
4 17 160 (0 512 758 ) (0 528 758 ) (0 528 416 ) (0 512 416 ) 
4 17 18 (1024 512 416 ) (1024 512 758 ) (256 512 758 ) (256 512 416 ) 
4 17 20 (256 512 758 ) (0 512 758 ) (0 512 416 ) (256 512 416 ) 
4 18 21 (1024 416 160 ) (1024 416 758 ) (256 416 758 ) (256 416 160 ) 
4 18 20 (256 512 758 ) (256 512 160 ) (256 416 160 ) (256 416 758 ) 
4 19 33 (1024 512 0 ) (1024 416 0 ) (992 416 0 ) (992 512 0 ) 
4 19 35 (992 416 0 ) (256 416 0 ) (256 512 0 ) (992 512 0 ) 
4 19 22 (256 416 0 ) (1024 416 0 ) (1024 416 128 ) (256 416 128 ) 
4 19 20 (256 512 128 ) (256 512 0 ) (256 416 0 ) (256 416 128 ) 
4 20 164 (0 512 54 ) (0 512 0 ) (0 416 0 ) (0 416 54 ) 
4 20 161 (0 416 758 ) (0 512 758 ) (0 512 54 ) (0 416 54 ) 
4 20 38 (16 416 0 ) (0 416 0 ) (0 512 0 ) (16 512 0 ) 
4 20 36 (256 416 0 ) (16 416 0 ) (16 512 0 ) (256 512 0 ) 
4 20 29 (64 416 32 ) (64 416 758 ) (16 416 758 ) (16 416 32 ) 
4 20 30 (0 416 0 ) (16 416 0 ) (16 416 758 ) (0 416 758 ) 
4 20 28 (112 416 64 ) (112 416 758 ) (64 416 758 ) (64 416 64 ) 
4 20 27 (160 416 96 ) (160 416 758 ) (112 416 758 ) (112 416 96 ) 
4 20 25 (208 416 128 ) (208 416 758 ) (160 416 758 ) (160 416 128 ) 
4 20 23 (256 416 160 ) (256 416 758 ) (208 416 758 ) (208 416 160 ) 
4 21 59 (1024 0 160 ) (1024 0 416 ) (256 0 416 ) (256 0 160 ) 
4 21 58 (1024 0 416 ) (1024 0 758 ) (256 0 758 ) (256 0 416 ) 
4 21 23 (256 416 758 ) (256 416 160 ) (256 48 160 ) (256 48 758 ) 
4 21 24 (256 48 160 ) (256 0 160 ) (256 0 758 ) (256 48 758 ) 
4 22 60 (1024 0 0 ) (1024 0 128 ) (256 0 128 ) (256 0 0 ) 
4 22 34 (1024 96 0 ) (1024 48 0 ) (992 48 0 ) (992 96 0 ) 
4 22 33 (1024 416 0 ) (1024 96 0 ) (992 96 0 ) (992 416 0 ) 
4 22 35 (992 48 0 ) (256 48 0 ) (256 416 0 ) (992 416 0 ) 
4 22 24 (256 48 0 ) (256 0 0 ) (256 0 128 ) (256 48 128 ) 
4 23 25 (208 416 758 ) (208 416 160 ) (208 48 160 ) (208 48 758 ) 
4 23 24 (208 48 758 ) (208 48 160 ) (256 48 160 ) (256 48 758 ) 
4 24 61 (208 0 416 ) (208 0 0 ) (256 0 0 ) (256 0 416 ) 
4 24 58 (256 0 758 ) (208 0 758 ) (208 0 416 ) (256 0 416 ) 
4 24 26 (208 48 0 ) (208 0 0 ) (208 0 758 ) (208 48 758 ) 
4 25 27 (160 416 758 ) (160 416 128 ) (160 48 128 ) (160 48 758 ) 
4 25 26 (160 48 758 ) (160 48 128 ) (208 48 128 ) (208 48 758 ) 
4 26 63 (160 0 416 ) (160 0 0 ) (208 0 0 ) (208 0 416 ) 
4 26 58 (208 0 758 ) (160 0 758 ) (160 0 416 ) (208 0 416 ) 
4 26 31 (160 48 0 ) (160 0 0 ) (160 0 758 ) (160 48 758 ) 
4 27 28 (112 416 758 ) (112 416 96 ) (112 48 96 ) (112 48 758 ) 
4 27 31 (160 48 96 ) (160 48 758 ) (112 48 758 ) (112 48 96 ) 
4 28 29 (64 416 758 ) (64 416 64 ) (64 48 64 ) (64 48 758 ) 
4 28 31 (112 48 64 ) (112 48 758 ) (64 48 758 ) (64 48 64 ) 
4 29 30 (16 416 758 ) (16 416 32 ) (16 48 32 ) (16 48 758 ) 
4 29 31 (64 48 32 ) (64 48 758 ) (16 48 758 ) (16 48 32 ) 
4 30 168 (0 288 0 ) (0 48 0 ) (0 48 54 ) (0 288 54 ) 
4 30 167 (0 320 0 ) (0 288 0 ) (0 288 54 ) (0 320 54 ) 
4 30 166 (0 352 0 ) (0 320 0 ) (0 320 54 ) (0 352 54 ) 
4 30 165 (0 384 0 ) (0 352 0 ) (0 352 54 ) (0 384 54 ) 
4 30 164 (0 416 54 ) (0 416 0 ) (0 384 0 ) (0 384 54 ) 
4 30 161 (0 48 758 ) (0 416 758 ) (0 416 54 ) (0 48 54 ) 
4 30 41 (0 288 0 ) (0 320 0 ) (16 320 0 ) (16 288 0 ) 
4 30 40 (0 320 0 ) (0 352 0 ) (16 352 0 ) (16 320 0 ) 
4 30 39 (0 352 0 ) (0 384 0 ) (16 384 0 ) (16 352 0 ) 
4 30 38 (0 384 0 ) (0 416 0 ) (16 416 0 ) (16 384 0 ) 
4 30 31 (0 48 0 ) (16 48 0 ) (16 48 758 ) (0 48 758 ) 
4 31 168 (0 0 0 ) (0 0 54 ) (0 48 54 ) (0 48 0 ) 
4 31 161 (0 0 54 ) (0 0 758 ) (0 48 758 ) (0 48 54 ) 
4 31 65 (0 0 416 ) (0 0 0 ) (160 0 0 ) (160 0 416 ) 
4 31 58 (160 0 758 ) (0 0 758 ) (0 0 416 ) (160 0 416 ) 
4 32 42 (16 528 -64 ) (16 753.333008 -64 ) (1024 753.333008 -64 ) (1024 528 -64 ) 
4 32 37 (16 753.333008 -64 ) (16 528 -64 ) (16 528 0 ) (16 753.333008 0 ) 
4 33 34 (992 96 0 ) (992 96 -48 ) (1024 96 -48 ) (1024 96 0 ) 
4 33 35 (992 512 0 ) (992 512 -64 ) (992 96 -64 ) (992 96 0 ) 
4 34 35 (992 48 -48 ) (992 48 0 ) (992 96 0 ) (992 96 -48 ) 
4 35 36 (256 512 0 ) (256 512 -64 ) (256 416 -64 ) (256 416 0 ) 
4 36 38 (16 512 -64 ) (16 416 -64 ) (16 416 0 ) (16 512 0 ) 
4 37 159 (0 528 0 ) (0 753.333008 0 ) (0 753.333008 -64 ) (0 528 -64 ) 
4 37 42 (0 528 -64 ) (0 753.333008 -64 ) (16 753.333008 -64 ) (16 528 -64 ) 
4 38 164 (0 384 0 ) (0 512 0 ) (0 512 -64 ) (0 384 -64 ) 
4 38 39 (16 384 -48 ) (16 384 0 ) (0 384 0 ) (0 384 -48 ) 
4 39 165 (0 352 0 ) (0 384 0 ) (0 384 -48 ) (0 352 -48 ) 
4 39 40 (16 352 -32 ) (16 352 0 ) (0 352 0 ) (0 352 -32 ) 
4 40 166 (0 320 0 ) (0 352 0 ) (0 352 -32 ) (0 320 -32 ) 
4 40 41 (16 320 -16 ) (16 320 0 ) (0 320 0 ) (0 320 -16 ) 
4 41 167 (0 288 0 ) (0 320 0 ) (0 320 -16 ) (0 288 -16 ) 
4 42 169 (0 528 -64 ) (0 753.333008 -64 ) (0 753.333008 -502 ) (0 528 -502 ) 
4 42 43 (0 528 -502 ) (1024 528 -502 ) (1024 528 -128 ) (0 528 -128 ) 
4 43 170 (0 528 -128 ) (0 528 -502 ) (0 512 -502 ) (0 512 -128 ) 
4 43 44 (0 512 -502 ) (1024 512 -502 ) (1024 512 -128 ) (0 512 -128 ) 
4 44 171 (0 0 -502 ) (0 0 -128 ) (0 512 -128 ) (0 512 -502 ) 
4 44 92 (1024 0 -502 ) (1024 0 -128 ) (0 0 -128 ) (0 0 -502 ) 
4 45 96 (1248 -1024 758 ) (1024 -1024 758 ) (1024 -1024 416 ) (1248 -1024 416 ) 
4 45 95 (1523.430054 -1024 758 ) (1248 -1024 758 ) (1248 -1024 416 ) (1523.430054 -1024 416 ) 
4 45 74 (1024 -928 416 ) (1024 -1024 416 ) (1024 -1024 758 ) (1024 -928 758 ) 
4 45 58 (1024 0 758 ) (1024 0 416 ) (1024 -928 416 ) (1024 -928 758 ) 
4 45 56 (1024 -640 416 ) (1024 -512 416 ) (1184 -512 416 ) (1184 -640 416 ) 
4 45 51 (1024 -496 416 ) (1024 -48 416 ) (1184 -48 416 ) (1184 -496 416 ) 
4 45 49 (1024 -48 416 ) (1024 0 416 ) (1184 0 416 ) (1184 -48 416 ) 
4 45 48 (1184 -640 416 ) (1184 -512 416 ) (1248 -512 416 ) (1248 -640 416 ) 
4 45 47 (1200 0 416 ) (1248 0 416 ) (1248 -512 416 ) (1200 -512 416 ) 
4 45 46 (1523.430054 -1024 416 ) (1248 -1024 416 ) (1248 0 416 ) (1523.430054 0 416 ) 
4 46 95 (1523.430054 -1024 416 ) (1248 -1024 416 ) (1248 -1024 -128 ) (1523.430054 -1024 -128 ) 
4 46 57 (1248 0 -128 ) (1523.430054 0 -128 ) (1523.430054 -1024 -128 ) (1248 -1024 -128 ) 
4 46 48 (1248 -512 -128 ) (1248 -640 -128 ) (1248 -640 416 ) (1248 -512 416 ) 
4 46 47 (1248 0 -128 ) (1248 -512 -128 ) (1248 -512 416 ) (1248 0 416 ) 
4 47 57 (1200 0 -128 ) (1248 0 -128 ) (1248 -512 -128 ) (1200 -512 -128 ) 
4 47 48 (1200 -512 -128 ) (1248 -512 -128 ) (1248 -512 416 ) (1200 -512 416 ) 
4 48 57 (1248 -512 -128 ) (1248 -640 -128 ) (1184 -640 -128 ) (1184 -512 -128 ) 
4 48 56 (1184 -512 -128 ) (1184 -640 -128 ) (1184 -640 416 ) (1184 -512 416 ) 
4 49 59 (1024 0 416 ) (1024 0 160 ) (1024 -48 160 ) (1024 -48 416 ) 
4 49 51 (1184 -48 160 ) (1184 -48 416 ) (1024 -48 416 ) (1024 -48 160 ) 
4 50 60 (1024 0 128 ) (1024 0 0 ) (1024 -48 0 ) (1024 -48 128 ) 
4 50 52 (1184 -48 0 ) (1184 -48 128 ) (1024 -48 128 ) (1024 -48 0 ) 
4 51 70 (1024 -496 160 ) (1024 -496 416 ) (1024 -416 416 ) (1024 -416 160 ) 
4 51 59 (1024 -416 416 ) (1024 -48 416 ) (1024 -48 160 ) (1024 -416 160 ) 
4 52 71 (1024 -496 0 ) (1024 -496 128 ) (1024 -416 128 ) (1024 -416 0 ) 
4 52 60 (1024 -416 128 ) (1024 -48 128 ) (1024 -48 0 ) (1024 -416 0 ) 
4 52 54 (1024 -96 0 ) (1024 -48 0 ) (1056 -48 0 ) (1056 -96 0 ) 
4 52 53 (1056 -48 0 ) (1088 -48 0 ) (1088 -96 0 ) (1056 -96 0 ) 
4 52 55 (1184 -496 0 ) (1024 -496 0 ) (1024 -96 0 ) (1184 -96 0 ) 
4 53 54 (1056 -96 -16 ) (1056 -96 0 ) (1056 -48 0 ) (1056 -48 -16 ) 
4 53 55 (1088 -96 -16 ) (1088 -96 0 ) (1056 -96 0 ) (1056 -96 -16 ) 
4 54 79 (1024 -96 -32 ) (1024 -96 0 ) (1024 -48 0 ) (1024 -48 -32 ) 
4 54 55 (1056 -96 -32 ) (1056 -96 0 ) (1024 -96 0 ) (1024 -96 -32 ) 
4 55 80 (1024 -96 -64 ) (1024 -496 -64 ) (1024 -496 0 ) (1024 -96 0 ) 
4 56 91 (1024 -512 -128 ) (1024 -640 -128 ) (1024 -640 -64 ) (1024 -512 -64 ) 
4 56 83 (1024 -640 -64 ) (1024 -640 0 ) (1024 -512 0 ) (1024 -512 -64 ) 
4 56 73 (1024 -640 0 ) (1024 -640 416 ) (1024 -512 416 ) (1024 -512 0 ) 
4 56 57 (1184 -512 -128 ) (1184 -640 -128 ) (1024 -640 -128 ) (1024 -512 -128 ) 
4 57 97 (1248 -1024 -128 ) (1024 -1024 -128 ) (1024 -1024 -502 ) (1248 -1024 -502 ) 
4 57 95 (1523.430054 -1024 -128 ) (1248 -1024 -128 ) (1248 -1024 -502 ) (1523.430054 -1024 -502 ) 
4 57 94 (1024 -928 -502 ) (1024 -1024 -502 ) (1024 -1024 -224 ) (1024 -928 -224 ) 
4 57 93 (1024 -1024 -224 ) (1024 -1024 -128 ) (1024 -928 -128 ) (1024 -928 -224 ) 
4 57 92 (1024 0 -128 ) (1024 0 -502 ) (1024 -928 -502 ) (1024 -928 -128 ) 
4 58 252 (0 -496 416 ) (0 -928 416 ) (0 -928 758 ) (0 -496 758 ) 
4 58 210 (0 0 758 ) (0 0 416 ) (0 -496 416 ) (0 -496 758 ) 
4 58 75 (992 -928 758 ) (0 -928 758 ) (0 -928 416 ) (992 -928 416 ) 
4 58 74 (1024 -928 416 ) (1024 -928 758 ) (992 -928 758 ) (992 -928 416 ) 
4 58 73 (0 -640 416 ) (0 -512 416 ) (1024 -512 416 ) (1024 -640 416 ) 
4 58 70 (256 -416 416 ) (1024 -416 416 ) (1024 -496 416 ) (256 -496 416 ) 
4 58 72 (0 -496 416 ) (0 -416 416 ) (256 -416 416 ) (256 -496 416 ) 
4 58 68 (16 -48 416 ) (64 -48 416 ) (64 -416 416 ) (16 -416 416 ) 
4 58 69 (0 -416 416 ) (0 -48 416 ) (16 -48 416 ) (16 -416 416 ) 
4 58 67 (64 -48 416 ) (112 -48 416 ) (112 -416 416 ) (64 -416 416 ) 
4 58 66 (112 -48 416 ) (160 -48 416 ) (160 -416 416 ) (112 -416 416 ) 
4 58 65 (0 -48 416 ) (0 0 416 ) (160 0 416 ) (160 -48 416 ) 
4 58 64 (208 -48 416 ) (208 -416 416 ) (160 -416 416 ) (160 -48 416 ) 
4 58 63 (160 0 416 ) (208 0 416 ) (208 -48 416 ) (160 -48 416 ) 
4 58 62 (256 -48 416 ) (256 -416 416 ) (208 -416 416 ) (208 -48 416 ) 
4 58 61 (208 0 416 ) (256 0 416 ) (256 -48 416 ) (208 -48 416 ) 
4 58 59 (256 0 416 ) (1024 0 416 ) (1024 -416 416 ) (256 -416 416 ) 
4 59 70 (1024 -416 160 ) (1024 -416 416 ) (256 -416 416 ) (256 -416 160 ) 
4 59 62 (256 -416 160 ) (256 -416 416 ) (256 -48 416 ) (256 -48 160 ) 
4 59 61 (256 -48 416 ) (256 0 416 ) (256 0 160 ) (256 -48 160 ) 
4 60 79 (1024 -48 0 ) (1024 -96 0 ) (992 -96 0 ) (992 -48 0 ) 
4 60 80 (1024 -96 0 ) (1024 -416 0 ) (992 -416 0 ) (992 -96 0 ) 
4 60 81 (992 -416 0 ) (256 -416 0 ) (256 -48 0 ) (992 -48 0 ) 
4 60 71 (256 -416 0 ) (1024 -416 0 ) (1024 -416 128 ) (256 -416 128 ) 
4 60 61 (256 0 0 ) (256 -48 0 ) (256 -48 128 ) (256 0 128 ) 
4 61 63 (208 0 0 ) (208 -48 0 ) (208 -48 416 ) (208 0 416 ) 
4 61 62 (208 -48 416 ) (208 -48 160 ) (256 -48 160 ) (256 -48 416 ) 
4 62 72 (256 -416 160 ) (256 -416 416 ) (208 -416 416 ) (208 -416 160 ) 
4 62 64 (208 -416 160 ) (208 -416 416 ) (208 -48 416 ) (208 -48 160 ) 
4 63 65 (160 0 0 ) (160 -48 0 ) (160 -48 416 ) (160 0 416 ) 
4 63 64 (160 -48 416 ) (160 -48 128 ) (208 -48 128 ) (208 -48 416 ) 
4 64 72 (208 -416 128 ) (208 -416 416 ) (160 -416 416 ) (160 -416 128 ) 
4 64 66 (160 -416 128 ) (160 -416 416 ) (160 -48 416 ) (160 -48 128 ) 
4 65 211 (0 0 62 ) (0 0 0 ) (0 -48 0 ) (0 -48 62 ) 
4 65 210 (0 0 416 ) (0 0 62 ) (0 -48 62 ) (0 -48 416 ) 
4 65 68 (64 -48 32 ) (64 -48 416 ) (16 -48 416 ) (16 -48 32 ) 
4 65 69 (0 -48 0 ) (16 -48 0 ) (16 -48 416 ) (0 -48 416 ) 
4 65 67 (112 -48 64 ) (112 -48 416 ) (64 -48 416 ) (64 -48 64 ) 
4 65 66 (160 -48 96 ) (160 -48 416 ) (112 -48 416 ) (112 -48 96 ) 
4 66 72 (160 -416 96 ) (160 -416 416 ) (112 -416 416 ) (112 -416 96 ) 
4 66 67 (112 -48 416 ) (112 -48 96 ) (112 -416 96 ) (112 -416 416 ) 
4 67 72 (112 -416 64 ) (112 -416 416 ) (64 -416 416 ) (64 -416 64 ) 
4 67 68 (64 -48 416 ) (64 -48 64 ) (64 -416 64 ) (64 -416 416 ) 
4 68 72 (64 -416 32 ) (64 -416 416 ) (16 -416 416 ) (16 -416 32 ) 
4 68 69 (16 -48 416 ) (16 -48 32 ) (16 -416 32 ) (16 -416 416 ) 
4 69 211 (0 -48 0 ) (0 -416 0 ) (0 -416 62 ) (0 -48 62 ) 
4 69 210 (0 -416 62 ) (0 -416 416 ) (0 -48 416 ) (0 -48 62 ) 
4 69 87 (0 -368 0 ) (0 -336 0 ) (16 -336 0 ) (16 -368 0 ) 
4 69 88 (0 -416 0 ) (0 -368 0 ) (16 -368 0 ) (16 -416 0 ) 
4 69 86 (0 -336 0 ) (0 -304 0 ) (16 -304 0 ) (16 -336 0 ) 
4 69 85 (0 -304 0 ) (0 -272 0 ) (16 -272 0 ) (16 -304 0 ) 
4 69 72 (0 -416 0 ) (16 -416 0 ) (16 -416 416 ) (0 -416 416 ) 
4 70 72 (256 -416 416 ) (256 -416 160 ) (256 -496 160 ) (256 -496 416 ) 
4 71 80 (992 -416 0 ) (1024 -416 0 ) (1024 -496 0 ) (992 -496 0 ) 
4 71 81 (256 -416 0 ) (992 -416 0 ) (992 -496 0 ) (256 -496 0 ) 
4 71 72 (256 -416 128 ) (256 -416 0 ) (256 -496 0 ) (256 -496 128 ) 
4 72 211 (0 -416 0 ) (0 -496 0 ) (0 -496 62 ) (0 -416 62 ) 
4 72 210 (0 -496 62 ) (0 -496 416 ) (0 -416 416 ) (0 -416 62 ) 
4 72 88 (0 -496 0 ) (0 -416 0 ) (16 -416 0 ) (16 -496 0 ) 
4 72 82 (16 -416 0 ) (256 -416 0 ) (256 -496 0 ) (16 -496 0 ) 
4 73 253 (0 -512 0 ) (0 -640 0 ) (0 -640 416 ) (0 -512 416 ) 
4 73 89 (0 -640 0 ) (0 -512 0 ) (16 -512 0 ) (16 -640 0 ) 
4 73 83 (16 -512 0 ) (1024 -512 0 ) (1024 -640 0 ) (16 -640 0 ) 
4 74 102 (1024 -1024 416 ) (1024 -1024 758 ) (992 -1024 758 ) (992 -1024 416 ) 
4 74 75 (992 -928 758 ) (992 -928 416 ) (992 -1024 416 ) (992 -1024 758 ) 
4 75 252 (0 -1024 416 ) (0 -1024 758 ) (0 -928 758 ) (0 -928 416 ) 
4 75 116 (0 -1024 758 ) (0 -1024 416 ) (112 -1024 416 ) (112 -1024 758 ) 
4 75 113 (112 -1024 416 ) (160 -1024 416 ) (160 -1024 758 ) (112 -1024 758 ) 
4 75 110 (160 -1024 416 ) (208 -1024 416 ) (208 -1024 758 ) (160 -1024 758 ) 
4 75 107 (208 -1024 416 ) (256 -1024 416 ) (256 -1024 758 ) (208 -1024 758 ) 
4 75 102 (256 -1024 416 ) (992 -1024 416 ) (992 -1024 758 ) (256 -1024 758 ) 
4 75 76 (0 -928 416 ) (832 -928 416 ) (832 -1024 416 ) (0 -1024 416 ) 
4 76 259 (0 -1024 160 ) (0 -1024 416 ) (0 -928 416 ) (0 -928 160 ) 
4 76 116 (0 -1024 416 ) (0 -1024 160 ) (112 -1024 160 ) (112 -1024 416 ) 
4 76 113 (112 -1024 160 ) (160 -1024 160 ) (160 -1024 416 ) (112 -1024 416 ) 
4 76 110 (160 -1024 160 ) (208 -1024 160 ) (208 -1024 416 ) (160 -1024 416 ) 
4 76 107 (208 -1024 160 ) (256 -1024 160 ) (256 -1024 416 ) (208 -1024 416 ) 
4 76 103 (256 -1024 160 ) (832 -1024 160 ) (832 -1024 416 ) (256 -1024 416 ) 
4 76 78 (0 -1024 160 ) (0 -928 160 ) (304 -928 160 ) (304 -1024 160 ) 
4 77 104 (304 -1024 0 ) (992 -1024 0 ) (992 -1024 128 ) (304 -1024 128 ) 
4 77 84 (992 -1024 0 ) (304 -1024 0 ) (304 -928 0 ) (992 -928 0 ) 
4 77 78 (304 -928 128 ) (304 -928 0 ) (304 -1024 0 ) (304 -1024 128 ) 
4 78 262 (0 -1024 0 ) (0 -1024 54 ) (0 -928 54 ) (0 -928 0 ) 
4 78 259 (0 -1024 54 ) (0 -1024 160 ) (0 -928 160 ) (0 -928 54 ) 
4 78 119 (0 -1024 32 ) (0 -1024 0 ) (64 -1024 0 ) (64 -1024 32 ) 
4 78 116 (0 -1024 160 ) (0 -1024 32 ) (112 -1024 32 ) (112 -1024 160 ) 
4 78 113 (160 -1024 64 ) (160 -1024 160 ) (112 -1024 160 ) (112 -1024 64 ) 
4 78 110 (208 -1024 96 ) (208 -1024 160 ) (160 -1024 160 ) (160 -1024 96 ) 
4 78 107 (256 -1024 128 ) (256 -1024 160 ) (208 -1024 160 ) (208 -1024 128 ) 
4 78 90 (16 -1024 0 ) (0 -1024 0 ) (0 -928 0 ) (16 -928 0 ) 
4 78 84 (304 -1024 0 ) (16 -1024 0 ) (16 -928 0 ) (304 -928 0 ) 
4 79 80 (992 -96 0 ) (992 -96 -48 ) (1024 -96 -48 ) (1024 -96 0 ) 
4 79 81 (992 -48 0 ) (992 -48 -48 ) (992 -96 -48 ) (992 -96 0 ) 
4 80 81 (992 -96 -64 ) (992 -496 -64 ) (992 -496 0 ) (992 -96 0 ) 
4 81 82 (256 -416 -64 ) (256 -496 -64 ) (256 -496 0 ) (256 -416 0 ) 
4 82 88 (16 -416 -64 ) (16 -496 -64 ) (16 -496 0 ) (16 -416 0 ) 
4 83 91 (1024 -512 -64 ) (1024 -640 -64 ) (16 -640 -64 ) (16 -512 -64 ) 
4 83 89 (16 -512 -64 ) (16 -640 -64 ) (16 -640 0 ) (16 -512 0 ) 
4 84 130 (16 -1024 -64 ) (64 -1024 -64 ) (64 -1024 0 ) (16 -1024 0 ) 
4 84 129 (304 -1024 -64 ) (800 -1024 -64 ) (800 -1024 0 ) (304 -1024 0 ) 
4 84 127 (800 -1024 -64 ) (832 -1024 -64 ) (832 -1024 0 ) (800 -1024 0 ) 
4 84 125 (832 -1024 -64 ) (864 -1024 -64 ) (864 -1024 0 ) (832 -1024 0 ) 
4 84 123 (864 -1024 -64 ) (896 -1024 -64 ) (896 -1024 0 ) (864 -1024 0 ) 
4 84 122 (896 -1024 -64 ) (992 -1024 -64 ) (992 -1024 0 ) (896 -1024 0 ) 
4 84 90 (16 -928 -64 ) (16 -1024 -64 ) (16 -1024 0 ) (16 -928 0 ) 
4 85 214 (0 -304 0 ) (0 -272 0 ) (0 -272 -16 ) (0 -304 -16 ) 
4 85 86 (16 -304 -16 ) (16 -304 0 ) (0 -304 0 ) (0 -304 -16 ) 
4 86 215 (0 -336 0 ) (0 -304 0 ) (0 -304 -32 ) (0 -336 -32 ) 
4 86 87 (16 -336 -32 ) (16 -336 0 ) (0 -336 0 ) (0 -336 -32 ) 
4 87 216 (0 -368 0 ) (0 -336 0 ) (0 -336 -48 ) (0 -368 -48 ) 
4 87 88 (16 -368 -48 ) (16 -368 0 ) (0 -368 0 ) (0 -368 -48 ) 
4 88 217 (0 -496 0 ) (0 -368 0 ) (0 -368 -64 ) (0 -496 -64 ) 
4 89 253 (0 -640 0 ) (0 -512 0 ) (0 -512 -64 ) (0 -640 -64 ) 
4 89 91 (0 -640 -64 ) (0 -512 -64 ) (16 -512 -64 ) (16 -640 -64 ) 
4 90 275 (0 -1024 -64 ) (0 -1024 0 ) (0 -928 0 ) (0 -928 -64 ) 
4 90 130 (0 -1024 0 ) (0 -1024 -64 ) (16 -1024 -64 ) (16 -1024 0 ) 
4 91 253 (0 -640 -64 ) (0 -512 -64 ) (0 -512 -128 ) (0 -640 -128 ) 
4 91 92 (0 -640 -128 ) (0 -512 -128 ) (1024 -512 -128 ) (1024 -640 -128 ) 
4 92 258 (0 -928 -502 ) (0 -928 -128 ) (0 -496 -128 ) (0 -496 -502 ) 
4 92 218 (0 -496 -128 ) (0 0 -128 ) (0 0 -502 ) (0 -496 -502 ) 
4 92 94 (0 -928 -224 ) (0 -928 -502 ) (1024 -928 -502 ) (1024 -928 -224 ) 
4 92 93 (992 -928 -224 ) (1024 -928 -224 ) (1024 -928 -128 ) (992 -928 -128 ) 
4 93 147 (992 -1024 -224 ) (1024 -1024 -224 ) (1024 -1024 -128 ) (992 -1024 -128 ) 
4 93 94 (992 -928 -224 ) (1024 -928 -224 ) (1024 -1024 -224 ) (992 -1024 -224 ) 
4 94 276 (0 -1024 -502 ) (0 -1024 -224 ) (0 -928 -224 ) (0 -928 -502 ) 
4 94 156 (0 -1024 -224 ) (0 -1024 -502 ) (480 -1024 -502 ) (480 -1024 -224 ) 
4 94 149 (480 -1024 -502 ) (640 -1024 -502 ) (640 -1024 -224 ) (480 -1024 -224 ) 
4 94 148 (640 -1024 -502 ) (992 -1024 -502 ) (992 -1024 -224 ) (640 -1024 -224 ) 
4 94 147 (992 -1024 -502 ) (1024 -1024 -502 ) (1024 -1024 -224 ) (992 -1024 -224 ) 
4 95 98 (1248 -1792 -502 ) (1523.430054 -1792 -502 ) (1523.430054 -1792 758 ) (1248 -1792 758 ) 
4 95 96 (1248 -1792 416 ) (1248 -1792 758 ) (1248 -1024 758 ) (1248 -1024 416 ) 
4 95 97 (1248 -1024 -502 ) (1248 -1792 -502 ) (1248 -1792 -128 ) (1248 -1024 -128 ) 
4 96 102 (1024 -1024 758 ) (1024 -1024 416 ) (1024 -1792 416 ) (1024 -1792 758 ) 
4 96 99 (1248 -1792 416 ) (1248 -1792 758 ) (1024 -1792 758 ) (1024 -1792 416 ) 
4 97 147 (1024 -1024 -128 ) (1024 -1024 -502 ) (1024 -1792 -502 ) (1024 -1792 -128 ) 
4 97 100 (1024 -1792 -502 ) (1248 -1792 -502 ) (1248 -1792 -128 ) (1024 -1792 -128 ) 
4 98 101 (1248 -1888 -502 ) (1523.430054 -1888 -502 ) (1523.430054 -1888 758 ) (1248 -1888 758 ) 
4 98 99 (1248 -1792 758 ) (1248 -1792 416 ) (1248 -1888 416 ) (1248 -1888 758 ) 
4 98 100 (1248 -1792 -128 ) (1248 -1792 -502 ) (1248 -1888 -502 ) (1248 -1888 -128 ) 
4 99 120 (1024 -1888 416 ) (1024 -1888 758 ) (1024 -1792 758 ) (1024 -1792 416 ) 
4 99 101 (1248 -1888 416 ) (1248 -1888 758 ) (1024 -1888 758 ) (1024 -1888 416 ) 
4 100 157 (1024 -1792 -502 ) (1024 -1888 -502 ) (1024 -1888 -128 ) (1024 -1792 -128 ) 
4 100 101 (1024 -1888 -502 ) (1248 -1888 -502 ) (1248 -1888 -128 ) (1024 -1888 -128 ) 
4 101 158 (1024 -1888 -502 ) (1024 -2033.329956 -502 ) (1024 -2033.329956 -64 ) (1024 -1888 -64 ) 
4 101 141 (1024 -2033.329956 -64 ) (1024 -2033.329956 0 ) (1024 -1888 0 ) (1024 -1888 -64 ) 
4 101 121 (1024 -2033.329956 0 ) (1024 -2033.329956 758 ) (1024 -1888 758 ) (1024 -1888 0 ) 
4 102 120 (1024 -1792 416 ) (1024 -1792 758 ) (256 -1792 758 ) (256 -1792 416 ) 
4 102 107 (256 -1792 416 ) (256 -1792 758 ) (256 -1024 758 ) (256 -1024 416 ) 
4 102 103 (832 -1792 416 ) (256 -1792 416 ) (256 -1024 416 ) (832 -1024 416 ) 
4 103 107 (256 -1792 160 ) (256 -1792 416 ) (256 -1024 416 ) (256 -1024 160 ) 
4 103 106 (304 -1792 160 ) (256 -1792 160 ) (256 -1696 160 ) (304 -1696 160 ) 
4 103 105 (256 -1408 160 ) (256 -1312 160 ) (304 -1312 160 ) (304 -1408 160 ) 
4 104 139 (992 -1456 0 ) (992 -1792 0 ) (304 -1792 0 ) (304 -1456 0 ) 
4 104 137 (832 -1456 0 ) (800 -1456 0 ) (800 -1408 0 ) (832 -1408 0 ) 
4 104 138 (800 -1456 0 ) (304 -1456 0 ) (304 -1408 0 ) (800 -1408 0 ) 
4 104 136 (864 -1456 0 ) (832 -1456 0 ) (832 -1408 0 ) (864 -1408 0 ) 
4 104 135 (896 -1456 0 ) (864 -1456 0 ) (864 -1408 0 ) (896 -1408 0 ) 
4 104 129 (304 -1024 0 ) (800 -1024 0 ) (800 -1312 0 ) (304 -1312 0 ) 
4 104 128 (832 -1264 0 ) (832 -1312 0 ) (800 -1312 0 ) (800 -1264 0 ) 
4 104 127 (800 -1024 0 ) (832 -1024 0 ) (832 -1264 0 ) (800 -1264 0 ) 
4 104 126 (864 -1264 0 ) (864 -1312 0 ) (832 -1312 0 ) (832 -1264 0 ) 
4 104 125 (832 -1024 0 ) (864 -1024 0 ) (864 -1264 0 ) (832 -1264 0 ) 
4 104 124 (896 -1264 0 ) (896 -1312 0 ) (864 -1312 0 ) (864 -1264 0 ) 
4 104 123 (864 -1024 0 ) (896 -1024 0 ) (896 -1264 0 ) (864 -1264 0 ) 
4 104 122 (896 -1024 0 ) (992 -1024 0 ) (992 -1264 0 ) (896 -1264 0 ) 
4 104 106 (304 -1696 0 ) (304 -1792 0 ) (304 -1792 128 ) (304 -1696 128 ) 
4 104 105 (304 -1312 0 ) (304 -1408 0 ) (304 -1408 128 ) (304 -1312 128 ) 
4 105 108 (256 -1312 0 ) (256 -1408 0 ) (256 -1408 128 ) (256 -1312 128 ) 
4 105 107 (256 -1408 128 ) (256 -1408 160 ) (256 -1312 160 ) (256 -1312 128 ) 
4 106 140 (304 -1696 0 ) (304 -1792 0 ) (256 -1792 0 ) (256 -1696 0 ) 
4 106 109 (256 -1696 0 ) (256 -1792 0 ) (256 -1792 128 ) (256 -1696 128 ) 
4 106 107 (256 -1792 128 ) (256 -1792 160 ) (256 -1696 160 ) (256 -1696 128 ) 
4 107 120 (256 -1792 416 ) (256 -1792 758 ) (208 -1792 758 ) (208 -1792 416 ) 
4 107 110 (208 -1024 758 ) (208 -1024 128 ) (208 -1792 128 ) (208 -1792 758 ) 
4 107 108 (208 -1408 128 ) (208 -1312 128 ) (256 -1312 128 ) (256 -1408 128 ) 
4 107 109 (208 -1792 128 ) (208 -1696 128 ) (256 -1696 128 ) (256 -1792 128 ) 
4 108 111 (208 -1312 0 ) (208 -1408 0 ) (208 -1408 96 ) (208 -1312 96 ) 
4 108 110 (208 -1408 96 ) (208 -1408 128 ) (208 -1312 128 ) (208 -1312 96 ) 
4 109 140 (256 -1696 0 ) (256 -1792 0 ) (208 -1792 0 ) (208 -1696 0 ) 
4 109 112 (208 -1696 0 ) (208 -1792 0 ) (208 -1792 96 ) (208 -1696 96 ) 
4 109 110 (208 -1792 96 ) (208 -1792 128 ) (208 -1696 128 ) (208 -1696 96 ) 
4 110 120 (208 -1792 416 ) (208 -1792 758 ) (160 -1792 758 ) (160 -1792 416 ) 
4 110 113 (160 -1024 758 ) (160 -1024 96 ) (160 -1792 96 ) (160 -1792 758 ) 
4 110 112 (160 -1792 96 ) (160 -1696 96 ) (208 -1696 96 ) (208 -1792 96 ) 
4 110 111 (160 -1408 96 ) (160 -1312 96 ) (208 -1312 96 ) (208 -1408 96 ) 
4 111 114 (160 -1312 0 ) (160 -1408 0 ) (160 -1408 64 ) (160 -1312 64 ) 
4 111 113 (160 -1408 64 ) (160 -1408 96 ) (160 -1312 96 ) (160 -1312 64 ) 
4 112 140 (208 -1696 0 ) (208 -1792 0 ) (160 -1792 0 ) (160 -1696 0 ) 
4 112 115 (160 -1696 0 ) (160 -1792 0 ) (160 -1792 64 ) (160 -1696 64 ) 
4 112 113 (160 -1792 64 ) (160 -1792 96 ) (160 -1696 96 ) (160 -1696 64 ) 
4 113 120 (160 -1792 416 ) (160 -1792 758 ) (112 -1792 758 ) (112 -1792 416 ) 
4 113 116 (112 -1792 64 ) (112 -1792 758 ) (112 -1024 758 ) (112 -1024 64 ) 
4 113 115 (112 -1792 64 ) (112 -1696 64 ) (160 -1696 64 ) (160 -1792 64 ) 
4 113 114 (112 -1408 64 ) (112 -1312 64 ) (160 -1312 64 ) (160 -1408 64 ) 
4 114 117 (112 -1312 0 ) (112 -1408 0 ) (112 -1408 32 ) (112 -1312 32 ) 
4 114 116 (112 -1408 32 ) (112 -1408 64 ) (112 -1312 64 ) (112 -1312 32 ) 
4 115 140 (160 -1696 0 ) (160 -1792 0 ) (112 -1792 0 ) (112 -1696 0 ) 
4 115 118 (112 -1696 0 ) (112 -1792 0 ) (112 -1792 32 ) (112 -1696 32 ) 
4 115 116 (112 -1792 32 ) (112 -1792 64 ) (112 -1696 64 ) (112 -1696 32 ) 
4 116 291 (0 -1536 32 ) (0 -1792 32 ) (0 -1792 758 ) (0 -1536 758 ) 
4 116 284 (0 -1024 62 ) (0 -1024 32 ) (0 -1536 32 ) (0 -1536 62 ) 
4 116 283 (0 -1024 758 ) (0 -1024 62 ) (0 -1536 62 ) (0 -1536 758 ) 
4 116 120 (0 -1792 758 ) (0 -1792 416 ) (112 -1792 416 ) (112 -1792 758 ) 
4 116 118 (112 -1696 32 ) (112 -1792 32 ) (64 -1792 32 ) (64 -1696 32 ) 
4 116 117 (112 -1312 32 ) (112 -1408 32 ) (64 -1408 32 ) (64 -1312 32 ) 
4 116 119 (0 -1024 32 ) (64 -1024 32 ) (64 -1792 32 ) (0 -1792 32 ) 
4 117 119 (64 -1312 0 ) (64 -1408 0 ) (64 -1408 32 ) (64 -1312 32 ) 
4 118 140 (112 -1696 0 ) (112 -1792 0 ) (64 -1792 0 ) (64 -1696 0 ) 
4 118 119 (64 -1696 0 ) (64 -1792 0 ) (64 -1792 32 ) (64 -1696 32 ) 
4 119 291 (0 -1536 0 ) (0 -1792 0 ) (0 -1792 32 ) (0 -1536 32 ) 
4 119 284 (0 -1024 32 ) (0 -1024 0 ) (0 -1536 0 ) (0 -1536 32 ) 
4 119 144 (0 -1632 0 ) (0 -1600 0 ) (64 -1600 0 ) (64 -1632 0 ) 
4 119 145 (0 -1792 0 ) (0 -1632 0 ) (64 -1632 0 ) (64 -1792 0 ) 
4 119 143 (0 -1600 0 ) (0 -1568 0 ) (64 -1568 0 ) (64 -1600 0 ) 
4 119 142 (0 -1568 0 ) (0 -1536 0 ) (64 -1536 0 ) (64 -1568 0 ) 
4 119 133 (0 -1184 0 ) (0 -1152 0 ) (64 -1152 0 ) (64 -1184 0 ) 
4 119 132 (0 -1152 0 ) (0 -1120 0 ) (64 -1120 0 ) (64 -1152 0 ) 
4 119 131 (0 -1120 0 ) (0 -1088 0 ) (64 -1088 0 ) (64 -1120 0 ) 
4 119 130 (0 -1088 0 ) (0 -1024 0 ) (64 -1024 0 ) (64 -1088 0 ) 
4 120 298 (0 -1888 758 ) (0 -1792 758 ) (0 -1792 416 ) (0 -1888 416 ) 
4 120 121 (1024 -1888 416 ) (1024 -1888 758 ) (0 -1888 758 ) (0 -1888 416 ) 
4 121 299 (0 -2033.329956 758 ) (0 -1888 758 ) (0 -1888 0 ) (0 -2033.329956 0 ) 
4 121 146 (0 -2033.329956 0 ) (0 -1888 0 ) (64 -1888 0 ) (64 -2033.329956 0 ) 
4 121 141 (64 -1888 0 ) (1024 -1888 0 ) (1024 -2033.329956 0 ) (64 -2033.329956 0 ) 
4 122 123 (896 -1024 -64 ) (896 -1264 -64 ) (896 -1264 0 ) (896 -1024 0 ) 
4 123 125 (864 -1024 -64 ) (864 -1264 -64 ) (864 -1264 0 ) (864 -1024 0 ) 
4 123 124 (864 -1264 0 ) (864 -1264 -16 ) (896 -1264 -16 ) (896 -1264 0 ) 
4 124 126 (864 -1312 -16 ) (864 -1312 0 ) (864 -1264 0 ) (864 -1264 -16 ) 
4 125 127 (832 -1024 -64 ) (832 -1264 -64 ) (832 -1264 0 ) (832 -1024 0 ) 
4 125 126 (832 -1264 0 ) (832 -1264 -32 ) (864 -1264 -32 ) (864 -1264 0 ) 
4 126 128 (832 -1312 -32 ) (832 -1312 0 ) (832 -1264 0 ) (832 -1264 -32 ) 
4 127 129 (800 -1024 -64 ) (800 -1264 -64 ) (800 -1264 0 ) (800 -1024 0 ) 
4 127 128 (800 -1264 0 ) (800 -1264 -48 ) (832 -1264 -48 ) (832 -1264 0 ) 
4 128 129 (800 -1312 -48 ) (800 -1312 0 ) (800 -1264 0 ) (800 -1264 -48 ) 
4 129 150 (640 -1312 -64 ) (480 -1312 -64 ) (480 -1056 -64 ) (640 -1056 -64 ) 
4 129 134 (480 -1312 -64 ) (640 -1312 -64 ) (608 -1312 -32 ) (512 -1312 -32 ) 
4 130 287 (0 -1088 0 ) (0 -1024 0 ) (0 -1024 -64 ) (0 -1088 -64 ) 
4 130 131 (64 -1088 -48 ) (64 -1088 0 ) (0 -1088 0 ) (0 -1088 -48 ) 
4 131 288 (0 -1120 0 ) (0 -1088 0 ) (0 -1088 -48 ) (0 -1120 -48 ) 
4 131 132 (64 -1120 -32 ) (64 -1120 0 ) (0 -1120 0 ) (0 -1120 -32 ) 
4 132 289 (0 -1152 0 ) (0 -1120 0 ) (0 -1120 -32 ) (0 -1152 -32 ) 
4 132 133 (64 -1152 -16 ) (64 -1152 0 ) (0 -1152 0 ) (0 -1152 -16 ) 
4 133 290 (0 -1184 0 ) (0 -1152 0 ) (0 -1152 -16 ) (0 -1184 -16 ) 
4 134 150 (640 -1408 -64 ) (480 -1408 -64 ) (480 -1312 -64 ) (640 -1312 -64 ) 
4 134 138 (480 -1408 -64 ) (640 -1408 -64 ) (608 -1408 -32 ) (512 -1408 -32 ) 
4 135 139 (896 -1456 -16 ) (896 -1456 0 ) (864 -1456 0 ) (864 -1456 -16 ) 
4 135 136 (864 -1408 0 ) (864 -1408 -16 ) (864 -1456 -16 ) (864 -1456 0 ) 
4 136 139 (864 -1456 -32 ) (864 -1456 0 ) (832 -1456 0 ) (832 -1456 -32 ) 
4 136 137 (832 -1408 0 ) (832 -1408 -32 ) (832 -1456 -32 ) (832 -1456 0 ) 
4 137 139 (832 -1456 -48 ) (832 -1456 0 ) (800 -1456 0 ) (800 -1456 -48 ) 
4 137 138 (800 -1408 0 ) (800 -1408 -48 ) (800 -1456 -48 ) (800 -1456 0 ) 
4 138 150 (640 -1456 -64 ) (480 -1456 -64 ) (480 -1408 -64 ) (640 -1408 -64 ) 
4 138 139 (304 -1456 -64 ) (800 -1456 -64 ) (800 -1456 0 ) (304 -1456 0 ) 
4 139 150 (480 -1664 -64 ) (480 -1456 -64 ) (640 -1456 -64 ) (640 -1664 -64 ) 
4 139 140 (304 -1696 -64 ) (304 -1792 -64 ) (304 -1792 0 ) (304 -1696 0 ) 
4 140 145 (64 -1696 -64 ) (64 -1792 -64 ) (64 -1792 0 ) (64 -1696 0 ) 
4 141 158 (1024 -1888 -64 ) (1024 -2033.329956 -64 ) (64 -2033.329956 -64 ) (64 -1888 -64 ) 
4 141 146 (64 -1888 -64 ) (64 -2033.329956 -64 ) (64 -2033.329956 0 ) (64 -1888 0 ) 
4 142 291 (0 -1568 0 ) (0 -1536 0 ) (0 -1536 -16 ) (0 -1568 -16 ) 
4 142 143 (64 -1568 -16 ) (64 -1568 0 ) (0 -1568 0 ) (0 -1568 -16 ) 
4 143 295 (0 -1568 -16 ) (0 -1568 -32 ) (0 -1600 -32 ) (0 -1600 -16 ) 
4 143 291 (0 -1600 0 ) (0 -1568 0 ) (0 -1568 -16 ) (0 -1600 -16 ) 
4 143 144 (64 -1600 -32 ) (64 -1600 0 ) (0 -1600 0 ) (0 -1600 -32 ) 
4 144 296 (0 -1600 -16 ) (0 -1600 -48 ) (0 -1632 -48 ) (0 -1632 -16 ) 
4 144 291 (0 -1632 0 ) (0 -1600 0 ) (0 -1600 -16 ) (0 -1632 -16 ) 
4 144 145 (64 -1632 -48 ) (64 -1632 0 ) (0 -1632 0 ) (0 -1632 -48 ) 
4 145 297 (0 -1632 -16 ) (0 -1632 -64 ) (0 -1792 -64 ) (0 -1792 -16 ) 
4 145 291 (0 -1792 0 ) (0 -1632 0 ) (0 -1632 -16 ) (0 -1792 -16 ) 
4 146 299 (0 -2033.329956 0 ) (0 -1888 0 ) (0 -1888 -64 ) (0 -2033.329956 -64 ) 
4 146 158 (0 -2033.329956 -64 ) (0 -1888 -64 ) (64 -1888 -64 ) (64 -2033.329956 -64 ) 
4 147 157 (1024 -1792 -502 ) (1024 -1792 -128 ) (992 -1792 -128 ) (992 -1792 -502 ) 
4 147 148 (992 -1792 -502 ) (992 -1792 -224 ) (992 -1024 -224 ) (992 -1024 -502 ) 
4 148 157 (992 -1792 -502 ) (992 -1792 -224 ) (640 -1792 -224 ) (640 -1792 -502 ) 
4 148 155 (640 -1792 -502 ) (640 -1792 -224 ) (640 -1056 -224 ) (640 -1056 -502 ) 
4 148 149 (640 -1056 -224 ) (640 -1024 -224 ) (640 -1024 -502 ) (640 -1056 -502 ) 
4 149 156 (480 -1024 -224 ) (480 -1024 -502 ) (480 -1056 -502 ) (480 -1056 -224 ) 
4 149 155 (480 -1056 -224 ) (480 -1056 -502 ) (640 -1056 -502 ) (640 -1056 -224 ) 
4 150 153 (480 -1568 -96 ) (480 -1184 -96 ) (512 -1184 -96 ) (512 -1568 -96 ) 
4 150 152 (608 -1088 -96 ) (608 -1568 -96 ) (512 -1568 -96 ) (512 -1088 -96 ) 
4 150 151 (640 -1184 -96 ) (640 -1568 -96 ) (608 -1568 -96 ) (608 -1184 -96 ) 
4 151 152 (608 -1216 -128 ) (608 -1472 -128 ) (608 -1568 -96 ) (608 -1184 -96 ) 
4 152 153 (512 -1216 -128 ) (512 -1472 -128 ) (512 -1568 -96 ) (512 -1184 -96 ) 
4 154 155 (480 -1664 -224 ) (480 -1472 -224 ) (640 -1472 -224 ) (640 -1664 -224 ) 
4 155 157 (640 -1792 -502 ) (640 -1792 -224 ) (480 -1792 -224 ) (480 -1792 -502 ) 
4 155 156 (480 -1792 -502 ) (480 -1792 -224 ) (480 -1056 -224 ) (480 -1056 -502 ) 
4 156 300 (0 -1792 -502 ) (0 -1792 -224 ) (0 -1024 -224 ) (0 -1024 -502 ) 
4 156 157 (480 -1792 -502 ) (480 -1792 -224 ) (0 -1792 -224 ) (0 -1792 -502 ) 
4 157 301 (0 -1792 -128 ) (0 -1792 -502 ) (0 -1888 -502 ) (0 -1888 -128 ) 
4 157 158 (0 -1888 -502 ) (1024 -1888 -502 ) (1024 -1888 -128 ) (0 -1888 -128 ) 
4 158 302 (0 -2033.329956 -64 ) (0 -1888 -64 ) (0 -1888 -502 ) (0 -2033.329956 -502 ) 
4 159 172 (-96 528 758 ) (-96 753.333008 758 ) (-96 753.333008 -64 ) (-96 528 -64 ) 
4 159 169 (-96 528 -64 ) (-96 753.333008 -64 ) (0 753.333008 -64 ) (0 528 -64 ) 
4 159 160 (0 528 416 ) (0 528 758 ) (-96 528 758 ) (-96 528 416 ) 
4 160 173 (-96 512 758 ) (-96 528 758 ) (-96 528 416 ) (-96 512 416 ) 
4 160 162 (-94 512 758 ) (-96 512 758 ) (-96 512 416 ) (-94 512 416 ) 
4 160 161 (0 512 416 ) (0 512 758 ) (-94 512 758 ) (-94 512 416 ) 
4 161 211 (0 0 54 ) (0 0 62 ) (-94 0 62 ) (-94 0 54 ) 
4 161 210 (0 0 62 ) (0 0 758 ) (-94 0 758 ) (-94 0 62 ) 
4 161 168 (0 288 54 ) (0 0 54 ) (-94 0 54 ) (-94 288 54 ) 
4 161 167 (0 320 54 ) (0 288 54 ) (-94 288 54 ) (-94 320 54 ) 
4 161 166 (0 352 54 ) (0 320 54 ) (-94 320 54 ) (-94 352 54 ) 
4 161 165 (0 384 54 ) (0 352 54 ) (-94 352 54 ) (-94 384 54 ) 
4 161 164 (-94 512 54 ) (0 512 54 ) (0 384 54 ) (-94 384 54 ) 
4 161 162 (-94 512 758 ) (-94 512 62 ) (-94 232 62 ) (-94 232 758 ) 
4 161 163 (-94 232 54 ) (-94 0 54 ) (-94 0 758 ) (-94 232 758 ) 
4 162 176 (-96 232 758 ) (-96 512 758 ) (-96 512 62 ) (-96 232 62 ) 
4 162 163 (-94 232 62 ) (-94 232 758 ) (-96 232 758 ) (-96 232 62 ) 
4 163 212 (-96 0 62 ) (-96 0 54 ) (-94 0 54 ) (-94 0 62 ) 
4 163 210 (-94 0 758 ) (-96 0 758 ) (-96 0 62 ) (-94 0 62 ) 
4 163 194 (-96 148 62 ) (-96 152 62 ) (-96 152 54 ) (-96 148 54 ) 
4 163 177 (-96 228 62 ) (-96 232 62 ) (-96 232 56 ) (-96 228 56 ) 
4 163 178 (-96 152 62 ) (-96 228 62 ) (-96 228 54 ) (-96 152 54 ) 
4 163 176 (-96 0 62 ) (-96 0 758 ) (-96 232 758 ) (-96 232 62 ) 
4 163 168 (-96 0 54 ) (-96 232 54 ) (-94 232 54 ) (-94 0 54 ) 
4 164 206 (-96 512 4 ) (-96 512 0 ) (-96 384 0 ) (-96 384 4 ) 
4 164 187 (-96 512 6 ) (-96 512 4 ) (-96 384 4 ) (-96 384 6 ) 
4 164 182 (-96 468 28 ) (-96 468 6 ) (-96 390 6 ) (-96 390 28 ) 
4 164 181 (-96 390 54 ) (-96 468 54 ) (-96 468 34 ) (-96 390 34 ) 
4 164 180 (-96 512 28 ) (-96 512 6 ) (-96 476 6 ) (-96 476 28 ) 
4 164 179 (-96 476 54 ) (-96 512 54 ) (-96 512 34 ) (-96 476 34 ) 
4 164 165 (0 384 -48 ) (0 384 54 ) (-96 384 54 ) (-96 384 -48 ) 
4 165 206 (-96 384 4 ) (-96 384 0 ) (-96 352 0 ) (-96 352 4 ) 
4 165 187 (-96 384 6 ) (-96 384 4 ) (-96 352 4 ) (-96 352 6 ) 
4 165 184 (-96 382 28 ) (-96 382 6 ) (-96 352 6 ) (-96 352 28 ) 
4 165 183 (-96 352 54 ) (-96 382 54 ) (-96 382 34 ) (-96 352 34 ) 
4 165 166 (0 352 -32 ) (0 352 54 ) (-96 352 54 ) (-96 352 -32 ) 
4 166 206 (-96 352 4 ) (-96 352 0 ) (-96 320 0 ) (-96 320 4 ) 
4 166 187 (-96 352 6 ) (-96 352 4 ) (-96 320 4 ) (-96 320 6 ) 
4 166 184 (-96 352 28 ) (-96 352 6 ) (-96 320 6 ) (-96 320 28 ) 
4 166 183 (-96 320 54 ) (-96 352 54 ) (-96 352 34 ) (-96 320 34 ) 
4 166 167 (0 320 -16 ) (0 320 54 ) (-96 320 54 ) (-96 320 -16 ) 
4 167 206 (-96 320 4 ) (-96 320 0 ) (-96 288 0 ) (-96 288 4 ) 
4 167 187 (-96 320 6 ) (-96 320 4 ) (-96 300 4 ) (-96 300 6 ) 
4 167 188 (-96 292 4 ) (-96 288 4 ) (-96 288 6 ) (-96 292 6 ) 
4 167 185 (-96 288 54 ) (-96 292 54 ) (-96 292 34 ) (-96 288 34 ) 
4 167 186 (-96 292 28 ) (-96 292 6 ) (-96 288 6 ) (-96 288 28 ) 
4 167 184 (-96 320 28 ) (-96 320 6 ) (-96 300 6 ) (-96 300 28 ) 
4 167 183 (-96 300 54 ) (-96 320 54 ) (-96 320 34 ) (-96 300 34 ) 
4 167 168 (0 288 0 ) (0 288 54 ) (-96 288 54 ) (-96 288 0 ) 
4 168 212 (-94 0 54 ) (-96 0 54 ) (-96 0 0 ) (-94 0 0 ) 
4 168 211 (0 0 0 ) (0 0 54 ) (-94 0 54 ) (-94 0 0 ) 
4 168 206 (-96 0 0 ) (-96 0 4 ) (-96 288 4 ) (-96 288 0 ) 
4 168 198 (-96 0 4 ) (-96 0 54 ) (-96 144 54 ) (-96 144 4 ) 
4 168 196 (-96 144 54 ) (-96 152 54 ) (-96 152 6 ) (-96 144 6 ) 
4 168 197 (-96 152 6 ) (-96 152 4 ) (-96 144 4 ) (-96 144 6 ) 
4 168 189 (-96 236 6 ) (-96 236 4 ) (-96 228 4 ) (-96 228 6 ) 
4 168 190 (-96 152 54 ) (-96 228 54 ) (-96 228 4 ) (-96 152 4 ) 
4 168 188 (-96 288 6 ) (-96 288 4 ) (-96 236 4 ) (-96 236 6 ) 
4 168 185 (-96 236 54 ) (-96 288 54 ) (-96 288 34 ) (-96 236 34 ) 
4 168 186 (-96 288 28 ) (-96 288 6 ) (-96 236 6 ) (-96 236 28 ) 
4 169 172 (-96 528 -64 ) (-96 753.333008 -64 ) (-96 753.333008 -502 ) (-96 528 -502 ) 
4 169 170 (-96 528 -502 ) (0 528 -502 ) (0 528 -128 ) (-96 528 -128 ) 
4 170 174 (-96 528 -128 ) (-96 528 -502 ) (-96 512 -502 ) (-96 512 -128 ) 
4 170 171 (-96 512 -502 ) (0 512 -502 ) (0 512 -128 ) (-96 512 -128 ) 
4 171 218 (0 0 -502 ) (0 0 -128 ) (-96 0 -128 ) (-96 0 -502 ) 
4 171 207 (-96 0 -502 ) (-96 0 -128 ) (-96 512 -128 ) (-96 512 -502 ) 
4 172 209 (-1024 528 758 ) (-1024 753.333008 758 ) (-1024 753.333008 -502 ) (-1024 528 -502 ) 
4 172 173 (-96 528 416 ) (-96 528 758 ) (-896 528 758 ) (-896 528 416 ) 
4 172 174 (-896 528 -502 ) (-96 528 -502 ) (-96 528 -128 ) (-896 528 -128 ) 
4 172 175 (-1024 528 -502 ) (-896 528 -502 ) (-896 528 758 ) (-1024 528 758 ) 
4 173 176 (-96 512 416 ) (-96 512 758 ) (-896 512 758 ) (-896 512 416 ) 
4 173 175 (-896 528 758 ) (-896 528 416 ) (-896 512 416 ) (-896 512 758 ) 
4 174 207 (-96 512 -502 ) (-96 512 -128 ) (-896 512 -128 ) (-896 512 -502 ) 
4 174 175 (-896 528 -128 ) (-896 528 -502 ) (-896 512 -502 ) (-896 512 -128 ) 
4 175 209 (-1024 512 -502 ) (-1024 512 758 ) (-1024 528 758 ) (-1024 528 -502 ) 
4 175 208 (-1024 512 4 ) (-1024 512 -502 ) (-896 512 -502 ) (-896 512 4 ) 
4 175 193 (-1024 512 62 ) (-1024 512 4 ) (-896 512 4 ) (-896 512 62 ) 
4 175 176 (-896 512 758 ) (-1024 512 758 ) (-1024 512 62 ) (-896 512 62 ) 
4 176 219 (-96 0 62 ) (-96 0 758 ) (-1024 0 758 ) (-1024 0 62 ) 
4 176 209 (-1024 0 62 ) (-1024 0 758 ) (-1024 512 758 ) (-1024 512 62 ) 
4 176 203 (-106 148 62 ) (-106 152 62 ) (-104 152 62 ) (-104 148 62 ) 
4 176 205 (-106 0 62 ) (-1024 0 62 ) (-1024 152 62 ) (-106 152 62 ) 
4 176 195 (-104 148 62 ) (-104 152 62 ) (-98 152 62 ) (-98 148 62 ) 
4 176 194 (-96 152 62 ) (-96 148 62 ) (-98 148 62 ) (-98 152 62 ) 
4 176 192 (-102 232 62 ) (-102 152 62 ) (-104 152 62 ) (-104 232 62 ) 
4 176 193 (-1024 512 62 ) (-104 512 62 ) (-104 152 62 ) (-1024 152 62 ) 
4 176 177 (-96 232 62 ) (-96 228 62 ) (-102 228 62 ) (-102 232 62 ) 
4 176 178 (-96 228 62 ) (-96 152 62 ) (-102 152 62 ) (-102 228 62 ) 
4 177 192 (-102 228 62 ) (-102 232 62 ) (-102 232 56 ) (-102 228 56 ) 
4 177 178 (-102 228 62 ) (-102 228 56 ) (-96 228 56 ) (-96 228 62 ) 
4 178 195 (-98 152 62 ) (-102 152 62 ) (-102 152 56 ) (-98 152 56 ) 
4 178 194 (-96 152 54 ) (-96 152 62 ) (-98 152 62 ) (-98 152 54 ) 
4 178 192 (-102 152 54 ) (-102 152 62 ) (-102 228 62 ) (-102 228 54 ) 
4 178 190 (-96 152 54 ) (-102 152 54 ) (-102 228 54 ) (-96 228 54 ) 
4 179 191 (-102 476 54 ) (-102 512 54 ) (-102 512 34 ) (-102 476 34 ) 
4 180 191 (-102 512 28 ) (-102 512 6 ) (-102 476 6 ) (-102 476 28 ) 
4 180 187 (-102 476 6 ) (-102 512 6 ) (-96 512 6 ) (-96 476 6 ) 
4 181 191 (-102 390 54 ) (-102 468 54 ) (-102 468 34 ) (-102 390 34 ) 
4 182 191 (-102 468 28 ) (-102 468 6 ) (-102 390 6 ) (-102 390 28 ) 
4 182 187 (-102 390 6 ) (-102 468 6 ) (-96 468 6 ) (-96 390 6 ) 
4 183 191 (-102 300 54 ) (-102 382 54 ) (-102 382 34 ) (-102 300 34 ) 
4 184 191 (-102 382 28 ) (-102 382 6 ) (-102 300 6 ) (-102 300 28 ) 
4 184 187 (-102 300 6 ) (-102 382 6 ) (-96 382 6 ) (-96 300 6 ) 
4 185 191 (-102 236 34 ) (-102 236 54 ) (-102 292 54 ) (-102 292 34 ) 
4 186 191 (-102 236 6 ) (-102 236 28 ) (-102 292 28 ) (-102 292 6 ) 
4 186 188 (-96 236 6 ) (-102 236 6 ) (-102 292 6 ) (-96 292 6 ) 
4 187 206 (-102 512 4 ) (-96 512 4 ) (-96 300 4 ) (-102 300 4 ) 
4 187 191 (-102 512 4 ) (-102 300 4 ) (-102 300 6 ) (-102 512 6 ) 
4 188 206 (-96 292 4 ) (-96 236 4 ) (-102 236 4 ) (-102 292 4 ) 
4 188 191 (-102 292 4 ) (-102 236 4 ) (-102 236 6 ) (-102 292 6 ) 
4 188 189 (-102 236 6 ) (-102 236 4 ) (-96 236 4 ) (-96 236 6 ) 
4 189 206 (-96 236 4 ) (-96 228 4 ) (-102 228 4 ) (-102 236 4 ) 
4 189 191 (-102 236 4 ) (-102 232 4 ) (-102 232 6 ) (-102 236 6 ) 
4 189 192 (-102 232 4 ) (-102 228 4 ) (-102 228 6 ) (-102 232 6 ) 
4 189 190 (-102 228 6 ) (-102 228 4 ) (-96 228 4 ) (-96 228 6 ) 
4 190 206 (-96 228 4 ) (-96 152 4 ) (-102 152 4 ) (-102 228 4 ) 
4 190 196 (-96 152 6 ) (-96 152 54 ) (-98 152 54 ) (-98 152 6 ) 
4 190 197 (-102 152 4 ) (-96 152 4 ) (-96 152 6 ) (-102 152 6 ) 
4 190 192 (-102 228 4 ) (-102 152 4 ) (-102 152 54 ) (-102 228 54 ) 
4 191 206 (-104 512 4 ) (-102 512 4 ) (-102 232 4 ) (-104 232 4 ) 
4 191 192 (-104 232 54 ) (-104 232 4 ) (-102 232 4 ) (-102 232 54 ) 
4 191 193 (-104 512 4 ) (-104 232 4 ) (-104 232 54 ) (-104 512 54 ) 
4 192 206 (-102 232 4 ) (-102 152 4 ) (-104 152 4 ) (-104 232 4 ) 
4 192 195 (-102 152 56 ) (-102 152 62 ) (-104 152 62 ) (-104 152 56 ) 
4 192 197 (-104 152 4 ) (-102 152 4 ) (-102 152 6 ) (-104 152 6 ) 
4 192 193 (-104 232 4 ) (-104 152 4 ) (-104 152 62 ) (-104 232 62 ) 
4 193 209 (-1024 152 62 ) (-1024 512 62 ) (-1024 512 4 ) (-1024 152 4 ) 
4 193 206 (-896 512 4 ) (-104 512 4 ) (-104 152 4 ) (-896 152 4 ) 
4 193 208 (-1024 152 4 ) (-1024 512 4 ) (-896 512 4 ) (-896 152 4 ) 
4 193 203 (-106 152 4 ) (-104 152 4 ) (-104 152 62 ) (-106 152 62 ) 
4 193 205 (-1024 152 4 ) (-106 152 4 ) (-106 152 62 ) (-1024 152 62 ) 
4 194 196 (-98 148 54 ) (-98 152 54 ) (-96 152 54 ) (-96 148 54 ) 
4 194 195 (-98 152 62 ) (-98 152 56 ) (-98 148 56 ) (-98 148 62 ) 
4 195 203 (-104 152 62 ) (-104 152 56 ) (-104 148 56 ) (-104 148 62 ) 
4 196 198 (-98 144 6 ) (-96 144 6 ) (-96 144 54 ) (-98 144 54 ) 
4 196 197 (-96 144 6 ) (-98 144 6 ) (-98 152 6 ) (-96 152 6 ) 
4 197 206 (-104 152 4 ) (-96 152 4 ) (-96 144 4 ) (-104 144 4 ) 
4 197 204 (-104 148 4 ) (-104 144 4 ) (-104 144 6 ) (-104 148 6 ) 
4 197 203 (-104 152 6 ) (-104 152 4 ) (-104 148 4 ) (-104 148 6 ) 
4 197 200 (-104 144 6 ) (-104 144 4 ) (-98 144 4 ) (-98 144 6 ) 
4 197 198 (-98 144 4 ) (-96 144 4 ) (-96 144 6 ) (-98 144 6 ) 
4 198 246 (-96 0 4 ) (-96 0 6 ) (-98 0 6 ) (-98 0 4 ) 
4 198 226 (-96 0 6 ) (-96 0 54 ) (-98 0 54 ) (-98 0 6 ) 
4 198 206 (-96 144 4 ) (-96 0 4 ) (-98 0 4 ) (-98 144 4 ) 
4 198 201 (-98 0 54 ) (-98 80 54 ) (-98 80 34 ) (-98 0 34 ) 
4 198 202 (-98 80 28 ) (-98 80 4 ) (-98 0 4 ) (-98 0 28 ) 
4 198 200 (-98 144 28 ) (-98 144 4 ) (-98 88 4 ) (-98 88 28 ) 
4 198 199 (-98 88 54 ) (-98 144 54 ) (-98 144 34 ) (-98 88 34 ) 
4 199 204 (-104 88 54 ) (-104 144 54 ) (-104 144 34 ) (-104 88 34 ) 
4 200 206 (-104 88 4 ) (-104 144 4 ) (-98 144 4 ) (-98 88 4 ) 
4 200 204 (-104 144 4 ) (-104 88 4 ) (-104 88 28 ) (-104 144 28 ) 
4 201 227 (-98 0 54 ) (-104 0 54 ) (-104 0 34 ) (-98 0 34 ) 
4 201 204 (-104 0 34 ) (-104 0 54 ) (-104 80 54 ) (-104 80 34 ) 
4 202 246 (-102 0 4 ) (-98 0 4 ) (-98 0 6 ) (-102 0 6 ) 
4 202 249 (-104 0 6 ) (-104 0 4 ) (-102 0 4 ) (-102 0 6 ) 
4 202 228 (-104 0 28 ) (-104 0 6 ) (-98 0 6 ) (-98 0 28 ) 
4 202 206 (-98 0 4 ) (-104 0 4 ) (-104 80 4 ) (-98 80 4 ) 
4 202 204 (-104 80 4 ) (-104 0 4 ) (-104 0 28 ) (-104 80 28 ) 
4 203 206 (-106 152 4 ) (-104 152 4 ) (-104 148 4 ) (-106 148 4 ) 
4 203 204 (-106 148 54 ) (-106 148 4 ) (-104 148 4 ) (-104 148 54 ) 
4 203 205 (-106 152 62 ) (-106 152 4 ) (-106 148 4 ) (-106 148 62 ) 
4 204 249 (-106 0 6 ) (-106 0 4 ) (-104 0 4 ) (-104 0 6 ) 
4 204 233 (-106 0 54 ) (-106 0 6 ) (-104 0 6 ) (-104 0 54 ) 
4 204 206 (-104 148 4 ) (-104 0 4 ) (-106 0 4 ) (-106 148 4 ) 
4 204 205 (-106 148 4 ) (-106 0 4 ) (-106 0 54 ) (-106 148 54 ) 
4 205 249 (-1024 0 6 ) (-1024 0 4 ) (-106 0 4 ) (-106 0 6 ) 
4 205 233 (-1024 0 54 ) (-1024 0 6 ) (-106 0 6 ) (-106 0 54 ) 
4 205 225 (-106 0 62 ) (-1024 0 62 ) (-1024 0 54 ) (-106 0 54 ) 
4 205 209 (-1024 0 4 ) (-1024 0 62 ) (-1024 152 62 ) (-1024 152 4 ) 
4 205 206 (-896 152 4 ) (-106 152 4 ) (-106 0 4 ) (-896 0 4 ) 
4 205 208 (-1024 0 4 ) (-1024 152 4 ) (-896 152 4 ) (-896 0 4 ) 
4 206 246 (-96 0 0 ) (-96 0 4 ) (-102 0 4 ) (-102 0 0 ) 
4 206 249 (-102 0 4 ) (-896 0 4 ) (-896 0 0 ) (-102 0 0 ) 
4 206 208 (-896 0 0 ) (-896 0 4 ) (-896 512 4 ) (-896 512 0 ) 
4 207 250 (-96 0 -502 ) (-96 0 -64 ) (-896 0 -64 ) (-896 0 -502 ) 
4 207 208 (-896 512 -502 ) (-896 0 -502 ) (-896 0 -64 ) (-896 512 -64 ) 
4 208 251 (-1024 0 0 ) (-1024 0 -502 ) (-896 0 -502 ) (-896 0 0 ) 
4 208 249 (-896 0 4 ) (-1024 0 4 ) (-1024 0 0 ) (-896 0 0 ) 
4 208 209 (-1024 0 -502 ) (-1024 0 4 ) (-1024 512 4 ) (-1024 512 -502 ) 
4 209 282 (-1024 0 -502 ) (-1024 0 758 ) (-1267.430054 0 758 ) (-1267.430054 0 -502 ) 
4 210 252 (0 -496 416 ) (0 -496 758 ) (-96 -496 758 ) (-96 -496 416 ) 
4 210 219 (-96 -496 62 ) (-96 -496 758 ) (-96 0 758 ) (-96 0 62 ) 
4 210 212 (-96 -218 62 ) (-96 0 62 ) (-94 0 62 ) (-94 -218 62 ) 
4 210 211 (0 -496 62 ) (-94 -496 62 ) (-94 0 62 ) (0 0 62 ) 
4 211 216 (-94 -368 0 ) (-94 -336 0 ) (0 -336 0 ) (0 -368 0 ) 
4 211 217 (0 -496 0 ) (-94 -496 0 ) (-94 -368 0 ) (0 -368 0 ) 
4 211 215 (-94 -336 0 ) (-94 -304 0 ) (0 -304 0 ) (0 -336 0 ) 
4 211 214 (-94 -304 0 ) (-94 -272 0 ) (0 -272 0 ) (0 -304 0 ) 
4 211 213 (-94 -218 0 ) (-94 -496 0 ) (-94 -496 54 ) (-94 -218 54 ) 
4 211 212 (-94 0 0 ) (-94 -218 0 ) (-94 -218 62 ) (-94 0 62 ) 
4 212 246 (-96 0 6 ) (-96 0 0 ) (-96 -218 0 ) (-96 -218 6 ) 
4 212 235 (-96 -142 6 ) (-96 -214 6 ) (-96 -214 54 ) (-96 -142 54 ) 
4 212 226 (-96 0 54 ) (-96 0 6 ) (-96 -134 6 ) (-96 -134 54 ) 
4 212 222 (-96 -218 62 ) (-96 -214 62 ) (-96 -214 56 ) (-96 -218 56 ) 
4 212 221 (-96 -214 62 ) (-96 -142 62 ) (-96 -142 54 ) (-96 -214 54 ) 
4 212 220 (-96 -142 62 ) (-96 -136 62 ) (-96 -136 60 ) (-96 -142 60 ) 
4 212 213 (-96 -218 0 ) (-94 -218 0 ) (-94 -218 54 ) (-96 -218 54 ) 
4 213 247 (-96 -278 4 ) (-96 -278 0 ) (-96 -286 0 ) (-96 -286 4 ) 
4 213 246 (-96 -278 6 ) (-96 -218 6 ) (-96 -218 0 ) (-96 -278 0 ) 
4 213 248 (-96 -496 0 ) (-96 -496 6 ) (-96 -286 6 ) (-96 -286 0 ) 
4 213 244 (-96 -496 6 ) (-96 -496 28 ) (-96 -462 28 ) (-96 -462 6 ) 
4 213 243 (-96 -496 34 ) (-96 -496 54 ) (-96 -462 54 ) (-96 -462 34 ) 
4 213 241 (-96 -454 54 ) (-96 -376 54 ) (-96 -376 34 ) (-96 -454 34 ) 
4 213 242 (-96 -376 28 ) (-96 -376 6 ) (-96 -454 6 ) (-96 -454 28 ) 
4 213 240 (-96 -286 28 ) (-96 -286 6 ) (-96 -368 6 ) (-96 -368 28 ) 
4 213 239 (-96 -368 54 ) (-96 -286 54 ) (-96 -286 34 ) (-96 -368 34 ) 
4 213 238 (-96 -222 28 ) (-96 -222 6 ) (-96 -278 6 ) (-96 -278 28 ) 
4 213 237 (-96 -278 54 ) (-96 -222 54 ) (-96 -222 34 ) (-96 -278 34 ) 
4 213 216 (-96 -368 0 ) (-96 -336 0 ) (-94 -336 0 ) (-94 -368 0 ) 
4 213 217 (-94 -496 0 ) (-96 -496 0 ) (-96 -368 0 ) (-94 -368 0 ) 
4 213 215 (-96 -336 0 ) (-96 -304 0 ) (-94 -304 0 ) (-94 -336 0 ) 
4 213 214 (-96 -304 0 ) (-96 -272 0 ) (-94 -272 0 ) (-94 -304 0 ) 
4 214 215 (0 -304 -16 ) (0 -304 0 ) (-96 -304 0 ) (-96 -304 -16 ) 
4 215 216 (0 -336 -32 ) (0 -336 0 ) (-96 -336 0 ) (-96 -336 -32 ) 
4 216 217 (0 -368 -48 ) (0 -368 0 ) (-96 -368 0 ) (-96 -368 -48 ) 
4 218 258 (0 -496 -502 ) (0 -496 -128 ) (-96 -496 -128 ) (-96 -496 -502 ) 
4 218 250 (-96 -496 -502 ) (-96 -496 -128 ) (-96 0 -128 ) (-96 0 -502 ) 
4 219 282 (-1024 -496 62 ) (-1024 -496 758 ) (-1024 0 758 ) (-1024 0 62 ) 
4 219 278 (-896 -496 416 ) (-1024 -496 416 ) (-1024 -496 62 ) (-896 -496 62 ) 
4 219 252 (-96 -496 416 ) (-96 -496 758 ) (-1024 -496 758 ) (-1024 -496 416 ) 
4 219 223 (-104 -218 62 ) (-104 -214 62 ) (-102 -214 62 ) (-102 -218 62 ) 
4 219 222 (-96 -214 62 ) (-96 -218 62 ) (-102 -218 62 ) (-102 -214 62 ) 
4 219 224 (-104 -496 62 ) (-106 -496 62 ) (-106 -214 62 ) (-104 -214 62 ) 
4 219 221 (-96 -142 62 ) (-96 -214 62 ) (-106 -214 62 ) (-106 -142 62 ) 
4 219 220 (-96 -136 62 ) (-96 -142 62 ) (-106 -142 62 ) (-106 -136 62 ) 
4 219 225 (-1024 0 62 ) (-106 0 62 ) (-106 -496 62 ) (-1024 -496 62 ) 
4 220 221 (-106 -142 62 ) (-106 -142 60 ) (-96 -142 60 ) (-96 -142 62 ) 
4 220 225 (-106 -142 60 ) (-106 -142 62 ) (-106 -136 62 ) (-106 -136 60 ) 
4 221 235 (-96 -142 54 ) (-96 -214 54 ) (-102 -214 54 ) (-102 -142 54 ) 
4 221 236 (-102 -214 54 ) (-106 -214 54 ) (-106 -142 54 ) (-102 -142 54 ) 
4 221 223 (-104 -214 54 ) (-102 -214 54 ) (-102 -214 62 ) (-104 -214 62 ) 
4 221 222 (-96 -214 56 ) (-96 -214 62 ) (-102 -214 62 ) (-102 -214 56 ) 
4 221 224 (-106 -214 62 ) (-106 -214 54 ) (-104 -214 54 ) (-104 -214 62 ) 
4 221 225 (-106 -142 54 ) (-106 -214 54 ) (-106 -214 62 ) (-106 -142 62 ) 
4 222 223 (-102 -214 62 ) (-102 -214 56 ) (-102 -218 56 ) (-102 -218 62 ) 
4 223 236 (-104 -218 54 ) (-104 -214 54 ) (-102 -214 54 ) (-102 -218 54 ) 
4 223 224 (-104 -214 62 ) (-104 -214 54 ) (-104 -218 54 ) (-104 -218 62 ) 
4 224 245 (-104 -496 54 ) (-106 -496 54 ) (-106 -222 54 ) (-104 -222 54 ) 
4 224 236 (-106 -222 54 ) (-106 -214 54 ) (-104 -214 54 ) (-104 -222 54 ) 
4 224 225 (-106 -214 54 ) (-106 -496 54 ) (-106 -496 62 ) (-106 -214 62 ) 
4 225 282 (-1024 -496 54 ) (-1024 -496 62 ) (-1024 0 62 ) (-1024 0 54 ) 
4 225 278 (-896 -496 62 ) (-1024 -496 62 ) (-1024 -496 54 ) (-896 -496 54 ) 
4 225 245 (-106 -496 54 ) (-1024 -496 54 ) (-1024 -222 54 ) (-106 -222 54 ) 
4 225 236 (-1024 -222 54 ) (-1024 -142 54 ) (-106 -142 54 ) (-106 -222 54 ) 
4 225 234 (-1024 -142 54 ) (-1024 -134 54 ) (-106 -134 54 ) (-106 -142 54 ) 
4 225 233 (-1024 -134 54 ) (-1024 0 54 ) (-106 0 54 ) (-106 -134 54 ) 
4 226 246 (-98 0 6 ) (-96 0 6 ) (-96 -134 6 ) (-98 -134 6 ) 
4 226 232 (-98 -96 6 ) (-98 -134 6 ) (-98 -134 28 ) (-98 -96 28 ) 
4 226 231 (-98 -134 34 ) (-98 -134 54 ) (-98 -96 54 ) (-98 -96 34 ) 
4 226 229 (-98 -88 34 ) (-98 -88 54 ) (-98 -10 54 ) (-98 -10 34 ) 
4 226 230 (-98 -10 6 ) (-98 -88 6 ) (-98 -88 28 ) (-98 -10 28 ) 
4 226 228 (-98 0 6 ) (-98 -2 6 ) (-98 -2 28 ) (-98 0 28 ) 
4 226 227 (-98 -2 54 ) (-98 0 54 ) (-98 0 34 ) (-98 -2 34 ) 
4 227 233 (-104 -2 54 ) (-104 0 54 ) (-104 0 34 ) (-104 -2 34 ) 
4 228 246 (-102 0 6 ) (-98 0 6 ) (-98 -2 6 ) (-102 -2 6 ) 
4 228 249 (-104 0 6 ) (-102 0 6 ) (-102 -2 6 ) (-104 -2 6 ) 
4 228 233 (-104 0 6 ) (-104 -2 6 ) (-104 -2 28 ) (-104 0 28 ) 
4 229 233 (-104 -88 34 ) (-104 -88 54 ) (-104 -10 54 ) (-104 -10 34 ) 
4 230 246 (-98 -10 6 ) (-98 -88 6 ) (-102 -88 6 ) (-102 -10 6 ) 
4 230 249 (-102 -88 6 ) (-104 -88 6 ) (-104 -10 6 ) (-102 -10 6 ) 
4 230 233 (-104 -10 6 ) (-104 -88 6 ) (-104 -88 28 ) (-104 -10 28 ) 
4 231 233 (-104 -134 34 ) (-104 -134 54 ) (-104 -96 54 ) (-104 -96 34 ) 
4 232 246 (-98 -96 6 ) (-98 -134 6 ) (-102 -134 6 ) (-102 -96 6 ) 
4 232 249 (-102 -134 6 ) (-104 -134 6 ) (-104 -96 6 ) (-102 -96 6 ) 
4 232 233 (-104 -96 6 ) (-104 -134 6 ) (-104 -134 28 ) (-104 -96 28 ) 
4 233 282 (-1024 -134 54 ) (-1024 0 54 ) (-1024 0 6 ) (-1024 -134 6 ) 
4 233 249 (-1024 0 6 ) (-104 0 6 ) (-104 -134 6 ) (-1024 -134 6 ) 
4 233 234 (-1024 -134 6 ) (-106 -134 6 ) (-106 -134 54 ) (-1024 -134 54 ) 
4 234 282 (-1024 -142 54 ) (-1024 -134 54 ) (-1024 -134 6 ) (-1024 -142 6 ) 
4 234 249 (-106 -142 6 ) (-1024 -142 6 ) (-1024 -134 6 ) (-106 -134 6 ) 
4 234 236 (-1024 -142 6 ) (-106 -142 6 ) (-106 -142 54 ) (-1024 -142 54 ) 
4 235 246 (-96 -142 6 ) (-96 -214 6 ) (-102 -214 6 ) (-102 -142 6 ) 
4 235 236 (-102 -142 54 ) (-102 -142 6 ) (-102 -214 6 ) (-102 -214 54 ) 
4 236 282 (-1024 -222 54 ) (-1024 -142 54 ) (-1024 -142 6 ) (-1024 -222 6 ) 
4 236 249 (-102 -222 6 ) (-1024 -222 6 ) (-1024 -142 6 ) (-102 -142 6 ) 
4 236 245 (-1024 -222 6 ) (-102 -222 6 ) (-102 -222 54 ) (-1024 -222 54 ) 
4 237 245 (-102 -222 54 ) (-102 -222 34 ) (-102 -278 34 ) (-102 -278 54 ) 
4 238 246 (-96 -222 6 ) (-96 -278 6 ) (-102 -278 6 ) (-102 -222 6 ) 
4 238 245 (-102 -222 28 ) (-102 -222 6 ) (-102 -278 6 ) (-102 -278 28 ) 
4 239 245 (-102 -368 54 ) (-102 -286 54 ) (-102 -286 34 ) (-102 -368 34 ) 
4 240 248 (-96 -286 6 ) (-96 -368 6 ) (-102 -368 6 ) (-102 -286 6 ) 
4 240 245 (-102 -286 6 ) (-102 -368 6 ) (-102 -368 28 ) (-102 -286 28 ) 
4 241 245 (-102 -454 34 ) (-102 -454 54 ) (-102 -376 54 ) (-102 -376 34 ) 
4 242 248 (-96 -376 6 ) (-96 -454 6 ) (-102 -454 6 ) (-102 -376 6 ) 
4 242 245 (-102 -376 6 ) (-102 -454 6 ) (-102 -454 28 ) (-102 -376 28 ) 
4 243 245 (-102 -496 34 ) (-102 -496 54 ) (-102 -462 54 ) (-102 -462 34 ) 
4 244 248 (-96 -462 6 ) (-96 -496 6 ) (-102 -496 6 ) (-102 -462 6 ) 
4 244 245 (-102 -462 6 ) (-102 -496 6 ) (-102 -496 28 ) (-102 -462 28 ) 
4 245 282 (-1024 -496 6 ) (-1024 -496 54 ) (-1024 -222 54 ) (-1024 -222 6 ) 
4 245 278 (-896 -496 54 ) (-1024 -496 54 ) (-1024 -496 6 ) (-896 -496 6 ) 
4 245 249 (-102 -496 6 ) (-1024 -496 6 ) (-1024 -222 6 ) (-102 -222 6 ) 
4 246 247 (-102 -278 4 ) (-102 -278 0 ) (-96 -278 0 ) (-96 -278 4 ) 
4 246 249 (-102 0 0 ) (-102 -278 0 ) (-102 -278 6 ) (-102 0 6 ) 
4 247 249 (-102 -278 0 ) (-102 -286 0 ) (-102 -286 4 ) (-102 -278 4 ) 
4 247 248 (-102 -286 4 ) (-102 -286 0 ) (-96 -286 0 ) (-96 -286 4 ) 
4 248 249 (-102 -286 0 ) (-102 -496 0 ) (-102 -496 6 ) (-102 -286 6 ) 
4 249 282 (-1024 -496 0 ) (-1024 -496 6 ) (-1024 0 6 ) (-1024 0 0 ) 
4 249 278 (-896 -496 6 ) (-1024 -496 6 ) (-1024 -496 0 ) (-896 -496 0 ) 
4 249 251 (-1024 0 0 ) (-896 0 0 ) (-896 -496 0 ) (-1024 -496 0 ) 
4 250 281 (-896 -496 -128 ) (-896 -496 -502 ) (-640 -496 -502 ) (-640 -496 -128 ) 
4 250 258 (-96 -496 -502 ) (-96 -496 -128 ) (-640 -496 -128 ) (-640 -496 -502 ) 
4 250 251 (-896 0 -502 ) (-896 -496 -502 ) (-896 -496 -64 ) (-896 0 -64 ) 
4 251 282 (-1024 -496 -502 ) (-1024 -496 0 ) (-1024 0 0 ) (-1024 0 -502 ) 
4 251 281 (-1024 -496 -128 ) (-1024 -496 -502 ) (-896 -496 -502 ) (-896 -496 -128 ) 
4 251 278 (-896 -496 0 ) (-1024 -496 0 ) (-1024 -496 -128 ) (-896 -496 -128 ) 
4 252 369 (-640 -1024 758 ) (-768 -1024 758 ) (-768 -1024 416 ) (-640 -1024 416 ) 
4 252 372 (-768 -1024 758 ) (-1024 -1024 758 ) (-1024 -1024 416 ) (-768 -1024 416 ) 
4 252 324 (-544 -1024 758 ) (-640 -1024 758 ) (-640 -1024 416 ) (-544 -1024 416 ) 
4 252 323 (-496 -1024 758 ) (-544 -1024 758 ) (-544 -1024 416 ) (-496 -1024 416 ) 
4 252 322 (-448 -1024 758 ) (-496 -1024 758 ) (-496 -1024 416 ) (-448 -1024 416 ) 
4 252 320 (-400 -1024 758 ) (-448 -1024 758 ) (-448 -1024 416 ) (-400 -1024 416 ) 
4 252 316 (-54 -1024 758 ) (-56 -1024 758 ) (-56 -1024 416 ) (-54 -1024 416 ) 
4 252 319 (-56 -1024 758 ) (-400 -1024 758 ) (-400 -1024 416 ) (-56 -1024 416 ) 
4 252 303 (-48 -1024 758 ) (-54 -1024 758 ) (-54 -1024 416 ) (-48 -1024 416 ) 
4 252 283 (0 -1024 416 ) (0 -1024 758 ) (-48 -1024 758 ) (-48 -1024 416 ) 
4 252 282 (-1024 -1024 416 ) (-1024 -1024 758 ) (-1024 -496 758 ) (-1024 -496 416 ) 
4 252 279 (-768 -512 416 ) (-640 -512 416 ) (-640 -640 416 ) (-768 -640 416 ) 
4 252 280 (-1024 -1024 416 ) (-1024 -512 416 ) (-768 -512 416 ) (-768 -1024 416 ) 
4 252 278 (-1024 -512 416 ) (-1024 -496 416 ) (-896 -496 416 ) (-896 -512 416 ) 
4 252 274 (-544 -1024 416 ) (-640 -1024 416 ) (-640 -992 416 ) (-544 -992 416 ) 
4 252 273 (-496 -1024 416 ) (-544 -1024 416 ) (-544 -992 416 ) (-496 -992 416 ) 
4 252 272 (-448 -1024 416 ) (-496 -1024 416 ) (-496 -992 416 ) (-448 -992 416 ) 
4 252 271 (-400 -1024 416 ) (-448 -1024 416 ) (-448 -992 416 ) (-400 -992 416 ) 
4 252 270 (-160 -1024 416 ) (-400 -1024 416 ) (-400 -992 416 ) (-160 -992 416 ) 
4 252 269 (-640 -992 416 ) (-640 -928 416 ) (-160 -928 416 ) (-160 -992 416 ) 
4 252 260 (-46 -1024 416 ) (-56 -1024 416 ) (-56 -928 416 ) (-46 -928 416 ) 
4 252 259 (0 -928 416 ) (0 -1024 416 ) (-46 -1024 416 ) (-46 -928 416 ) 
4 252 261 (-56 -1024 416 ) (-160 -1024 416 ) (-160 -928 416 ) (-56 -928 416 ) 
3 252 255 (-160 -704 416 ) (-240 -890.666992 416 ) (-240 -704 416 ) 
4 252 256 (-240 -928 416 ) (-640 -928 416 ) (-640 -704 416 ) (-240 -704 416 ) 
4 252 254 (-160 -512 416 ) (-160 -640 416 ) (-640 -640 416 ) (-640 -512 416 ) 
4 252 253 (0 -512 416 ) (0 -640 416 ) (-160 -640 416 ) (-160 -512 416 ) 
4 253 258 (-160 -640 -128 ) (-160 -512 -128 ) (0 -512 -128 ) (0 -640 -128 ) 
4 253 254 (-160 -512 -128 ) (-160 -640 -128 ) (-160 -640 416 ) (-160 -512 416 ) 
4 254 279 (-640 -640 416 ) (-640 -512 416 ) (-640 -512 -128 ) (-640 -640 -128 ) 
4 254 258 (-640 -640 -128 ) (-640 -512 -128 ) (-160 -512 -128 ) (-160 -640 -128 ) 
4 255 256 (-240 -704 416 ) (-240 -704 128 ) (-240 -890.666992 128 ) (-240 -890.666992 416 ) 
4 256 269 (-640 -928 416 ) (-640 -928 128 ) (-240 -928 128 ) (-240 -928 416 ) 
4 257 277 (-640 -928 -64 ) (-640 -928 -128 ) (-160 -928 -128 ) (-160 -928 -64 ) 
4 257 258 (-160 -928 -128 ) (-640 -928 -128 ) (-640 -704 -128 ) (-160 -704 -128 ) 
4 258 281 (-640 -496 -128 ) (-640 -496 -502 ) (-640 -928 -502 ) (-640 -928 -128 ) 
4 258 276 (-48 -928 -502 ) (0 -928 -502 ) (0 -928 -224 ) (-48 -928 -224 ) 
4 258 277 (-640 -928 -128 ) (-640 -928 -502 ) (-48 -928 -502 ) (-48 -928 -128 ) 
4 259 284 (0 -1024 54 ) (0 -1024 62 ) (-46 -1024 62 ) (-46 -1024 54 ) 
4 259 283 (0 -1024 62 ) (0 -1024 416 ) (-46 -1024 416 ) (-46 -1024 62 ) 
4 259 262 (0 -1024 54 ) (-46 -1024 54 ) (-46 -928 54 ) (0 -928 54 ) 
4 259 260 (-46 -928 416 ) (-46 -928 62 ) (-46 -1024 62 ) (-46 -1024 416 ) 
4 260 316 (-54 -1024 416 ) (-56 -1024 416 ) (-56 -1024 62 ) (-54 -1024 62 ) 
4 260 303 (-48 -1024 416 ) (-54 -1024 416 ) (-54 -1024 62 ) (-48 -1024 62 ) 
4 260 283 (-46 -1024 416 ) (-48 -1024 416 ) (-48 -1024 62 ) (-46 -1024 62 ) 
4 260 261 (-56 -928 416 ) (-56 -928 62 ) (-56 -1024 62 ) (-56 -1024 416 ) 
4 261 319 (-56 -1024 416 ) (-160 -1024 416 ) (-160 -1024 54 ) (-56 -1024 54 ) 
4 261 270 (-160 -992 54 ) (-160 -1024 54 ) (-160 -1024 416 ) (-160 -992 416 ) 
4 261 269 (-160 -928 416 ) (-160 -928 128 ) (-160 -992 128 ) (-160 -992 416 ) 
4 261 268 (-56 -1024 54 ) (-160 -1024 54 ) (-160 -928 54 ) (-56 -928 54 ) 
4 262 285 (-46 -1024 54 ) (-48 -1024 54 ) (-48 -1024 0 ) (-46 -1024 0 ) 
4 262 284 (0 -1024 0 ) (0 -1024 54 ) (-46 -1024 54 ) (-46 -1024 0 ) 
4 262 275 (0 -1024 0 ) (-48 -1024 0 ) (-48 -928 0 ) (0 -928 0 ) 
4 262 265 (-48 -963.555054 28 ) (-48 -928 28 ) (-48 -928 6 ) (-48 -963.555054 6 ) 
4 262 266 (-48 -1024 6 ) (-48 -1024 28 ) (-48 -970.666992 28 ) (-48 -970.666992 6 ) 
4 262 264 (-48 -1024 34 ) (-48 -1024 54 ) (-48 -970.666992 54 ) (-48 -970.666992 34 ) 
4 262 263 (-48 -963.555054 54 ) (-48 -928 54 ) (-48 -928 34 ) (-48 -963.555054 34 ) 
4 262 267 (-48 -928 0 ) (-48 -1024 0 ) (-48 -1024 6 ) (-48 -928 6 ) 
4 263 268 (-54 -963.555054 54 ) (-54 -928 54 ) (-54 -928 34 ) (-54 -963.555054 34 ) 
4 264 306 (-48 -1024 54 ) (-54 -1024 54 ) (-54 -1024 34 ) (-48 -1024 34 ) 
4 264 268 (-54 -1024 34 ) (-54 -1024 54 ) (-54 -970.666992 54 ) (-54 -970.666992 34 ) 
4 265 267 (-54 -963.555054 6 ) (-54 -928 6 ) (-48 -928 6 ) (-48 -963.555054 6 ) 
4 265 268 (-54 -963.555054 28 ) (-54 -928 28 ) (-54 -928 6 ) (-54 -963.555054 6 ) 
4 266 307 (-54 -1024 28 ) (-54 -1024 6 ) (-48 -1024 6 ) (-48 -1024 28 ) 
4 266 268 (-54 -1024 6 ) (-54 -1024 28 ) (-54 -970.666992 28 ) (-54 -970.666992 6 ) 
4 266 267 (-54 -1024 6 ) (-54 -970.666992 6 ) (-48 -970.666992 6 ) (-48 -1024 6 ) 
4 267 310 (-54 -1024 6 ) (-54 -1024 4 ) (-48 -1024 4 ) (-48 -1024 6 ) 
4 267 313 (-54 -1024 4 ) (-54 -1024 0 ) (-48 -1024 0 ) (-48 -1024 4 ) 
4 267 268 (-54 -928 0 ) (-54 -1024 0 ) (-54 -1024 6 ) (-54 -928 6 ) 
4 268 317 (-54 -1024 54 ) (-56 -1024 54 ) (-56 -1024 0 ) (-54 -1024 0 ) 
4 268 319 (-56 -1024 54 ) (-160 -1024 54 ) (-160 -1024 0 ) (-56 -1024 0 ) 
4 268 270 (-160 -992 0 ) (-160 -1024 0 ) (-160 -1024 54 ) (-160 -992 54 ) 
4 269 274 (-640 -992 416 ) (-640 -992 128 ) (-544 -992 128 ) (-544 -992 416 ) 
4 269 273 (-544 -992 128 ) (-496 -992 128 ) (-496 -992 416 ) (-544 -992 416 ) 
4 269 272 (-496 -992 128 ) (-448 -992 128 ) (-448 -992 416 ) (-496 -992 416 ) 
4 269 271 (-448 -992 128 ) (-400 -992 128 ) (-400 -992 416 ) (-448 -992 416 ) 
4 269 270 (-400 -992 128 ) (-160 -992 128 ) (-160 -992 416 ) (-400 -992 416 ) 
4 270 319 (-160 -1024 416 ) (-400 -1024 416 ) (-400 -1024 0 ) (-160 -1024 0 ) 
4 270 271 (-400 -992 416 ) (-400 -992 32 ) (-400 -1024 32 ) (-400 -1024 416 ) 
4 271 320 (-400 -1024 416 ) (-448 -1024 416 ) (-448 -1024 32 ) (-400 -1024 32 ) 
4 271 272 (-448 -992 416 ) (-448 -992 64 ) (-448 -1024 64 ) (-448 -1024 416 ) 
4 272 322 (-448 -1024 416 ) (-496 -1024 416 ) (-496 -1024 64 ) (-448 -1024 64 ) 
4 272 273 (-496 -992 416 ) (-496 -992 96 ) (-496 -1024 96 ) (-496 -1024 416 ) 
4 273 323 (-496 -1024 416 ) (-544 -1024 416 ) (-544 -1024 96 ) (-496 -1024 96 ) 
4 273 274 (-544 -992 416 ) (-544 -992 128 ) (-544 -1024 128 ) (-544 -1024 416 ) 
4 274 324 (-544 -1024 416 ) (-640 -1024 416 ) (-640 -1024 128 ) (-544 -1024 128 ) 
4 275 287 (0 -1024 -64 ) (0 -1024 0 ) (-48 -1024 0 ) (-48 -1024 -64 ) 
4 276 300 (0 -1024 -502 ) (0 -1024 -224 ) (-48 -1024 -224 ) (-48 -1024 -502 ) 
4 276 277 (-48 -928 -502 ) (-48 -1024 -502 ) (-48 -1024 -224 ) (-48 -928 -224 ) 
4 277 365 (-48 -1024 -64 ) (-640 -1024 -64 ) (-640 -1024 -502 ) (-48 -1024 -502 ) 
4 277 281 (-640 -1024 -502 ) (-640 -1024 -128 ) (-640 -928 -128 ) (-640 -928 -502 ) 
4 278 282 (-1024 -512 416 ) (-1024 -496 416 ) (-1024 -496 -128 ) (-1024 -512 -128 ) 
4 278 281 (-1024 -512 -128 ) (-1024 -496 -128 ) (-896 -496 -128 ) (-896 -512 -128 ) 
4 278 280 (-1024 -512 -128 ) (-896 -512 -128 ) (-896 -512 416 ) (-1024 -512 416 ) 
4 279 281 (-768 -512 -128 ) (-640 -512 -128 ) (-640 -640 -128 ) (-768 -640 -128 ) 
4 279 280 (-768 -512 416 ) (-768 -512 -128 ) (-768 -640 -128 ) (-768 -640 416 ) 
4 280 372 (-768 -1024 416 ) (-1024 -1024 416 ) (-1024 -1024 -128 ) (-768 -1024 -128 ) 
4 280 282 (-1024 -1024 -128 ) (-1024 -1024 416 ) (-1024 -512 416 ) (-1024 -512 -128 ) 
4 280 281 (-1024 -1024 -128 ) (-1024 -512 -128 ) (-768 -512 -128 ) (-768 -1024 -128 ) 
4 281 370 (-640 -1024 -502 ) (-640 -1024 -128 ) (-768 -1024 -128 ) (-768 -1024 -502 ) 
4 281 372 (-768 -1024 -128 ) (-1024 -1024 -128 ) (-1024 -1024 -502 ) (-768 -1024 -502 ) 
4 281 282 (-1024 -1024 -502 ) (-1024 -1024 -128 ) (-1024 -496 -128 ) (-1024 -496 -502 ) 
4 282 373 (-1024 -1024 -502 ) (-1024 -1024 758 ) (-1267.430054 -1024 758 ) (-1267.430054 -1024 -502 ) 
4 283 326 (-48 -1280 62 ) (-48 -1440 62 ) (-48 -1440 758 ) (-48 -1280 758 ) 
4 283 346 (-48 -1440 62 ) (-48 -1536 62 ) (-48 -1536 758 ) (-48 -1440 758 ) 
4 283 303 (-48 -1024 758 ) (-48 -1024 62 ) (-48 -1280 62 ) (-48 -1280 758 ) 
4 283 292 (-48 -1536 758 ) (-48 -1536 62 ) (-46 -1536 62 ) (-46 -1536 758 ) 
4 283 291 (-46 -1536 62 ) (0 -1536 62 ) (0 -1536 758 ) (-46 -1536 758 ) 
4 283 286 (-46 -1536 62 ) (-48 -1536 62 ) (-48 -1180.439941 62 ) (-46 -1180.439941 62 ) 
4 283 284 (0 -1536 62 ) (-46 -1536 62 ) (-46 -1024 62 ) (0 -1024 62 ) 
4 284 291 (-46 -1536 0 ) (0 -1536 0 ) (0 -1536 62 ) (-46 -1536 62 ) 
4 284 290 (-46 -1184 0 ) (-46 -1152 0 ) (0 -1152 0 ) (0 -1184 0 ) 
4 284 289 (-46 -1152 0 ) (-46 -1120 0 ) (0 -1120 0 ) (0 -1152 0 ) 
4 284 288 (-46 -1120 0 ) (-46 -1088 0 ) (0 -1088 0 ) (0 -1120 0 ) 
4 284 287 (-46 -1088 0 ) (-46 -1024 0 ) (0 -1024 0 ) (0 -1088 0 ) 
4 284 285 (-46 -1024 0 ) (-46 -1180.439941 0 ) (-46 -1180.439941 54 ) (-46 -1024 54 ) 
4 284 286 (-46 -1180.439941 0 ) (-46 -1536 0 ) (-46 -1536 62 ) (-46 -1180.439941 62 ) 
4 285 314 (-48 -1176.890015 0 ) (-48 -1180.439941 0 ) (-48 -1180.439941 6 ) (-48 -1176.890015 6 ) 
4 285 312 (-48 -1127.110107 4 ) (-48 -1176.890015 4 ) (-48 -1176.890015 28 ) (-48 -1127.110107 28 ) 
4 285 311 (-48 -1176.890015 34 ) (-48 -1176.890015 54 ) (-48 -1127.110107 54 ) (-48 -1127.110107 34 ) 
4 285 308 (-48 -1120 34 ) (-48 -1120 54 ) (-48 -1047.110107 54 ) (-48 -1047.110107 34 ) 
4 285 309 (-48 -1047.110107 6 ) (-48 -1120 6 ) (-48 -1120 28 ) (-48 -1047.110107 28 ) 
4 285 307 (-48 -1024 28 ) (-48 -1024 6 ) (-48 -1040 6 ) (-48 -1040 28 ) 
4 285 306 (-48 -1024 54 ) (-48 -1024 34 ) (-48 -1040 34 ) (-48 -1040 54 ) 
4 285 310 (-48 -1024 6 ) (-48 -1024 4 ) (-48 -1120 4 ) (-48 -1120 6 ) 
4 285 313 (-48 -1024 4 ) (-48 -1024 0 ) (-48 -1176.890015 0 ) (-48 -1176.890015 4 ) 
4 285 290 (-48 -1180.439941 0 ) (-48 -1152 0 ) (-46 -1152 0 ) (-46 -1180.439941 0 ) 
4 285 289 (-48 -1152 0 ) (-48 -1120 0 ) (-46 -1120 0 ) (-46 -1152 0 ) 
4 285 288 (-48 -1120 0 ) (-48 -1088 0 ) (-46 -1088 0 ) (-46 -1120 0 ) 
4 285 287 (-48 -1088 0 ) (-48 -1024 0 ) (-46 -1024 0 ) (-46 -1088 0 ) 
4 285 286 (-48 -1180.439941 0 ) (-46 -1180.439941 0 ) (-46 -1180.439941 54 ) (-48 -1180.439941 54 ) 
4 286 345 (-48 -1435.650146 0 ) (-48 -1440 0 ) (-48 -1440 6 ) (-48 -1435.650146 6 ) 
4 286 344 (-48 -1440 60 ) (-48 -1440 62 ) (-48 -1436.729980 62 ) (-48 -1436.729980 60 ) 
4 286 328 (-48 -1282.180054 0 ) (-48 -1435.650146 0 ) (-48 -1435.650146 54 ) (-48 -1282.180054 54 ) 
4 286 327 (-48 -1280 0 ) (-48 -1282.180054 0 ) (-48 -1282.180054 62 ) (-48 -1280 62 ) 
4 286 346 (-48 -1440 0 ) (-48 -1536 0 ) (-48 -1536 62 ) (-48 -1440 62 ) 
4 286 314 (-48 -1180.439941 0 ) (-48 -1184 0 ) (-48 -1184 6 ) (-48 -1180.439941 6 ) 
4 286 315 (-48 -1184 0 ) (-48 -1280 0 ) (-48 -1280 54 ) (-48 -1184 54 ) 
4 286 304 (-48 -1184 62 ) (-48 -1180.439941 62 ) (-48 -1180.439941 56 ) (-48 -1184 56 ) 
4 286 305 (-48 -1280 54 ) (-48 -1280 62 ) (-48 -1184 62 ) (-48 -1184 54 ) 
4 286 292 (-48 -1536 62 ) (-48 -1536 0 ) (-46 -1536 0 ) (-46 -1536 62 ) 
4 286 290 (-48 -1184 0 ) (-48 -1180.439941 0 ) (-46 -1180.439941 0 ) (-46 -1184 0 ) 
4 287 288 (0 -1088 -48 ) (0 -1088 0 ) (-48 -1088 0 ) (-48 -1088 -48 ) 
4 288 289 (0 -1120 -32 ) (0 -1120 0 ) (-48 -1120 0 ) (-48 -1120 -32 ) 
4 289 290 (0 -1152 -16 ) (0 -1152 0 ) (-48 -1152 0 ) (-48 -1152 -16 ) 
4 291 298 (0 -1792 416 ) (0 -1792 758 ) (-46 -1792 758 ) (-46 -1792 416 ) 
4 291 296 (-46 -1632 -16 ) (-46 -1600 -16 ) (0 -1600 -16 ) (0 -1632 -16 ) 
4 291 297 (0 -1792 -16 ) (-46 -1792 -16 ) (-46 -1632 -16 ) (0 -1632 -16 ) 
4 291 295 (-46 -1600 -16 ) (-46 -1568 -16 ) (0 -1568 -16 ) (0 -1600 -16 ) 
4 291 293 (-46 -1792 62 ) (-46 -1792 758 ) (-46 -1539.560059 758 ) (-46 -1539.560059 62 ) 
4 291 294 (-46 -1539.560059 -16 ) (-46 -1792 -16 ) (-46 -1792 54 ) (-46 -1539.560059 54 ) 
4 291 292 (-46 -1536 -16 ) (-46 -1539.560059 -16 ) (-46 -1539.560059 758 ) (-46 -1536 758 ) 
4 292 352 (-48 -1536 6 ) (-48 -1536 0 ) (-48 -1539.560059 0 ) (-48 -1539.560059 6 ) 
4 292 349 (-48 -1536 62 ) (-48 -1536 56 ) (-48 -1539.560059 56 ) (-48 -1539.560059 62 ) 
4 292 348 (-48 -1539.560059 758 ) (-48 -1536 758 ) (-48 -1536 62 ) (-48 -1539.560059 62 ) 
4 292 293 (-46 -1539.560059 62 ) (-46 -1539.560059 758 ) (-48 -1539.560059 758 ) (-48 -1539.560059 62 ) 
4 292 294 (-48 -1539.560059 -16 ) (-46 -1539.560059 -16 ) (-46 -1539.560059 54 ) (-48 -1539.560059 54 ) 
4 293 348 (-48 -1792 62 ) (-48 -1792 758 ) (-48 -1539.560059 758 ) (-48 -1539.560059 62 ) 
4 293 298 (-46 -1792 758 ) (-48 -1792 758 ) (-48 -1792 416 ) (-46 -1792 416 ) 
4 294 361 (-48 -1592.890015 6 ) (-48 -1543.110107 6 ) (-48 -1543.110107 4 ) (-48 -1592.890015 4 ) 
4 294 362 (-48 -1792 4 ) (-48 -1792 6 ) (-48 -1600 6 ) (-48 -1600 4 ) 
4 294 360 (-48 -1792 6 ) (-48 -1792 28 ) (-48 -1756.439941 28 ) (-48 -1756.439941 6 ) 
4 294 359 (-48 -1792 34 ) (-48 -1792 54 ) (-48 -1756.439941 54 ) (-48 -1756.439941 34 ) 
4 294 357 (-48 -1749.329956 54 ) (-48 -1680 54 ) (-48 -1680 34 ) (-48 -1749.329956 34 ) 
4 294 358 (-48 -1680 28 ) (-48 -1680 6 ) (-48 -1749.329956 6 ) (-48 -1749.329956 28 ) 
4 294 356 (-48 -1600 28 ) (-48 -1600 6 ) (-48 -1672.890015 6 ) (-48 -1672.890015 28 ) 
4 294 355 (-48 -1672.890015 54 ) (-48 -1600 54 ) (-48 -1600 34 ) (-48 -1672.890015 34 ) 
4 294 354 (-48 -1543.110107 28 ) (-48 -1543.110107 6 ) (-48 -1592.890015 6 ) (-48 -1592.890015 28 ) 
4 294 353 (-48 -1592.890015 54 ) (-48 -1543.110107 54 ) (-48 -1543.110107 34 ) (-48 -1592.890015 34 ) 
4 294 363 (-48 -1792 0 ) (-48 -1792 4 ) (-48 -1543.110107 4 ) (-48 -1543.110107 0 ) 
4 294 352 (-48 -1539.560059 6 ) (-48 -1539.560059 0 ) (-48 -1543.110107 0 ) (-48 -1543.110107 6 ) 
4 294 296 (-48 -1632 -16 ) (-48 -1600 -16 ) (-46 -1600 -16 ) (-46 -1632 -16 ) 
4 294 297 (-46 -1792 -16 ) (-48 -1792 -16 ) (-48 -1632 -16 ) (-46 -1632 -16 ) 
4 294 295 (-48 -1600 -16 ) (-48 -1568 -16 ) (-46 -1568 -16 ) (-46 -1600 -16 ) 
4 295 296 (0 -1600 -32 ) (0 -1600 -16 ) (-48 -1600 -16 ) (-48 -1600 -32 ) 
4 296 297 (0 -1632 -48 ) (0 -1632 -16 ) (-48 -1632 -16 ) (-48 -1632 -48 ) 
4 298 366 (-48 -1888 416 ) (-48 -1888 758 ) (-48 -1792 758 ) (-48 -1792 416 ) 
4 298 299 (0 -1888 416 ) (0 -1888 758 ) (-48 -1888 758 ) (-48 -1888 416 ) 
4 299 368 (-48 -1888 -64 ) (-48 -2033.329956 -64 ) (-48 -2033.329956 758 ) (-48 -1888 758 ) 
4 299 302 (-48 -2033.329956 -64 ) (-48 -1888 -64 ) (0 -1888 -64 ) (0 -2033.329956 -64 ) 
4 300 365 (-48 -1024 -224 ) (-48 -1024 -502 ) (-48 -1792 -502 ) (-48 -1792 -224 ) 
4 300 301 (-48 -1792 -502 ) (0 -1792 -502 ) (0 -1792 -224 ) (-48 -1792 -224 ) 
4 301 367 (-48 -1792 -502 ) (-48 -1888 -502 ) (-48 -1888 -128 ) (-48 -1792 -128 ) 
4 301 302 (-48 -1888 -502 ) (0 -1888 -502 ) (0 -1888 -128 ) (-48 -1888 -128 ) 
4 302 368 (-48 -1888 -502 ) (-48 -2033.329956 -502 ) (-48 -2033.329956 -64 ) (-48 -1888 -64 ) 
4 303 326 (-48 -1280 62 ) (-48 -1280 758 ) (-54 -1280 758 ) (-54 -1280 62 ) 
4 303 316 (-54 -1180.439941 758 ) (-54 -1024 758 ) (-54 -1024 62 ) (-54 -1180.439941 62 ) 
4 303 318 (-54 -1280 62 ) (-54 -1280 758 ) (-54 -1180.439941 758 ) (-54 -1180.439941 62 ) 
4 303 304 (-54 -1184 62 ) (-54 -1180.439941 62 ) (-48 -1180.439941 62 ) (-48 -1184 62 ) 
4 303 305 (-48 -1280 62 ) (-54 -1280 62 ) (-54 -1184 62 ) (-48 -1184 62 ) 
4 304 318 (-54 -1184 62 ) (-54 -1180.439941 62 ) (-54 -1180.439941 56 ) (-54 -1184 56 ) 
4 304 305 (-48 -1184 56 ) (-48 -1184 62 ) (-54 -1184 62 ) (-54 -1184 56 ) 
4 305 329 (-50 -1280 62 ) (-54 -1280 62 ) (-54 -1280 56 ) (-50 -1280 56 ) 
4 305 327 (-48 -1280 54 ) (-48 -1280 62 ) (-50 -1280 62 ) (-50 -1280 54 ) 
4 305 318 (-54 -1280 54 ) (-54 -1280 62 ) (-54 -1184 62 ) (-54 -1184 54 ) 
4 305 315 (-48 -1280 54 ) (-54 -1280 54 ) (-54 -1184 54 ) (-48 -1184 54 ) 
4 306 317 (-54 -1040 54 ) (-54 -1024 54 ) (-54 -1024 34 ) (-54 -1040 34 ) 
4 307 317 (-54 -1024 28 ) (-54 -1024 6 ) (-54 -1040 6 ) (-54 -1040 28 ) 
4 307 310 (-54 -1040 6 ) (-54 -1024 6 ) (-48 -1024 6 ) (-48 -1040 6 ) 
4 308 317 (-54 -1120 54 ) (-54 -1047.110107 54 ) (-54 -1047.110107 34 ) (-54 -1120 34 ) 
4 309 317 (-54 -1047.110107 28 ) (-54 -1047.110107 6 ) (-54 -1120 6 ) (-54 -1120 28 ) 
4 309 310 (-48 -1120 6 ) (-54 -1120 6 ) (-54 -1047.110107 6 ) (-48 -1047.110107 6 ) 
4 310 317 (-54 -1024 6 ) (-54 -1024 4 ) (-54 -1120 4 ) (-54 -1120 6 ) 
4 310 313 (-54 -1120 4 ) (-54 -1024 4 ) (-48 -1024 4 ) (-48 -1120 4 ) 
4 311 317 (-54 -1176.890015 34 ) (-54 -1176.890015 54 ) (-54 -1127.110107 54 ) (-54 -1127.110107 34 ) 
4 312 317 (-54 -1176.890015 4 ) (-54 -1176.890015 28 ) (-54 -1127.110107 28 ) (-54 -1127.110107 4 ) 
4 312 314 (-54 -1176.890015 6 ) (-54 -1176.890015 4 ) (-48 -1176.890015 4 ) (-48 -1176.890015 6 ) 
4 312 313 (-48 -1176.890015 4 ) (-54 -1176.890015 4 ) (-54 -1127.110107 4 ) (-48 -1127.110107 4 ) 
4 313 317 (-54 -1024 0 ) (-54 -1176.890015 0 ) (-54 -1176.890015 4 ) (-54 -1024 4 ) 
4 313 314 (-54 -1176.890015 4 ) (-54 -1176.890015 0 ) (-48 -1176.890015 0 ) (-48 -1176.890015 4 ) 
4 314 317 (-54 -1176.890015 0 ) (-54 -1180.439941 0 ) (-54 -1180.439941 6 ) (-54 -1176.890015 6 ) 
4 314 318 (-54 -1180.439941 0 ) (-54 -1184 0 ) (-54 -1184 6 ) (-54 -1180.439941 6 ) 
4 314 315 (-54 -1184 6 ) (-54 -1184 0 ) (-48 -1184 0 ) (-48 -1184 6 ) 
4 315 330 (-54 -1280 0 ) (-50 -1280 0 ) (-50 -1280 6 ) (-54 -1280 6 ) 
4 315 327 (-50 -1280 0 ) (-48 -1280 0 ) (-48 -1280 54 ) (-50 -1280 54 ) 
4 315 318 (-54 -1184 0 ) (-54 -1280 0 ) (-54 -1280 54 ) (-54 -1184 54 ) 
4 316 319 (-56 -1180.439941 62 ) (-56 -1180.439941 758 ) (-56 -1024 758 ) (-56 -1024 62 ) 
4 316 318 (-56 -1180.439941 758 ) (-56 -1180.439941 62 ) (-54 -1180.439941 62 ) (-54 -1180.439941 758 ) 
4 317 318 (-56 -1180.439941 54 ) (-56 -1180.439941 0 ) (-54 -1180.439941 0 ) (-54 -1180.439941 54 ) 
4 317 319 (-56 -1024 0 ) (-56 -1180.439941 0 ) (-56 -1180.439941 54 ) (-56 -1024 54 ) 
4 318 330 (-56 -1280 0 ) (-54 -1280 0 ) (-54 -1280 6 ) (-56 -1280 6 ) 
4 318 329 (-54 -1280 56 ) (-54 -1280 62 ) (-56 -1280 62 ) (-56 -1280 56 ) 
4 318 326 (-54 -1280 62 ) (-54 -1280 758 ) (-56 -1280 758 ) (-56 -1280 62 ) 
4 318 319 (-56 -1180.439941 0 ) (-56 -1280 0 ) (-56 -1280 758 ) (-56 -1180.439941 758 ) 
4 319 342 (-58 -1280 0 ) (-56 -1280 0 ) (-56 -1280 62 ) (-58 -1280 62 ) 
4 319 326 (-56 -1280 62 ) (-56 -1280 758 ) (-58 -1280 758 ) (-58 -1280 62 ) 
4 319 347 (-400 -1280 0 ) (-58 -1280 0 ) (-58 -1280 758 ) (-400 -1280 758 ) 
4 319 320 (-400 -1056 32 ) (-400 -1056 758 ) (-400 -1024 758 ) (-400 -1024 32 ) 
4 319 321 (-400 -1056 0 ) (-400 -1280 0 ) (-400 -1280 758 ) (-400 -1056 758 ) 
4 320 322 (-448 -1024 758 ) (-448 -1024 64 ) (-448 -1056 64 ) (-448 -1056 758 ) 
4 320 321 (-400 -1056 32 ) (-400 -1056 758 ) (-448 -1056 758 ) (-448 -1056 32 ) 
4 321 347 (-448 -1280 0 ) (-400 -1280 0 ) (-400 -1280 758 ) (-448 -1280 758 ) 
4 321 325 (-448 -1056 0 ) (-448 -1280 0 ) (-448 -1280 758 ) (-448 -1056 758 ) 
4 322 325 (-448 -1056 64 ) (-448 -1056 758 ) (-496 -1056 758 ) (-496 -1056 64 ) 
4 322 323 (-496 -1056 96 ) (-496 -1056 758 ) (-496 -1024 758 ) (-496 -1024 96 ) 
4 323 325 (-496 -1056 96 ) (-496 -1056 758 ) (-544 -1056 758 ) (-544 -1056 96 ) 
4 323 324 (-544 -1024 758 ) (-544 -1024 128 ) (-544 -1056 128 ) (-544 -1056 758 ) 
4 324 369 (-640 -1024 758 ) (-640 -1024 416 ) (-640 -1056 416 ) (-640 -1056 758 ) 
4 324 325 (-640 -1056 758 ) (-640 -1056 128 ) (-544 -1056 128 ) (-544 -1056 758 ) 
4 325 369 (-640 -1280 416 ) (-640 -1280 758 ) (-640 -1056 758 ) (-640 -1056 416 ) 
4 325 347 (-640 -1280 758 ) (-640 -1280 0 ) (-448 -1280 0 ) (-448 -1280 758 ) 
4 326 344 (-48 -1440 62 ) (-58 -1440 62 ) (-58 -1436.729980 62 ) (-48 -1436.729980 62 ) 
4 326 342 (-58 -1282.180054 62 ) (-58 -1280 62 ) (-56 -1280 62 ) (-56 -1282.180054 62 ) 
4 326 329 (-56 -1280 62 ) (-50 -1280 62 ) (-50 -1282.180054 62 ) (-56 -1282.180054 62 ) 
4 326 327 (-50 -1280 62 ) (-48 -1280 62 ) (-48 -1282.180054 62 ) (-50 -1282.180054 62 ) 
4 326 346 (-58 -1440 758 ) (-58 -1440 62 ) (-48 -1440 62 ) (-48 -1440 758 ) 
4 326 347 (-58 -1440 758 ) (-58 -1280 758 ) (-58 -1280 62 ) (-58 -1440 62 ) 
4 327 330 (-50 -1280 6 ) (-50 -1280 0 ) (-50 -1282.180054 0 ) (-50 -1282.180054 6 ) 
4 327 329 (-50 -1282.180054 62 ) (-50 -1280 62 ) (-50 -1280 56 ) (-50 -1282.180054 56 ) 
4 327 328 (-50 -1282.180054 54 ) (-50 -1282.180054 0 ) (-48 -1282.180054 0 ) (-48 -1282.180054 54 ) 
4 328 345 (-50 -1435.650146 6 ) (-50 -1435.650146 0 ) (-48 -1435.650146 0 ) (-48 -1435.650146 6 ) 
4 328 339 (-50 -1314.829956 6 ) (-50 -1284.349976 6 ) (-50 -1284.349976 4 ) (-50 -1314.829956 4 ) 
4 328 340 (-50 -1435.650146 4 ) (-50 -1435.650146 6 ) (-50 -1319.180054 6 ) (-50 -1319.180054 4 ) 
4 328 338 (-50 -1435.650146 6 ) (-50 -1435.650146 28 ) (-50 -1414.970093 28 ) (-50 -1414.970093 6 ) 
4 328 337 (-50 -1435.650146 34 ) (-50 -1435.650146 54 ) (-50 -1414.970093 54 ) (-50 -1414.970093 34 ) 
4 328 335 (-50 -1410.610107 54 ) (-50 -1368.160034 54 ) (-50 -1368.160034 34 ) (-50 -1410.610107 34 ) 
4 328 336 (-50 -1368.160034 28 ) (-50 -1368.160034 6 ) (-50 -1410.610107 6 ) (-50 -1410.610107 28 ) 
4 328 334 (-50 -1319.180054 28 ) (-50 -1319.180054 6 ) (-50 -1363.810059 6 ) (-50 -1363.810059 28 ) 
4 328 333 (-50 -1363.810059 54 ) (-50 -1319.180054 54 ) (-50 -1319.180054 34 ) (-50 -1363.810059 34 ) 
4 328 332 (-50 -1284.349976 28 ) (-50 -1284.349976 6 ) (-50 -1314.829956 6 ) (-50 -1314.829956 28 ) 
4 328 331 (-50 -1314.829956 54 ) (-50 -1284.349976 54 ) (-50 -1284.349976 34 ) (-50 -1314.829956 34 ) 
4 328 341 (-50 -1435.650146 0 ) (-50 -1435.650146 4 ) (-50 -1284.349976 4 ) (-50 -1284.349976 0 ) 
4 328 330 (-50 -1282.180054 6 ) (-50 -1282.180054 0 ) (-50 -1284.349976 0 ) (-50 -1284.349976 6 ) 
4 329 342 (-56 -1282.180054 62 ) (-56 -1280 62 ) (-56 -1280 56 ) (-56 -1282.180054 56 ) 
4 330 343 (-56 -1282.180054 0 ) (-56 -1284.349976 0 ) (-56 -1284.349976 6 ) (-56 -1282.180054 6 ) 
4 330 342 (-56 -1280 6 ) (-56 -1280 0 ) (-56 -1282.180054 0 ) (-56 -1282.180054 6 ) 
4 330 339 (-50 -1284.349976 4 ) (-50 -1284.349976 6 ) (-56 -1284.349976 6 ) (-56 -1284.349976 4 ) 
4 330 341 (-50 -1284.349976 0 ) (-50 -1284.349976 4 ) (-56 -1284.349976 4 ) (-56 -1284.349976 0 ) 
4 331 343 (-56 -1314.829956 54 ) (-56 -1284.349976 54 ) (-56 -1284.349976 34 ) (-56 -1314.829956 34 ) 
4 332 343 (-56 -1284.349976 28 ) (-56 -1284.349976 6 ) (-56 -1314.829956 6 ) (-56 -1314.829956 28 ) 
4 332 339 (-56 -1314.829956 6 ) (-56 -1284.349976 6 ) (-50 -1284.349976 6 ) (-50 -1314.829956 6 ) 
4 333 343 (-56 -1363.810059 54 ) (-56 -1319.180054 54 ) (-56 -1319.180054 34 ) (-56 -1363.810059 34 ) 
4 334 343 (-56 -1319.180054 28 ) (-56 -1319.180054 6 ) (-56 -1363.810059 6 ) (-56 -1363.810059 28 ) 
4 334 340 (-56 -1363.810059 6 ) (-56 -1319.180054 6 ) (-50 -1319.180054 6 ) (-50 -1363.810059 6 ) 
4 335 343 (-56 -1410.610107 54 ) (-56 -1368.160034 54 ) (-56 -1368.160034 34 ) (-56 -1410.610107 34 ) 
4 336 343 (-56 -1368.160034 28 ) (-56 -1368.160034 6 ) (-56 -1410.610107 6 ) (-56 -1410.610107 28 ) 
4 336 340 (-56 -1410.610107 6 ) (-56 -1368.160034 6 ) (-50 -1368.160034 6 ) (-50 -1410.610107 6 ) 
4 337 343 (-56 -1435.650146 34 ) (-56 -1435.650146 54 ) (-56 -1414.970093 54 ) (-56 -1414.970093 34 ) 
4 338 343 (-56 -1435.650146 6 ) (-56 -1435.650146 28 ) (-56 -1414.970093 28 ) (-56 -1414.970093 6 ) 
4 338 340 (-56 -1435.650146 6 ) (-56 -1414.970093 6 ) (-50 -1414.970093 6 ) (-50 -1435.650146 6 ) 
4 339 343 (-56 -1314.829956 6 ) (-56 -1284.349976 6 ) (-56 -1284.349976 4 ) (-56 -1314.829956 4 ) 
4 339 341 (-56 -1314.829956 4 ) (-56 -1284.349976 4 ) (-50 -1284.349976 4 ) (-50 -1314.829956 4 ) 
4 340 345 (-56 -1435.650146 6 ) (-56 -1435.650146 4 ) (-50 -1435.650146 4 ) (-50 -1435.650146 6 ) 
4 340 343 (-56 -1435.650146 4 ) (-56 -1435.650146 6 ) (-56 -1319.180054 6 ) (-56 -1319.180054 4 ) 
4 340 341 (-56 -1435.650146 4 ) (-56 -1319.180054 4 ) (-50 -1319.180054 4 ) (-50 -1435.650146 4 ) 
4 341 345 (-56 -1435.650146 4 ) (-56 -1435.650146 0 ) (-50 -1435.650146 0 ) (-50 -1435.650146 4 ) 
4 341 343 (-56 -1435.650146 0 ) (-56 -1435.650146 4 ) (-56 -1284.349976 4 ) (-56 -1284.349976 0 ) 
4 342 343 (-56 -1282.180054 0 ) (-56 -1282.180054 54 ) (-58 -1282.180054 54 ) (-58 -1282.180054 0 ) 
4 342 347 (-58 -1280 62 ) (-58 -1280 0 ) (-58 -1282.180054 0 ) (-58 -1282.180054 62 ) 
4 343 345 (-58 -1435.650146 6 ) (-58 -1435.650146 0 ) (-56 -1435.650146 0 ) (-56 -1435.650146 6 ) 
4 343 347 (-58 -1282.180054 0 ) (-58 -1435.650146 0 ) (-58 -1435.650146 54 ) (-58 -1282.180054 54 ) 
4 344 346 (-58 -1440 62 ) (-58 -1440 60 ) (-48 -1440 60 ) (-48 -1440 62 ) 
4 344 347 (-58 -1440 60 ) (-58 -1440 62 ) (-58 -1436.729980 62 ) (-58 -1436.729980 60 ) 
4 345 347 (-58 -1435.650146 0 ) (-58 -1440 0 ) (-58 -1440 6 ) (-58 -1435.650146 6 ) 
4 345 346 (-58 -1440 6 ) (-58 -1440 0 ) (-48 -1440 0 ) (-48 -1440 6 ) 
4 346 352 (-54 -1536 0 ) (-48 -1536 0 ) (-48 -1536 6 ) (-54 -1536 6 ) 
4 346 364 (-58 -1536 0 ) (-54 -1536 0 ) (-54 -1536 54 ) (-58 -1536 54 ) 
4 346 350 (-54 -1536 62 ) (-56 -1536 62 ) (-56 -1536 54 ) (-54 -1536 54 ) 
4 346 349 (-48 -1536 56 ) (-48 -1536 62 ) (-54 -1536 62 ) (-54 -1536 56 ) 
4 346 351 (-56 -1536 62 ) (-58 -1536 62 ) (-58 -1536 54 ) (-56 -1536 54 ) 
4 346 348 (-48 -1536 62 ) (-48 -1536 758 ) (-58 -1536 758 ) (-58 -1536 62 ) 
4 346 347 (-58 -1536 0 ) (-58 -1536 758 ) (-58 -1440 758 ) (-58 -1440 0 ) 
4 347 369 (-640 -1536 416 ) (-640 -1536 758 ) (-640 -1280 758 ) (-640 -1280 416 ) 
4 347 364 (-640 -1536 54 ) (-640 -1536 0 ) (-58 -1536 0 ) (-58 -1536 54 ) 
4 347 351 (-640 -1536 62 ) (-640 -1536 54 ) (-58 -1536 54 ) (-58 -1536 62 ) 
4 347 348 (-640 -1536 758 ) (-640 -1536 62 ) (-58 -1536 62 ) (-58 -1536 758 ) 
4 348 369 (-640 -1792 416 ) (-640 -1792 758 ) (-640 -1536 758 ) (-640 -1536 416 ) 
4 348 366 (-640 -1792 758 ) (-640 -1792 416 ) (-48 -1792 416 ) (-48 -1792 758 ) 
4 348 350 (-56 -1539.560059 62 ) (-56 -1536 62 ) (-54 -1536 62 ) (-54 -1539.560059 62 ) 
4 348 349 (-54 -1536 62 ) (-48 -1536 62 ) (-48 -1539.560059 62 ) (-54 -1539.560059 62 ) 
4 348 351 (-56 -1792 62 ) (-640 -1792 62 ) (-640 -1536 62 ) (-56 -1536 62 ) 
4 349 350 (-54 -1539.560059 62 ) (-54 -1536 62 ) (-54 -1536 56 ) (-54 -1539.560059 56 ) 
4 350 364 (-56 -1539.560059 54 ) (-56 -1536 54 ) (-54 -1536 54 ) (-54 -1539.560059 54 ) 
4 350 351 (-56 -1536 54 ) (-56 -1539.560059 54 ) (-56 -1539.560059 62 ) (-56 -1536 62 ) 
4 351 364 (-56 -1792 54 ) (-640 -1792 54 ) (-640 -1536 54 ) (-56 -1536 54 ) 
4 352 361 (-54 -1543.110107 6 ) (-54 -1543.110107 4 ) (-48 -1543.110107 4 ) (-48 -1543.110107 6 ) 
4 352 363 (-54 -1543.110107 4 ) (-54 -1543.110107 0 ) (-48 -1543.110107 0 ) (-48 -1543.110107 4 ) 
4 352 364 (-54 -1536 6 ) (-54 -1536 0 ) (-54 -1543.110107 0 ) (-54 -1543.110107 6 ) 
4 353 364 (-54 -1592.890015 54 ) (-54 -1543.110107 54 ) (-54 -1543.110107 34 ) (-54 -1592.890015 34 ) 
4 354 361 (-54 -1592.890015 6 ) (-54 -1543.110107 6 ) (-48 -1543.110107 6 ) (-48 -1592.890015 6 ) 
4 354 364 (-54 -1543.110107 28 ) (-54 -1543.110107 6 ) (-54 -1592.890015 6 ) (-54 -1592.890015 28 ) 
4 355 364 (-54 -1672.890015 54 ) (-54 -1600 54 ) (-54 -1600 34 ) (-54 -1672.890015 34 ) 
4 356 362 (-54 -1672.890015 6 ) (-54 -1600 6 ) (-48 -1600 6 ) (-48 -1672.890015 6 ) 
4 356 364 (-54 -1600 28 ) (-54 -1600 6 ) (-54 -1672.890015 6 ) (-54 -1672.890015 28 ) 
4 357 364 (-54 -1749.329956 54 ) (-54 -1680 54 ) (-54 -1680 34 ) (-54 -1749.329956 34 ) 
4 358 362 (-54 -1749.329956 6 ) (-54 -1680 6 ) (-48 -1680 6 ) (-48 -1749.329956 6 ) 
4 358 364 (-54 -1680 28 ) (-54 -1680 6 ) (-54 -1749.329956 6 ) (-54 -1749.329956 28 ) 
4 359 364 (-54 -1792 54 ) (-54 -1756.439941 54 ) (-54 -1756.439941 34 ) (-54 -1792 34 ) 
4 360 362 (-48 -1792 6 ) (-54 -1792 6 ) (-54 -1756.439941 6 ) (-48 -1756.439941 6 ) 
4 360 364 (-54 -1756.439941 6 ) (-54 -1792 6 ) (-54 -1792 28 ) (-54 -1756.439941 28 ) 
4 361 363 (-54 -1592.890015 4 ) (-54 -1543.110107 4 ) (-48 -1543.110107 4 ) (-48 -1592.890015 4 ) 
4 361 364 (-54 -1543.110107 6 ) (-54 -1543.110107 4 ) (-54 -1592.890015 4 ) (-54 -1592.890015 6 ) 
4 362 364 (-54 -1600 4 ) (-54 -1792 4 ) (-54 -1792 6 ) (-54 -1600 6 ) 
4 362 363 (-48 -1792 4 ) (-54 -1792 4 ) (-54 -1600 4 ) (-48 -1600 4 ) 
4 363 364 (-54 -1543.110107 4 ) (-54 -1543.110107 0 ) (-54 -1792 0 ) (-54 -1792 4 ) 
4 365 370 (-640 -1024 -128 ) (-640 -1024 -502 ) (-640 -1792 -502 ) (-640 -1792 -128 ) 
4 365 367 (-640 -1792 -128 ) (-640 -1792 -502 ) (-48 -1792 -502 ) (-48 -1792 -128 ) 
4 366 369 (-640 -1888 416 ) (-640 -1888 758 ) (-640 -1792 758 ) (-640 -1792 416 ) 
4 366 368 (-48 -1888 758 ) (-640 -1888 758 ) (-640 -1888 416 ) (-48 -1888 416 ) 
4 367 370 (-640 -1792 -502 ) (-640 -1888 -502 ) (-640 -1888 -128 ) (-640 -1792 -128 ) 
4 367 368 (-640 -1888 -128 ) (-640 -1888 -502 ) (-48 -1888 -502 ) (-48 -1888 -128 ) 
4 368 371 (-640 -1888 -502 ) (-640 -2033.329956 -502 ) (-640 -2033.329956 758 ) (-640 -1888 758 ) 
4 369 372 (-768 -1888 416 ) (-768 -1888 758 ) (-768 -1024 758 ) (-768 -1024 416 ) 
4 369 371 (-768 -1888 758 ) (-768 -1888 416 ) (-640 -1888 416 ) (-640 -1888 758 ) 
4 370 371 (-768 -1888 -128 ) (-768 -1888 -502 ) (-640 -1888 -502 ) (-640 -1888 -128 ) 
4 370 372 (-768 -1024 -502 ) (-768 -1888 -502 ) (-768 -1888 -128 ) (-768 -1024 -128 ) 
4 371 372 (-768 -1888 -502 ) (-768 -2033.329956 -502 ) (-768 -2033.329956 758 ) (-768 -1888 758 ) 
4 372 373 (-1024 -1024 758 ) (-1024 -1024 -502 ) (-1024 -2033.329956 -502 ) (-1024 -2033.329956 758 ) 
