124
449
4 0 93 (384.000000 -320.000000 576.000000) (384.000000 -320.000000 736.000000) (384.000000 -304.000000 736.000000) (384.000000 -304.000000 576.000000) 
4 0 91 (384.000000 -146.256063 736.000000) (384.000000 -103.690030 736.000000) (384.000000 -103.690030 576.000000) (384.000000 -146.256063 576.000000) 
4 0 69 (384.000000 -103.690030 736.000000) (384.000000 160.000000 736.000000) (384.000000 160.000000 576.000000) (384.000000 -103.690030 576.000000) 
4 0 66 (384.000000 -304.000000 736.000000) (384.000000 -146.256063 736.000000) (384.000000 -146.256063 576.000000) (384.000000 -304.000000 576.000000) 
4 0 58 (384.000000 -320.000000 736.000000) (384.000000 -320.000000 576.000000) (608.000000 -320.000000 576.000000) (608.000000 -320.000000 736.000000) 
4 0 38 (608.000000 -320.000000 576.000000) (1120.000000 -320.000000 576.000000) (1120.000000 -320.000000 736.000000) (608.000000 -320.000000 736.000000) 
4 0 36 (384.000000 -64.000000 576.000000) (384.000000 -32.000000 576.000000) (465.088416 -32.000000 576.000000) (428.893295 -64.000000 576.000000) 
4 0 34 (384.000000 -32.000000 576.000000) (384.000000 32.000000 576.000000) (448.000000 32.000000 576.000000) (448.000000 -32.000000 576.000000) 
4 0 32 (384.000000 64.000000 576.000000) (384.000000 160.000000 576.000000) (448.000000 160.000000 576.000000) (448.000000 64.000000 576.000000) 
4 0 30 (480.000000 160.000000 576.000000) (576.000000 160.000000 576.000000) (576.000000 66.056605 576.000000) (480.000000 -18.816712 576.000000) 
4 0 28 (384.000000 -224.000000 576.000000) (384.000000 -146.256063 576.000000) (416.000000 -117.964957 576.000000) (416.000000 -224.000000 576.000000) 
5 0 27 (576.000000 -320.000000 576.000000) (416.000000 -320.000000 576.000000) (416.000000 -117.964957 576.000000) (422.746948 -112.000000 576.000000) (576.000000 -112.000000 576.000000) 
3 0 24 (477.039629 -64.000000 576.000000) (576.000000 23.490573 576.000000) (576.000000 -64.000000 576.000000) 
4 0 21 (784.000000 -320.000000 576.000000) (608.000000 -320.000000 576.000000) (608.000000 -272.000000 576.000000) (784.000000 -272.000000 576.000000) 
4 0 19 (896.000000 -320.000000 576.000000) (800.000000 -320.000000 576.000000) (800.000000 -272.000000 576.000000) (896.000000 -272.000000 576.000000) 
4 0 16 (1120.000000 -240.000000 576.000000) (1120.000000 -272.000000 576.000000) (992.000000 -272.000000 576.000000) (992.000000 -240.000000 576.000000) 
4 0 13 (1089.000000 -37.999999 576.000000) (1104.000000 -37.609374 576.000000) (1104.000000 -69.609377 576.000000) (1089.000000 -70.000002 576.000000) 
4 0 14 (608.000000 -82.526044 576.000000) (608.000000 -50.526040 576.000000) (705.000000 -47.999999 576.000000) (705.000000 -80.000002 576.000000) 
3 0 11 (608.000000 94.347711 576.000000) (608.000000 100.428517 576.000000) (610.999972 96.999978 576.000000) 
4 0 10 (608.000000 100.428517 576.000000) (608.000000 112.000000 576.000000) (676.112795 112.000000 576.000000) (631.999969 72.999980 576.000000) 
5 0 9 (608.000000 -50.526040 576.000000) (608.000000 51.781678 576.000000) (676.112795 112.000000 576.000000) (732.834781 112.000000 576.000000) (893.325111 -43.095699 576.000000) 
4 0 8 (779.634773 112.000000 576.000000) (1104.000000 112.000000 576.000000) (1104.000000 -37.609374 576.000000) (938.897055 -41.908929 576.000000) 
5 0 7 (608.000000 144.000000 576.000000) (608.000000 160.000000 576.000000) (729.965208 160.000000 576.000000) (731.000007 158.999984 576.000000) (716.000023 144.000000 576.000000) 
4 0 6 (729.965208 160.000000 576.000000) (1104.000000 160.000000 576.000000) (1104.000000 144.000000 576.000000) (746.521729 144.000000 576.000000) 
4 0 4 (971.141204 -73.069242 576.000000) (1104.000000 -69.609377 576.000000) (1104.000000 -170.000058 576.000000) (1088.000024 -186.000035 576.000000) 
4 0 3 (1104.000000 -240.000000 576.000000) (1097.078256 -240.000000 576.000000) (1065.000027 -209.000031 576.000000) (1104.000000 -170.000058 576.000000) 
4 0 2 (1097.078256 -240.000000 576.000000) (608.000000 -240.000000 576.000000) (608.000000 -82.526044 576.000000) (925.569260 -74.256011 576.000000) 
4 0 1 (1120.000000 160.000000 576.000000) (1120.000000 -240.000000 576.000000) (1104.000000 -240.000000 576.000000) (1104.000000 160.000000 576.000000) 
4 1 65 (1104.000000 160.000000 480.000000) (1120.000000 160.000000 480.000000) (1120.000000 -240.000000 480.000000) (1104.000000 -240.000000 480.000000) 
4 1 16 (1104.000000 -240.000000 480.000000) (1120.000000 -240.000000 480.000000) (1120.000000 -240.000000 576.000000) (1104.000000 -240.000000 576.000000) 
4 1 13 (1104.000000 -37.609374 528.000000) (1104.000000 -69.609377 528.000000) (1104.000000 -69.609377 576.000000) (1104.000000 -37.609374 576.000000) 
4 1 8 (1104.000000 112.000000 544.000000) (1104.000000 -37.609374 544.000000) (1104.000000 -37.609374 576.000000) (1104.000000 112.000000 576.000000) 
4 1 6 (1104.000000 160.000000 576.000000) (1104.000000 160.000000 544.000000) (1104.000000 144.000000 544.000000) (1104.000000 144.000000 576.000000) 
4 1 12 (1104.000000 160.000000 544.000000) (1104.000000 160.000000 528.000000) (1104.000000 -37.609374 528.000000) (1104.000000 -37.609374 544.000000) 
4 1 15 (1104.000000 160.000000 528.000000) (1104.000000 160.000000 480.000000) (1104.000000 -69.609377 480.000000) (1104.000000 -69.609377 528.000000) 
4 1 4 (1104.000000 -170.000058 576.000000) (1104.000000 -69.609377 576.000000) (1104.000000 -69.609377 544.000000) (1104.000000 -170.000058 544.000000) 
4 1 3 (1104.000000 -240.000000 544.000000) (1104.000000 -240.000000 576.000000) (1104.000000 -170.000058 576.000000) (1104.000000 -170.000058 544.000000) 
4 1 5 (1104.000000 -69.609377 480.000000) (1104.000000 -240.000000 480.000000) (1104.000000 -240.000000 544.000000) (1104.000000 -69.609377 544.000000) 
4 2 16 (1097.078256 -240.000000 576.000000) (992.000000 -240.000000 576.000000) (992.000000 -240.000000 544.000000) (1097.078256 -240.000000 544.000000) 
4 2 14 (608.000000 -82.526044 544.000000) (608.000000 -82.526044 576.000000) (705.000000 -80.000002 576.000000) (705.000000 -80.000002 544.000000) 
4 2 3 (1097.078281 -240.000000 576.000000) (1097.078281 -240.000000 544.000000) (1065.000040 -209.000019 544.000000) (1065.000040 -209.000019 576.000000) 
4 2 5 (608.000000 -240.000000 544.000000) (608.000000 -82.526044 544.000000) (925.569260 -74.256011 544.000000) (1097.078256 -240.000000 544.000000) 
4 3 16 (1104.000000 -240.000000 544.000000) (1104.000000 -240.000000 576.000000) (1097.078256 -240.000000 576.000000) (1097.078256 -240.000000 544.000000) 
4 3 4 (1104.000000 -170.000015 576.000000) (1104.000000 -170.000015 544.000000) (1088.000001 -186.000013 544.000000) (1088.000001 -186.000013 576.000000) 
4 3 5 (1104.000000 -170.000058 544.000000) (1104.000000 -240.000000 544.000000) (1097.078256 -240.000000 544.000000) (1065.000027 -209.000031 544.000000) 
4 4 13 (1089.000000 -70.000002 576.000000) (1104.000000 -69.609377 576.000000) (1104.000000 -69.609377 544.000000) (1089.000000 -70.000002 544.000000) 
4 4 5 (971.141204 -73.069242 544.000000) (1104.000000 -69.609377 544.000000) (1104.000000 -170.000058 544.000000) (1088.000024 -186.000035 544.000000) 
4 5 65 (608.000000 -240.000000 480.000000) (608.000000 -82.526044 480.000000) (1104.000000 -69.609377 480.000000) (1104.000000 -240.000000 480.000000) 
4 5 26 (608.000000 -112.000000 480.000000) (608.000000 -240.000000 480.000000) (608.000000 -240.000000 544.000000) (608.000000 -112.000000 544.000000) 
4 5 25 (608.000000 -82.526044 480.000000) (608.000000 -112.000000 480.000000) (608.000000 -112.000000 544.000000) (608.000000 -82.526044 544.000000) 
4 5 17 (608.000000 -240.000000 480.000000) (992.000000 -240.000000 480.000000) (992.000000 -240.000000 544.000000) (608.000000 -240.000000 544.000000) 
4 5 16 (992.000000 -240.000000 480.000000) (1104.000000 -240.000000 480.000000) (1104.000000 -240.000000 544.000000) (992.000000 -240.000000 544.000000) 
4 5 13 (1089.000000 -70.000002 544.000000) (1104.000000 -69.609377 544.000000) (1104.000000 -69.609377 528.000000) (1089.000000 -70.000002 528.000000) 
4 5 14 (608.000000 -82.526044 528.000000) (608.000000 -82.526044 544.000000) (705.000000 -80.000002 544.000000) (705.000000 -80.000002 528.000000) 
4 5 15 (1104.000000 -69.609377 480.000000) (608.000000 -82.526044 480.000000) (608.000000 -82.526044 528.000000) (1104.000000 -69.609377 528.000000) 
4 6 7 (731.000020 158.999997 576.000000) (729.965234 160.000000 576.000000) (729.965234 160.000000 544.000000) (731.000020 158.999997 544.000000) 
4 6 12 (729.965208 160.000000 544.000000) (1104.000000 160.000000 544.000000) (1104.000000 144.000000 544.000000) (746.521729 144.000000 544.000000) 
5 7 12 (608.000000 144.000000 544.000000) (608.000000 160.000000 544.000000) (729.965208 160.000000 544.000000) (731.000007 158.999984 544.000000) (716.000023 144.000000 544.000000) 
4 8 13 (1104.000000 -37.609374 544.000000) (1104.000000 -37.609374 576.000000) (1089.000000 -37.999999 576.000000) (1089.000000 -37.999999 544.000000) 
4 8 12 (779.634773 112.000000 544.000000) (1104.000000 112.000000 544.000000) (1104.000000 -37.609374 544.000000) (938.897055 -41.908929 544.000000) 
4 9 14 (705.000000 -47.999999 576.000000) (608.000000 -50.526040 576.000000) (608.000000 -50.526040 544.000000) (705.000000 -47.999999 544.000000) 
4 9 10 (676.112817 112.000000 544.000000) (631.999978 72.999969 544.000000) (631.999978 72.999969 576.000000) (676.112817 112.000000 576.000000) 
5 9 12 (608.000000 -50.526040 544.000000) (608.000000 51.781678 544.000000) (676.112795 112.000000 544.000000) (732.834781 112.000000 544.000000) (893.325111 -43.095699 544.000000) 
4 10 11 (608.000000 100.428531 576.000000) (608.000000 100.428531 544.000000) (610.999979 96.999984 544.000000) (610.999979 96.999984 576.000000) 
4 10 12 (608.000000 100.428517 544.000000) (608.000000 112.000000 544.000000) (676.112795 112.000000 544.000000) (631.999969 72.999980 544.000000) 
3 11 12 (608.000000 94.347711 544.000000) (608.000000 100.428517 544.000000) (610.999972 96.999978 544.000000) 
4 12 31 (608.000000 160.000000 544.000000) (608.000000 160.000000 528.000000) (608.000000 51.781678 528.000000) (608.000000 51.781678 544.000000) 
4 12 23 (608.000000 51.781678 528.000000) (608.000000 -50.526040 528.000000) (608.000000 -50.526040 544.000000) (608.000000 51.781678 544.000000) 
4 12 13 (1104.000000 -37.609374 528.000000) (1104.000000 -37.609374 544.000000) (1089.000000 -37.999999 544.000000) (1089.000000 -37.999999 528.000000) 
4 12 14 (705.000000 -47.999999 544.000000) (608.000000 -50.526040 544.000000) (608.000000 -50.526040 528.000000) (705.000000 -47.999999 528.000000) 
4 12 15 (608.000000 -50.526040 528.000000) (608.000000 160.000000 528.000000) (1104.000000 160.000000 528.000000) (1104.000000 -37.609374 528.000000) 
4 13 15 (1104.000000 -69.609377 528.000000) (1089.000000 -70.000002 528.000000) (1089.000000 -37.999999 528.000000) (1104.000000 -37.609374 528.000000) 
4 14 25 (608.000000 -64.000000 528.000000) (608.000000 -82.526044 528.000000) (608.000000 -82.526044 544.000000) (608.000000 -64.000000 544.000000) 
4 14 23 (608.000000 -50.526040 528.000000) (608.000000 -64.000000 528.000000) (608.000000 -64.000000 544.000000) (608.000000 -50.526040 544.000000) 
4 14 15 (705.000000 -80.000002 528.000000) (608.000000 -82.526044 528.000000) (608.000000 -50.526040 528.000000) (705.000000 -47.999999 528.000000) 
4 15 65 (608.000000 -82.526044 480.000000) (608.000000 160.000000 480.000000) (1104.000000 160.000000 480.000000) (1104.000000 -69.609377 480.000000) 
4 15 31 (608.000000 160.000000 528.000000) (608.000000 160.000000 480.000000) (608.000000 51.781678 480.000000) (608.000000 51.781678 528.000000) 
4 15 25 (608.000000 -64.000000 480.000000) (608.000000 -82.526044 480.000000) (608.000000 -82.526044 528.000000) (608.000000 -64.000000 528.000000) 
4 15 23 (608.000000 51.781678 480.000000) (608.000000 -64.000000 480.000000) (608.000000 -64.000000 528.000000) (608.000000 51.781678 528.000000) 
4 16 65 (992.000000 -272.000000 480.000000) (992.000000 -240.000000 480.000000) (1120.000000 -240.000000 480.000000) (1120.000000 -272.000000 480.000000) 
4 16 18 (992.000000 -256.000000 480.000000) (992.000000 -272.000000 480.000000) (992.000000 -272.000000 544.000000) (992.000000 -256.000000 544.000000) 
4 16 17 (992.000000 -240.000000 544.000000) (992.000000 -240.000000 480.000000) (992.000000 -256.000000 480.000000) (992.000000 -256.000000 544.000000) 
4 17 65 (608.000000 -256.000000 480.000000) (608.000000 -240.000000 480.000000) (992.000000 -240.000000 480.000000) (992.000000 -256.000000 480.000000) 
4 17 26 (608.000000 -240.000000 480.000000) (608.000000 -256.000000 480.000000) (608.000000 -256.000000 544.000000) (608.000000 -240.000000 544.000000) 
4 17 22 (608.000000 -256.000000 480.000000) (784.000000 -256.000000 480.000000) (784.000000 -256.000000 544.000000) (608.000000 -256.000000 544.000000) 
4 17 20 (784.000000 -256.000000 480.000000) (800.000000 -256.000000 480.000000) (800.000000 -256.000000 528.000000) (784.000000 -256.000000 528.000000) 
4 17 18 (800.000000 -256.000000 480.000000) (992.000000 -256.000000 480.000000) (992.000000 -256.000000 544.000000) (800.000000 -256.000000 544.000000) 
4 18 65 (800.000000 -272.000000 480.000000) (800.000000 -256.000000 480.000000) (992.000000 -256.000000 480.000000) (992.000000 -272.000000 480.000000) 
4 18 20 (800.000000 -256.000000 528.000000) (800.000000 -256.000000 480.000000) (800.000000 -272.000000 480.000000) (800.000000 -272.000000 528.000000) 
4 18 19 (800.000000 -272.000000 480.000000) (896.000000 -272.000000 480.000000) (896.000000 -272.000000 544.000000) (800.000000 -272.000000 544.000000) 
4 19 65 (896.000000 -320.000000 480.000000) (800.000000 -320.000000 480.000000) (800.000000 -272.000000 480.000000) (896.000000 -272.000000 480.000000) 
4 19 52 (800.000000 -320.000000 480.000000) (896.000000 -320.000000 480.000000) (896.000000 -320.000000 576.000000) (800.000000 -320.000000 576.000000) 
4 19 20 (800.000000 -272.000000 480.000000) (800.000000 -320.000000 480.000000) (800.000000 -320.000000 528.000000) (800.000000 -272.000000 528.000000) 
4 20 65 (800.000000 -320.000000 480.000000) (784.000000 -320.000000 480.000000) (784.000000 -256.000000 480.000000) (800.000000 -256.000000 480.000000) 
4 20 53 (784.000000 -320.000000 480.000000) (800.000000 -320.000000 480.000000) (800.000000 -320.000000 528.000000) (784.000000 -320.000000 528.000000) 
4 20 22 (784.000000 -256.000000 480.000000) (784.000000 -320.000000 480.000000) (784.000000 -320.000000 528.000000) (784.000000 -256.000000 528.000000) 
4 21 54 (784.000000 -320.000000 544.000000) (784.000000 -320.000000 576.000000) (608.000000 -320.000000 576.000000) (608.000000 -320.000000 544.000000) 
4 21 22 (608.000000 -320.000000 544.000000) (608.000000 -272.000000 544.000000) (784.000000 -272.000000 544.000000) (784.000000 -320.000000 544.000000) 
4 22 65 (784.000000 -320.000000 480.000000) (608.000000 -320.000000 480.000000) (608.000000 -256.000000 480.000000) (784.000000 -256.000000 480.000000) 
4 22 54 (608.000000 -320.000000 480.000000) (784.000000 -320.000000 480.000000) (784.000000 -320.000000 544.000000) (608.000000 -320.000000 544.000000) 
4 22 26 (608.000000 -256.000000 480.000000) (608.000000 -320.000000 480.000000) (608.000000 -320.000000 544.000000) (608.000000 -256.000000 544.000000) 
4 23 65 (576.000000 23.490573 480.000000) (608.000000 51.781678 480.000000) (608.000000 -64.000000 480.000000) (576.000000 -64.000000 480.000000) 
4 23 31 (608.000000 51.781659 544.000000) (608.000000 51.781659 480.000000) (576.000000 23.490553 480.000000) (576.000000 23.490553 544.000000) 
4 23 25 (576.000000 -64.000000 480.000000) (608.000000 -64.000000 480.000000) (608.000000 -64.000000 544.000000) (576.000000 -64.000000 544.000000) 
4 23 24 (576.000000 23.490573 480.000000) (576.000000 -64.000000 480.000000) (576.000000 -64.000000 544.000000) (576.000000 23.490573 544.000000) 
3 24 65 (477.039629 -64.000000 480.000000) (576.000000 23.490573 480.000000) (576.000000 -64.000000 480.000000) 
4 24 37 (513.234772 -32.000000 480.000000) (477.039651 -64.000000 480.000000) (477.039651 -64.000000 544.000000) (513.234772 -32.000000 544.000000) 
4 24 31 (576.000000 23.490553 480.000000) (513.234772 -32.000000 480.000000) (513.234772 -32.000000 544.000000) (576.000000 23.490553 544.000000) 
4 24 25 (477.039629 -64.000000 544.000000) (477.039629 -64.000000 480.000000) (576.000000 -64.000000 480.000000) (576.000000 -64.000000 544.000000) 
4 25 65 (422.746948 -112.000000 480.000000) (477.039629 -64.000000 480.000000) (608.000000 -64.000000 480.000000) (608.000000 -112.000000 480.000000) 
4 25 37 (477.039651 -64.000000 480.000000) (422.746970 -112.000000 480.000000) (422.746970 -112.000000 544.000000) (477.039651 -64.000000 544.000000) 
4 25 26 (576.000000 -112.000000 480.000000) (608.000000 -112.000000 480.000000) (608.000000 -112.000000 544.000000) (576.000000 -112.000000 544.000000) 
4 25 27 (422.746948 -112.000000 480.000000) (576.000000 -112.000000 480.000000) (576.000000 -112.000000 544.000000) (422.746948 -112.000000 544.000000) 
4 26 65 (608.000000 -320.000000 480.000000) (576.000000 -320.000000 480.000000) (576.000000 -112.000000 480.000000) (608.000000 -112.000000 480.000000) 
4 26 61 (576.000000 -320.000000 480.000000) (608.000000 -320.000000 480.000000) (608.000000 -320.000000 544.000000) (576.000000 -320.000000 544.000000) 
4 26 27 (576.000000 -112.000000 480.000000) (576.000000 -320.000000 480.000000) (576.000000 -320.000000 544.000000) (576.000000 -112.000000 544.000000) 
5 27 65 (576.000000 -320.000000 480.000000) (416.000000 -320.000000 480.000000) (416.000000 -117.964957 480.000000) (422.746948 -112.000000 480.000000) (576.000000 -112.000000 480.000000) 
4 27 61 (416.000000 -320.000000 480.000000) (576.000000 -320.000000 480.000000) (576.000000 -320.000000 544.000000) (416.000000 -320.000000 544.000000) 
4 27 37 (422.746970 -112.000000 480.000000) (416.000000 -117.964976 480.000000) (416.000000 -117.964976 544.000000) (422.746970 -112.000000 544.000000) 
4 27 29 (416.000000 -224.000000 480.000000) (416.000000 -320.000000 480.000000) (416.000000 -320.000000 544.000000) (416.000000 -224.000000 544.000000) 
4 27 28 (416.000000 -117.964957 576.000000) (416.000000 -117.964957 480.000000) (416.000000 -224.000000 480.000000) (416.000000 -224.000000 576.000000) 
4 28 119 (384.000000 -208.000000 480.000000) (384.000000 -224.000000 480.000000) (384.000000 -224.000000 512.000000) (384.000000 -208.000000 512.000000) 
4 28 118 (384.000000 -146.256063 480.000000) (384.000000 -208.000000 480.000000) (384.000000 -208.000000 512.000000) (384.000000 -146.256063 512.000000) 
4 28 67 (384.000000 -224.000000 512.000000) (384.000000 -224.000000 576.000000) (384.000000 -146.256063 576.000000) (384.000000 -146.256063 512.000000) 
4 28 65 (384.000000 -224.000000 480.000000) (384.000000 -146.256063 480.000000) (416.000000 -117.964957 480.000000) (416.000000 -224.000000 480.000000) 
4 28 37 (416.000000 -117.964976 480.000000) (384.000000 -146.256082 480.000000) (384.000000 -146.256082 544.000000) (416.000000 -117.964976 544.000000) 
4 28 29 (384.000000 -224.000000 544.000000) (384.000000 -224.000000 480.000000) (416.000000 -224.000000 480.000000) (416.000000 -224.000000 544.000000) 
4 29 119 (384.000000 -224.000000 480.000000) (384.000000 -320.000000 480.000000) (384.000000 -320.000000 512.000000) (384.000000 -224.000000 512.000000) 
4 29 102 (384.000000 -320.000000 528.000000) (384.000000 -320.000000 544.000000) (384.000000 -304.000000 544.000000) (384.000000 -304.000000 528.000000) 
4 29 103 (384.000000 -320.000000 512.000000) (384.000000 -320.000000 528.000000) (384.000000 -304.000000 528.000000) (384.000000 -304.000000 512.000000) 
4 29 68 (384.000000 -304.000000 544.000000) (384.000000 -224.000000 544.000000) (384.000000 -224.000000 512.000000) (384.000000 -304.000000 512.000000) 
4 29 65 (416.000000 -320.000000 480.000000) (384.000000 -320.000000 480.000000) (384.000000 -224.000000 480.000000) (416.000000 -224.000000 480.000000) 
4 29 61 (384.000000 -320.000000 544.000000) (384.000000 -320.000000 480.000000) (416.000000 -320.000000 480.000000) (416.000000 -320.000000 544.000000) 
4 30 31 (480.000000 -18.816712 544.000000) (480.000000 160.000000 544.000000) (576.000000 160.000000 544.000000) (576.000000 66.056605 544.000000) 
5 31 65 (480.000000 160.000000 480.000000) (608.000000 160.000000 480.000000) (608.000000 51.781678 480.000000) (513.234750 -32.000000 480.000000) (480.000000 -32.000000 480.000000) 
4 31 37 (480.000000 -32.000000 480.000000) (513.234750 -32.000000 480.000000) (513.234750 -32.000000 544.000000) (480.000000 -32.000000 544.000000) 
4 31 35 (480.000000 64.000000 480.000000) (480.000000 -32.000000 480.000000) (480.000000 -32.000000 544.000000) (480.000000 64.000000 544.000000) 
4 31 33 (480.000000 160.000000 480.000000) (480.000000 64.000000 480.000000) (480.000000 64.000000 544.000000) (480.000000 160.000000 544.000000) 
4 32 70 (384.000000 64.000000 544.000000) (384.000000 64.000000 576.000000) (384.000000 160.000000 576.000000) (384.000000 160.000000 544.000000) 
4 32 33 (384.000000 64.000000 544.000000) (384.000000 160.000000 544.000000) (448.000000 160.000000 544.000000) (448.000000 64.000000 544.000000) 
4 33 118 (384.000000 160.000000 480.000000) (384.000000 64.000000 480.000000) (384.000000 64.000000 512.000000) (384.000000 160.000000 512.000000) 
4 33 70 (384.000000 64.000000 512.000000) (384.000000 64.000000 544.000000) (384.000000 160.000000 544.000000) (384.000000 160.000000 512.000000) 
4 33 65 (384.000000 64.000000 480.000000) (384.000000 160.000000 480.000000) (480.000000 160.000000 480.000000) (480.000000 64.000000 480.000000) 
4 33 35 (384.000000 64.000000 544.000000) (384.000000 64.000000 480.000000) (480.000000 64.000000 480.000000) (480.000000 64.000000 544.000000) 
4 34 73 (384.000000 16.000000 576.000000) (384.000000 32.000000 576.000000) (384.000000 32.000000 544.000000) (384.000000 16.000000 544.000000) 
4 34 75 (384.000000 -32.000000 544.000000) (384.000000 -32.000000 576.000000) (384.000000 16.000000 576.000000) (384.000000 16.000000 544.000000) 
4 34 36 (384.000000 -32.000000 576.000000) (384.000000 -32.000000 544.000000) (448.000000 -32.000000 544.000000) (448.000000 -32.000000 576.000000) 
4 34 35 (448.000000 -32.000000 544.000000) (384.000000 -32.000000 544.000000) (384.000000 32.000000 544.000000) (448.000000 32.000000 544.000000) 
4 35 118 (384.000000 64.000000 480.000000) (384.000000 -32.000000 480.000000) (384.000000 -32.000000 512.000000) (384.000000 64.000000 512.000000) 
4 35 74 (384.000000 16.000000 544.000000) (384.000000 64.000000 544.000000) (384.000000 64.000000 512.000000) (384.000000 16.000000 512.000000) 
4 35 75 (384.000000 -32.000000 512.000000) (384.000000 -32.000000 544.000000) (384.000000 16.000000 544.000000) (384.000000 16.000000 512.000000) 
4 35 65 (384.000000 -32.000000 480.000000) (384.000000 64.000000 480.000000) (480.000000 64.000000 480.000000) (480.000000 -32.000000 480.000000) 
4 35 37 (384.000000 -32.000000 544.000000) (384.000000 -32.000000 480.000000) (480.000000 -32.000000 480.000000) (480.000000 -32.000000 544.000000) 
4 36 75 (384.000000 -64.000000 576.000000) (384.000000 -32.000000 576.000000) (384.000000 -32.000000 544.000000) (384.000000 -64.000000 544.000000) 
4 36 37 (384.000000 -64.000000 544.000000) (384.000000 -32.000000 544.000000) (465.088416 -32.000000 544.000000) (428.893295 -64.000000 544.000000) 
4 37 118 (384.000000 -32.000000 480.000000) (384.000000 -146.256063 480.000000) (384.000000 -146.256063 512.000000) (384.000000 -32.000000 512.000000) 
4 37 92 (384.000000 -146.256063 512.000000) (384.000000 -146.256063 544.000000) (384.000000 -103.690030 544.000000) (384.000000 -103.690030 512.000000) 
4 37 78 (384.000000 -103.690030 544.000000) (384.000000 -64.000000 544.000000) (384.000000 -64.000000 528.000000) (384.000000 -103.690030 528.000000) 
4 37 81 (384.000000 -64.000000 528.000000) (384.000000 -64.000000 512.000000) (384.000000 -103.690030 512.000000) (384.000000 -103.690030 528.000000) 
4 37 75 (384.000000 -64.000000 544.000000) (384.000000 -32.000000 544.000000) (384.000000 -32.000000 512.000000) (384.000000 -64.000000 512.000000) 
3 37 65 (384.000000 -146.256063 480.000000) (384.000000 -32.000000 480.000000) (513.234750 -32.000000 480.000000) 
4 38 62 (608.000000 -800.000000 576.000000) (608.000000 -800.000000 736.000000) (608.000000 -704.000000 736.000000) (608.000000 -704.000000 576.000000) 
4 38 58 (608.000000 -704.000000 736.000000) (608.000000 -320.000000 736.000000) (608.000000 -320.000000 576.000000) (608.000000 -704.000000 576.000000) 
4 38 56 (608.000000 -612.130524 576.000000) (608.000000 -580.094006 576.000000) (719.999993 -576.000012 576.000000) (720.999992 -607.999976 576.000000) 
4 38 55 (1102.999948 -562.000014 576.000000) (1120.000000 -561.378602 576.000000) (1120.000000 -593.415120 576.000000) (1103.999947 -593.999978 576.000000) 
4 38 52 (800.000000 -320.000000 576.000000) (896.000000 -320.000000 576.000000) (896.000000 -569.566592 576.000000) (800.000000 -573.075730 576.000000) 
4 38 54 (608.000000 -580.094006 576.000000) (608.000000 -320.000000 576.000000) (784.000000 -320.000000 576.000000) (784.000000 -573.660586 576.000000) 
4 38 50 (960.000000 -567.227166 576.000000) (896.000000 -569.566592 576.000000) (896.000000 -416.000000 576.000000) (960.000000 -416.000000 576.000000) 
4 38 49 (1120.000000 -416.000000 576.000000) (1120.000000 -561.378602 576.000000) (992.000000 -566.057453 576.000000) (992.000000 -416.000000 576.000000) 
4 38 47 (608.000000 -734.483882 576.000000) (608.000000 -612.130524 576.000000) (784.000000 -605.697104 576.000000) (784.000000 -768.548397 576.000000) 
4 38 46 (784.000000 -800.000000 576.000000) (608.000000 -800.000000 576.000000) (608.000000 -750.704482 576.000000) (784.000000 -784.922443 576.000000) 
5 38 43 (960.000000 -800.000000 576.000000) (946.499957 -800.000000 576.000000) (800.000000 -771.645171 576.000000) (800.000000 -605.112247 576.000000) (960.000000 -599.263684 576.000000) 
3 38 42 (861.551379 -800.000000 576.000000) (800.000000 -800.000000 576.000000) (800.000000 -788.033167 576.000000) 
4 38 39 (992.000000 -598.093971 576.000000) (1120.000000 -593.415120 576.000000) (1120.000000 -784.000000 576.000000) (992.000000 -784.000000 576.000000) 
4 38 41 (1120.000000 -800.000000 576.000000) (960.000000 -800.000000 576.000000) (960.000000 -784.000000 576.000000) (1120.000000 -784.000000 576.000000) 
4 39 65 (1120.000000 -593.415120 480.000000) (1120.000000 -784.000000 480.000000) (992.000000 -784.000000 480.000000) (992.000000 -598.093971 480.000000) 
4 39 55 (1120.000000 -593.415143 576.000000) (1120.000000 -593.415143 528.000000) (1103.999948 -594.000001 528.000000) (1103.999948 -594.000001 576.000000) 
4 39 57 (1120.000000 -593.415143 528.000000) (1120.000000 -593.415143 480.000000) (992.000000 -598.093994 480.000000) (992.000000 -598.093994 528.000000) 
4 39 40 (992.000000 -598.093971 528.000000) (992.000000 -598.093971 480.000000) (992.000000 -784.000000 480.000000) (992.000000 -784.000000 528.000000) 
4 39 41 (992.000000 -784.000000 480.000000) (1120.000000 -784.000000 480.000000) (1120.000000 -784.000000 576.000000) (992.000000 -784.000000 576.000000) 
4 40 65 (992.000000 -784.000000 480.000000) (960.000000 -784.000000 480.000000) (960.000000 -599.263684 480.000000) (992.000000 -598.093971 480.000000) 
4 40 57 (992.000000 -598.093994 480.000000) (960.000000 -599.263707 480.000000) (960.000000 -599.263707 528.000000) (992.000000 -598.093994 528.000000) 
4 40 44 (960.000000 -599.263684 528.000000) (960.000000 -599.263684 480.000000) (960.000000 -784.000000 480.000000) (960.000000 -784.000000 528.000000) 
4 40 41 (960.000000 -784.000000 480.000000) (992.000000 -784.000000 480.000000) (992.000000 -784.000000 528.000000) (960.000000 -784.000000 528.000000) 
4 41 65 (1120.000000 -784.000000 480.000000) (1120.000000 -800.000000 480.000000) (960.000000 -800.000000 480.000000) (960.000000 -784.000000 480.000000) 
4 41 43 (960.000000 -800.000000 544.000000) (960.000000 -800.000000 576.000000) (960.000000 -784.000000 576.000000) (960.000000 -784.000000 544.000000) 
4 41 44 (960.000000 -784.000000 480.000000) (960.000000 -800.000000 480.000000) (960.000000 -800.000000 544.000000) (960.000000 -784.000000 544.000000) 
3 42 44 (800.000000 -800.000000 544.000000) (800.000000 -788.033167 544.000000) (861.551379 -800.000000 544.000000) 
5 43 44 (800.000000 -771.645171 544.000000) (800.000000 -605.112247 544.000000) (960.000000 -599.263684 544.000000) (960.000000 -800.000000 544.000000) (946.499957 -800.000000 544.000000) 
4 44 65 (960.000000 -800.000000 480.000000) (800.000000 -800.000000 480.000000) (800.000000 -605.112247 480.000000) (960.000000 -599.263684 480.000000) 
4 44 57 (960.000000 -599.263707 480.000000) (800.000000 -605.112270 480.000000) (800.000000 -605.112270 528.000000) (960.000000 -599.263707 528.000000) 
4 44 45 (800.000000 -605.112247 480.000000) (800.000000 -800.000000 480.000000) (800.000000 -800.000000 528.000000) (800.000000 -605.112247 528.000000) 
4 45 65 (800.000000 -800.000000 480.000000) (784.000000 -800.000000 480.000000) (784.000000 -605.697104 480.000000) (800.000000 -605.112247 480.000000) 
4 45 57 (800.000000 -605.112270 480.000000) (784.000000 -605.697127 480.000000) (784.000000 -605.697127 528.000000) (800.000000 -605.112270 528.000000) 
4 45 48 (784.000000 -605.697104 528.000000) (784.000000 -605.697104 480.000000) (784.000000 -800.000000 480.000000) (784.000000 -800.000000 528.000000) 
4 46 63 (608.000000 -800.000000 544.000000) (608.000000 -800.000000 576.000000) (608.000000 -768.000000 576.000000) (608.000000 -768.000000 544.000000) 
4 46 48 (784.000000 -784.922443 544.000000) (784.000000 -800.000000 544.000000) (608.000000 -800.000000 544.000000) (608.000000 -750.704482 544.000000) 
4 47 56 (608.000000 -612.130547 544.000000) (608.000000 -612.130547 576.000000) (720.999993 -607.999999 576.000000) (720.999993 -607.999999 544.000000) 
4 47 48 (784.000000 -605.697104 544.000000) (784.000000 -768.548397 544.000000) (608.000000 -734.483882 544.000000) (608.000000 -612.130524 544.000000) 
4 48 65 (784.000000 -800.000000 480.000000) (608.000000 -800.000000 480.000000) (608.000000 -612.130524 480.000000) (784.000000 -605.697104 480.000000) 
4 48 64 (608.000000 -704.000000 480.000000) (608.000000 -800.000000 480.000000) (608.000000 -800.000000 544.000000) (608.000000 -704.000000 544.000000) 
4 48 61 (608.000000 -612.130524 480.000000) (608.000000 -704.000000 480.000000) (608.000000 -704.000000 544.000000) (608.000000 -612.130524 544.000000) 
4 48 56 (608.000000 -612.130547 528.000000) (608.000000 -612.130547 544.000000) (720.999993 -607.999999 544.000000) (720.999993 -607.999999 528.000000) 
4 48 57 (784.000000 -605.697127 480.000000) (608.000000 -612.130547 480.000000) (608.000000 -612.130547 528.000000) (784.000000 -605.697127 528.000000) 
4 49 65 (1120.000000 -416.000000 480.000000) (1120.000000 -561.378602 480.000000) (992.000000 -566.057453 480.000000) (992.000000 -416.000000 480.000000) 
4 49 55 (1120.000000 -561.378624 528.000000) (1120.000000 -561.378624 576.000000) (1102.999949 -562.000036 576.000000) (1102.999949 -562.000036 528.000000) 
4 49 57 (992.000000 -566.057475 480.000000) (1120.000000 -561.378624 480.000000) (1120.000000 -561.378624 528.000000) (992.000000 -566.057475 528.000000) 
4 49 51 (992.000000 -416.000000 480.000000) (992.000000 -566.057453 480.000000) (992.000000 -566.057453 528.000000) (992.000000 -416.000000 528.000000) 
4 50 52 (896.000000 -569.566592 528.000000) (896.000000 -569.566592 576.000000) (896.000000 -416.000000 576.000000) (896.000000 -416.000000 528.000000) 
4 50 51 (896.000000 -416.000000 528.000000) (960.000000 -416.000000 528.000000) (960.000000 -567.227166 528.000000) (896.000000 -569.566592 528.000000) 
4 51 65 (992.000000 -566.057453 480.000000) (896.000000 -569.566592 480.000000) (896.000000 -416.000000 480.000000) (992.000000 -416.000000 480.000000) 
4 51 57 (896.000000 -569.566613 480.000000) (992.000000 -566.057475 480.000000) (992.000000 -566.057475 528.000000) (896.000000 -569.566613 528.000000) 
4 51 52 (896.000000 -416.000000 480.000000) (896.000000 -569.566592 480.000000) (896.000000 -569.566592 528.000000) (896.000000 -416.000000 528.000000) 
4 52 65 (800.000000 -320.000000 480.000000) (896.000000 -320.000000 480.000000) (896.000000 -569.566592 480.000000) (800.000000 -573.075730 480.000000) 
4 52 57 (800.000000 -573.075752 480.000000) (896.000000 -569.566613 480.000000) (896.000000 -569.566613 528.000000) (800.000000 -573.075752 528.000000) 
4 52 53 (800.000000 -320.000000 528.000000) (800.000000 -320.000000 480.000000) (800.000000 -573.075730 480.000000) (800.000000 -573.075730 528.000000) 
4 53 65 (784.000000 -320.000000 480.000000) (800.000000 -320.000000 480.000000) (800.000000 -573.075730 480.000000) (784.000000 -573.660586 480.000000) 
4 53 57 (784.000000 -573.660608 480.000000) (800.000000 -573.075752 480.000000) (800.000000 -573.075752 528.000000) (784.000000 -573.660608 528.000000) 
4 53 54 (784.000000 -573.660586 480.000000) (784.000000 -573.660586 528.000000) (784.000000 -320.000000 528.000000) (784.000000 -320.000000 480.000000) 
4 54 65 (608.000000 -320.000000 480.000000) (784.000000 -320.000000 480.000000) (784.000000 -573.660586 480.000000) (608.000000 -580.094006 480.000000) 
4 54 61 (608.000000 -320.000000 480.000000) (608.000000 -580.094006 480.000000) (608.000000 -580.094006 544.000000) (608.000000 -320.000000 544.000000) 
4 54 56 (719.999994 -576.000034 576.000000) (608.000000 -580.094028 576.000000) (608.000000 -580.094028 528.000000) (719.999994 -576.000034 528.000000) 
4 54 57 (608.000000 -580.094028 480.000000) (784.000000 -573.660608 480.000000) (784.000000 -573.660608 528.000000) (608.000000 -580.094028 528.000000) 
4 55 57 (1102.999948 -562.000014 528.000000) (1120.000000 -561.378602 528.000000) (1120.000000 -593.415120 528.000000) (1103.999947 -593.999978 528.000000) 
4 56 61 (608.000000 -612.130524 528.000000) (608.000000 -612.130524 544.000000) (608.000000 -580.094006 544.000000) (608.000000 -580.094006 528.000000) 
4 56 57 (608.000000 -612.130524 528.000000) (608.000000 -580.094006 528.000000) (719.999993 -576.000012 528.000000) (720.999992 -607.999976 528.000000) 
4 57 65 (1120.000000 -561.378602 480.000000) (1120.000000 -593.415120 480.000000) (608.000000 -612.130524 480.000000) (608.000000 -580.094006 480.000000) 
4 57 61 (608.000000 -580.094006 480.000000) (608.000000 -612.130524 480.000000) (608.000000 -612.130524 528.000000) (608.000000 -580.094006 528.000000) 
4 58 93 (384.000000 -320.000000 736.000000) (384.000000 -320.000000 576.000000) (384.000000 -704.000000 576.000000) (384.000000 -704.000000 736.000000) 
4 58 62 (384.000000 -704.000000 736.000000) (384.000000 -704.000000 576.000000) (608.000000 -704.000000 576.000000) (608.000000 -704.000000 736.000000) 
5 58 60 (384.000000 -691.129045 576.000000) (384.000000 -688.000000 576.000000) (576.000000 -688.000000 576.000000) (576.000000 -704.000000 576.000000) (450.499935 -704.000000 576.000000) 
4 58 59 (416.000000 -352.000000 576.000000) (576.000000 -352.000000 576.000000) (576.000000 -688.000000 576.000000) (416.000000 -688.000000 576.000000) 
4 59 60 (576.000000 -688.000000 576.000000) (416.000000 -688.000000 576.000000) (416.000000 -688.000000 544.000000) (576.000000 -688.000000 544.000000) 
4 59 61 (416.000000 -352.000000 544.000000) (576.000000 -352.000000 544.000000) (576.000000 -688.000000 544.000000) (416.000000 -688.000000 544.000000) 
4 60 96 (384.000000 -688.000000 544.000000) (384.000000 -691.129045 544.000000) (384.000000 -691.129045 576.000000) (384.000000 -688.000000 576.000000) 
5 60 61 (576.000000 -704.000000 544.000000) (450.499935 -704.000000 544.000000) (384.000000 -691.129045 544.000000) (384.000000 -688.000000 544.000000) (576.000000 -688.000000 544.000000) 
4 61 119 (384.000000 -320.000000 512.000000) (384.000000 -320.000000 480.000000) (384.000000 -704.000000 480.000000) (384.000000 -704.000000 512.000000) 
4 61 102 (384.000000 -320.000000 544.000000) (384.000000 -320.000000 528.000000) (384.000000 -704.000000 528.000000) (384.000000 -704.000000 544.000000) 
4 61 103 (384.000000 -320.000000 528.000000) (384.000000 -320.000000 512.000000) (384.000000 -704.000000 512.000000) (384.000000 -704.000000 528.000000) 
4 61 65 (384.000000 -704.000000 480.000000) (384.000000 -320.000000 480.000000) (608.000000 -320.000000 480.000000) (608.000000 -704.000000 480.000000) 
4 61 64 (384.000000 -704.000000 544.000000) (384.000000 -704.000000 480.000000) (608.000000 -704.000000 480.000000) (608.000000 -704.000000 544.000000) 
4 62 117 (384.000000 -800.000000 576.000000) (384.000000 -800.000000 736.000000) (384.000000 -768.000000 736.000000) (384.000000 -768.000000 576.000000) 
4 62 93 (384.000000 -768.000000 736.000000) (384.000000 -704.000000 736.000000) (384.000000 -704.000000 576.000000) (384.000000 -768.000000 576.000000) 
4 62 63 (608.000000 -800.000000 576.000000) (384.000000 -800.000000 576.000000) (384.000000 -768.000000 576.000000) (608.000000 -768.000000 576.000000) 
4 63 117 (384.000000 -800.000000 544.000000) (384.000000 -800.000000 576.000000) (384.000000 -768.000000 576.000000) (384.000000 -768.000000 544.000000) 
4 63 64 (608.000000 -768.000000 544.000000) (608.000000 -800.000000 544.000000) (384.000000 -800.000000 544.000000) (384.000000 -768.000000 544.000000) 
4 64 119 (384.000000 -704.000000 480.000000) (384.000000 -800.000000 480.000000) (384.000000 -800.000000 512.000000) (384.000000 -704.000000 512.000000) 
4 64 117 (384.000000 -800.000000 512.000000) (384.000000 -800.000000 544.000000) (384.000000 -768.000000 544.000000) (384.000000 -768.000000 512.000000) 
4 64 107 (384.000000 -768.000000 544.000000) (384.000000 -704.000000 544.000000) (384.000000 -704.000000 528.000000) (384.000000 -768.000000 528.000000) 
4 64 110 (384.000000 -704.000000 528.000000) (384.000000 -704.000000 512.000000) (384.000000 -768.000000 512.000000) (384.000000 -768.000000 528.000000) 
4 64 65 (384.000000 -800.000000 480.000000) (384.000000 -704.000000 480.000000) (608.000000 -704.000000 480.000000) (608.000000 -800.000000 480.000000) 
4 65 120 (384.000000 -208.000000 -144.000000) (384.000000 -208.000000 -288.000000) (384.000000 -480.000000 -288.000000) (384.000000 -480.000000 -144.000000) 
4 65 122 (384.000000 -480.000000 -288.000000) (384.000000 -800.000000 -288.000000) (384.000000 -800.000000 -144.000000) (384.000000 -480.000000 -144.000000) 
4 65 119 (384.000000 -800.000000 480.000000) (384.000000 -208.000000 480.000000) (384.000000 -208.000000 -144.000000) (384.000000 -800.000000 -144.000000) 
4 65 118 (384.000000 -208.000000 480.000000) (384.000000 160.000000 480.000000) (384.000000 160.000000 -288.000000) (384.000000 -208.000000 -288.000000) 
4 66 93 (384.000000 -304.000000 576.000000) (384.000000 -304.000000 736.000000) (205.576222 -304.000000 736.000000) (205.576222 -304.000000 576.000000) 
4 66 91 (205.576244 -304.000000 576.000000) (205.576244 -304.000000 736.000000) (384.000000 -146.256082 736.000000) (384.000000 -146.256082 576.000000) 
3 66 67 (384.000000 -146.256063 576.000000) (384.000000 -224.000000 576.000000) (296.064025 -224.000000 576.000000) 
4 67 119 (384.000000 -208.000000 512.000000) (384.000000 -224.000000 512.000000) (296.064025 -224.000000 512.000000) (314.161585 -208.000000 512.000000) 
3 67 118 (384.000000 -146.256063 512.000000) (384.000000 -208.000000 512.000000) (314.161585 -208.000000 512.000000) 
4 67 92 (384.000000 -146.256082 544.000000) (384.000000 -146.256082 512.000000) (296.064046 -224.000000 512.000000) (296.064046 -224.000000 544.000000) 
4 67 68 (296.064025 -224.000000 544.000000) (296.064025 -224.000000 512.000000) (384.000000 -224.000000 512.000000) (384.000000 -224.000000 544.000000) 
4 68 119 (384.000000 -224.000000 512.000000) (384.000000 -304.000000 512.000000) (205.576222 -304.000000 512.000000) (296.064025 -224.000000 512.000000) 
4 68 102 (384.000000 -304.000000 528.000000) (384.000000 -304.000000 544.000000) (205.576222 -304.000000 544.000000) (205.576222 -304.000000 528.000000) 
4 68 103 (384.000000 -304.000000 512.000000) (384.000000 -304.000000 528.000000) (205.576222 -304.000000 528.000000) (205.576222 -304.000000 512.000000) 
4 68 92 (205.576244 -304.000000 512.000000) (205.576244 -304.000000 544.000000) (296.064046 -224.000000 544.000000) (296.064046 -224.000000 512.000000) 
4 69 93 (157.429887 -304.000000 736.000000) (-416.000000 -304.000000 736.000000) (-416.000000 -304.000000 576.000000) (157.429887 -304.000000 576.000000) 
4 69 91 (384.000000 -103.690047 576.000000) (384.000000 -103.690047 736.000000) (157.429907 -304.000000 736.000000) (157.429907 -304.000000 576.000000) 
4 69 90 (-416.000000 -256.000000 576.000000) (-416.000000 96.000000 576.000000) (-320.000000 96.000000 576.000000) (-320.000000 -256.000000 576.000000) 
4 69 88 (-416.000000 96.000000 576.000000) (-416.000000 160.000000 576.000000) (-288.000000 160.000000 576.000000) (-288.000000 96.000000 576.000000) 
4 69 87 (-288.000000 -256.000000 576.000000) (-288.000000 -112.000000 576.000000) (-256.000000 -112.000000 576.000000) (-256.000000 -256.000000 576.000000) 
4 69 85 (-190.354972 -304.000000 576.000000) (-256.000000 -304.000000 576.000000) (-256.000000 -112.000000 576.000000) (64.813857 -112.000000 576.000000) 
5 69 82 (374.600613 -112.000000 576.000000) (247.917690 -224.000000 576.000000) (32.000000 -224.000000 576.000000) (32.000000 -176.302943 576.000000) (117.090534 -112.000000 576.000000) 
3 69 84 (32.000000 -304.000000 576.000000) (-136.978436 -304.000000 576.000000) (32.000000 -176.302943 576.000000) 
4 69 77 (-288.000000 -64.000000 576.000000) (-288.000000 160.000000 576.000000) (-64.000000 160.000000 576.000000) (-64.000000 -64.000000 576.000000) 
4 69 73 (384.000000 32.000000 576.000000) (384.000000 16.000000 576.000000) (256.000000 16.000000 576.000000) (256.000000 32.000000 576.000000) 
4 69 75 (384.000000 16.000000 576.000000) (384.000000 -64.000000 576.000000) (-32.000000 -64.000000 576.000000) (-32.000000 16.000000 576.000000) 
4 69 71 (-32.000000 160.000000 576.000000) (256.000000 160.000000 576.000000) (256.000000 96.000000 576.000000) (-32.000000 96.000000 576.000000) 
4 69 70 (256.000000 160.000000 576.000000) (384.000000 160.000000 576.000000) (384.000000 64.000000 576.000000) (256.000000 64.000000 576.000000) 
4 70 118 (384.000000 160.000000 512.000000) (384.000000 64.000000 512.000000) (256.000000 64.000000 512.000000) (256.000000 160.000000 512.000000) 
4 70 74 (256.000000 64.000000 512.000000) (384.000000 64.000000 512.000000) (384.000000 64.000000 544.000000) (256.000000 64.000000 544.000000) 
4 70 72 (256.000000 96.000000 512.000000) (256.000000 64.000000 512.000000) (256.000000 64.000000 544.000000) (256.000000 96.000000 544.000000) 
4 70 71 (256.000000 160.000000 576.000000) (256.000000 160.000000 512.000000) (256.000000 96.000000 512.000000) (256.000000 96.000000 576.000000) 
4 71 118 (-32.000000 96.000000 512.000000) (-32.000000 160.000000 512.000000) (256.000000 160.000000 512.000000) (256.000000 96.000000 512.000000) 
4 71 76 (-32.000000 160.000000 544.000000) (-32.000000 160.000000 512.000000) (-32.000000 96.000000 512.000000) (-32.000000 96.000000 544.000000) 
4 71 72 (-32.000000 96.000000 512.000000) (256.000000 96.000000 512.000000) (256.000000 96.000000 544.000000) (-32.000000 96.000000 544.000000) 
4 72 118 (256.000000 64.000000 512.000000) (-32.000000 64.000000 512.000000) (-32.000000 96.000000 512.000000) (256.000000 96.000000 512.000000) 
4 72 76 (-32.000000 96.000000 512.000000) (-32.000000 64.000000 512.000000) (-32.000000 64.000000 544.000000) (-32.000000 96.000000 544.000000) 
4 72 74 (-32.000000 64.000000 512.000000) (256.000000 64.000000 512.000000) (256.000000 64.000000 544.000000) (-32.000000 64.000000 544.000000) 
4 73 75 (256.000000 16.000000 544.000000) (384.000000 16.000000 544.000000) (384.000000 16.000000 576.000000) (256.000000 16.000000 576.000000) 
4 73 74 (384.000000 32.000000 544.000000) (384.000000 16.000000 544.000000) (256.000000 16.000000 544.000000) (256.000000 32.000000 544.000000) 
4 74 118 (384.000000 64.000000 512.000000) (384.000000 16.000000 512.000000) (-32.000000 16.000000 512.000000) (-32.000000 64.000000 512.000000) 
4 74 76 (-32.000000 64.000000 512.000000) (-32.000000 16.000000 512.000000) (-32.000000 16.000000 544.000000) (-32.000000 64.000000 544.000000) 
4 74 75 (-32.000000 16.000000 544.000000) (-32.000000 16.000000 512.000000) (384.000000 16.000000 512.000000) (384.000000 16.000000 544.000000) 
4 75 118 (384.000000 16.000000 512.000000) (384.000000 -64.000000 512.000000) (-32.000000 -64.000000 512.000000) (-32.000000 16.000000 512.000000) 
4 75 79 (99.360004 -64.000000 544.000000) (-32.000000 -64.000000 544.000000) (-32.000000 -64.000000 528.000000) (99.360004 -64.000000 528.000000) 
4 75 78 (384.000000 -64.000000 528.000000) (384.000000 -64.000000 544.000000) (99.360004 -64.000000 544.000000) (99.360004 -64.000000 528.000000) 
4 75 81 (-32.000000 -64.000000 512.000000) (384.000000 -64.000000 512.000000) (384.000000 -64.000000 528.000000) (-32.000000 -64.000000 528.000000) 
4 75 76 (-32.000000 16.000000 512.000000) (-32.000000 -64.000000 512.000000) (-32.000000 -64.000000 544.000000) (-32.000000 16.000000 544.000000) 
4 76 118 (-32.000000 -64.000000 512.000000) (-64.000000 -64.000000 512.000000) (-64.000000 160.000000 512.000000) (-32.000000 160.000000 512.000000) 
4 76 79 (-32.000000 -64.000000 528.000000) (-32.000000 -64.000000 544.000000) (-64.000000 -64.000000 544.000000) (-64.000000 -64.000000 528.000000) 
4 76 81 (-64.000000 -64.000000 512.000000) (-32.000000 -64.000000 512.000000) (-32.000000 -64.000000 528.000000) (-64.000000 -64.000000 528.000000) 
4 76 77 (-64.000000 160.000000 512.000000) (-64.000000 -64.000000 512.000000) (-64.000000 -64.000000 544.000000) (-64.000000 160.000000 544.000000) 
4 77 118 (-64.000000 -64.000000 512.000000) (-288.000000 -64.000000 512.000000) (-288.000000 160.000000 512.000000) (-64.000000 160.000000 512.000000) 
4 77 89 (-288.000000 96.000000 512.000000) (-288.000000 -64.000000 512.000000) (-288.000000 -64.000000 544.000000) (-288.000000 96.000000 544.000000) 
4 77 88 (-288.000000 160.000000 576.000000) (-288.000000 160.000000 512.000000) (-288.000000 96.000000 512.000000) (-288.000000 96.000000 576.000000) 
4 77 79 (-64.000000 -64.000000 528.000000) (-64.000000 -64.000000 544.000000) (-288.000000 -64.000000 544.000000) (-288.000000 -64.000000 528.000000) 
4 77 81 (-288.000000 -64.000000 512.000000) (-64.000000 -64.000000 512.000000) (-64.000000 -64.000000 528.000000) (-288.000000 -64.000000 528.000000) 
4 78 92 (384.000000 -103.690047 528.000000) (384.000000 -103.690047 544.000000) (374.600633 -112.000000 544.000000) (374.600633 -112.000000 528.000000) 
4 78 82 (135.840005 -112.000000 528.000000) (374.600613 -112.000000 528.000000) (374.600613 -112.000000 544.000000) (135.840005 -112.000000 544.000000) 
4 78 80 (135.840006 -112.000000 528.000000) (135.840006 -112.000000 544.000000) (129.000010 -103.000006 544.000000) (129.000010 -103.000006 528.000000) 
4 78 79 (110.000004 -77.999999 544.000000) (99.360004 -64.000000 544.000000) (99.360004 -64.000000 528.000000) (110.000004 -77.999999 528.000000) 
5 78 81 (374.600613 -112.000000 528.000000) (135.840005 -112.000000 528.000000) (99.360004 -64.000000 528.000000) (384.000000 -64.000000 528.000000) (384.000000 -103.690030 528.000000) 
4 79 89 (-288.000000 -112.000000 528.000000) (-288.000000 -112.000000 544.000000) (-288.000000 -64.000000 544.000000) (-288.000000 -64.000000 528.000000) 
4 79 87 (-288.000000 -112.000000 544.000000) (-288.000000 -112.000000 528.000000) (-256.000000 -112.000000 528.000000) (-256.000000 -112.000000 544.000000) 
4 79 85 (-256.000000 -112.000000 528.000000) (64.813857 -112.000000 528.000000) (64.813857 -112.000000 544.000000) (-256.000000 -112.000000 544.000000) 
5 79 81 (64.813857 -112.000000 528.000000) (-288.000000 -112.000000 528.000000) (-288.000000 -64.000000 528.000000) (99.360004 -64.000000 528.000000) (110.000004 -78.000000 528.000000) 
4 80 82 (117.090534 -112.000000 528.000000) (135.840005 -112.000000 528.000000) (135.840005 -112.000000 544.000000) (117.090534 -112.000000 544.000000) 
3 80 81 (135.840005 -112.000000 528.000000) (117.090534 -112.000000 528.000000) (129.000009 -103.000006 528.000000) 
5 81 118 (384.000000 -64.000000 512.000000) (384.000000 -103.690030 512.000000) (374.600613 -112.000000 512.000000) (-288.000000 -112.000000 512.000000) (-288.000000 -64.000000 512.000000) 
4 81 92 (384.000000 -103.690047 512.000000) (384.000000 -103.690047 528.000000) (374.600633 -112.000000 528.000000) (374.600633 -112.000000 512.000000) 
4 81 89 (-288.000000 -64.000000 512.000000) (-288.000000 -112.000000 512.000000) (-288.000000 -112.000000 528.000000) (-288.000000 -64.000000 528.000000) 
4 81 87 (-288.000000 -112.000000 528.000000) (-288.000000 -112.000000 512.000000) (-256.000000 -112.000000 512.000000) (-256.000000 -112.000000 528.000000) 
4 81 86 (-256.000000 -112.000000 512.000000) (374.600613 -112.000000 512.000000) (374.600613 -112.000000 528.000000) (-256.000000 -112.000000 528.000000) 
4 82 92 (247.917710 -224.000000 544.000000) (247.917710 -224.000000 528.000000) (374.600633 -112.000000 528.000000) (374.600633 -112.000000 544.000000) 
4 82 83 (32.000000 -224.000000 528.000000) (247.917690 -224.000000 528.000000) (247.917690 -224.000000 544.000000) (32.000000 -224.000000 544.000000) 
4 82 84 (32.000000 -176.302943 528.000000) (32.000000 -224.000000 528.000000) (32.000000 -224.000000 576.000000) (32.000000 -176.302943 576.000000) 
5 82 86 (374.600613 -112.000000 528.000000) (247.917690 -224.000000 528.000000) (32.000000 -224.000000 528.000000) (32.000000 -176.302943 528.000000) (117.090534 -112.000000 528.000000) 
4 83 102 (157.429887 -304.000000 528.000000) (157.429887 -304.000000 544.000000) (32.000000 -304.000000 544.000000) (32.000000 -304.000000 528.000000) 
4 83 92 (157.429907 -304.000000 544.000000) (157.429907 -304.000000 528.000000) (247.917710 -224.000000 528.000000) (247.917710 -224.000000 544.000000) 
4 83 86 (247.917690 -224.000000 528.000000) (157.429887 -304.000000 528.000000) (32.000000 -304.000000 528.000000) (32.000000 -224.000000 528.000000) 
4 83 84 (32.000000 -224.000000 528.000000) (32.000000 -304.000000 528.000000) (32.000000 -304.000000 544.000000) (32.000000 -224.000000 544.000000) 
4 84 102 (-136.978436 -304.000000 544.000000) (-136.978436 -304.000000 528.000000) (32.000000 -304.000000 528.000000) (32.000000 -304.000000 544.000000) 
3 84 86 (32.000000 -304.000000 528.000000) (-136.978436 -304.000000 528.000000) (32.000000 -176.302943 528.000000) 
4 85 100 (-256.000000 -304.000000 544.000000) (-256.000000 -304.000000 528.000000) (-190.354972 -304.000000 528.000000) (-190.354972 -304.000000 544.000000) 
4 85 87 (-256.000000 -112.000000 576.000000) (-256.000000 -112.000000 528.000000) (-256.000000 -256.000000 528.000000) (-256.000000 -256.000000 576.000000) 
4 85 86 (-190.354972 -304.000000 528.000000) (-256.000000 -304.000000 528.000000) (-256.000000 -112.000000 528.000000) (64.813857 -112.000000 528.000000) 
5 86 123 (160.000000 -301.727771 512.000000) (157.429887 -304.000000 512.000000) (-256.000000 -304.000000 512.000000) (-256.000000 -208.000000 512.000000) (160.000000 -208.000000 512.000000) 
3 86 119 (266.015250 -208.000000 512.000000) (160.000000 -301.727771 512.000000) (160.000000 -208.000000 512.000000) 
4 86 118 (374.600613 -112.000000 512.000000) (266.015250 -208.000000 512.000000) (-256.000000 -208.000000 512.000000) (-256.000000 -112.000000 512.000000) 
4 86 103 (-256.000000 -304.000000 512.000000) (157.429887 -304.000000 512.000000) (157.429887 -304.000000 528.000000) (-256.000000 -304.000000 528.000000) 
4 86 92 (157.429907 -304.000000 528.000000) (157.429907 -304.000000 512.000000) (374.600633 -112.000000 512.000000) (374.600633 -112.000000 528.000000) 
4 86 87 (-256.000000 -112.000000 528.000000) (-256.000000 -112.000000 512.000000) (-256.000000 -256.000000 512.000000) (-256.000000 -256.000000 528.000000) 
4 87 123 (-288.000000 -256.000000 512.000000) (-288.000000 -208.000000 512.000000) (-256.000000 -208.000000 512.000000) (-256.000000 -256.000000 512.000000) 
4 87 118 (-288.000000 -208.000000 512.000000) (-288.000000 -112.000000 512.000000) (-256.000000 -112.000000 512.000000) (-256.000000 -208.000000 512.000000) 
4 87 89 (-288.000000 -112.000000 512.000000) (-288.000000 -256.000000 512.000000) (-288.000000 -256.000000 544.000000) (-288.000000 -112.000000 544.000000) 
4 88 118 (-416.000000 96.000000 512.000000) (-416.000000 160.000000 512.000000) (-288.000000 160.000000 512.000000) (-288.000000 96.000000 512.000000) 
4 88 89 (-320.000000 96.000000 512.000000) (-288.000000 96.000000 512.000000) (-288.000000 96.000000 544.000000) (-320.000000 96.000000 544.000000) 
4 88 90 (-416.000000 96.000000 512.000000) (-320.000000 96.000000 512.000000) (-320.000000 96.000000 576.000000) (-416.000000 96.000000 576.000000) 
4 89 123 (-288.000000 -208.000000 512.000000) (-288.000000 -256.000000 512.000000) (-320.000000 -256.000000 512.000000) (-320.000000 -208.000000 512.000000) 
4 89 118 (-320.000000 96.000000 512.000000) (-288.000000 96.000000 512.000000) (-288.000000 -208.000000 512.000000) (-320.000000 -208.000000 512.000000) 
4 89 90 (-320.000000 96.000000 544.000000) (-320.000000 96.000000 512.000000) (-320.000000 -256.000000 512.000000) (-320.000000 -256.000000 544.000000) 
4 90 123 (-416.000000 -256.000000 512.000000) (-416.000000 -208.000000 512.000000) (-320.000000 -208.000000 512.000000) (-320.000000 -256.000000 512.000000) 
4 90 118 (-416.000000 -208.000000 512.000000) (-416.000000 96.000000 512.000000) (-320.000000 96.000000 512.000000) (-320.000000 -208.000000 512.000000) 
4 91 93 (205.576222 -304.000000 736.000000) (157.429887 -304.000000 736.000000) (157.429887 -304.000000 576.000000) (205.576222 -304.000000 576.000000) 
3 92 123 (160.000000 -304.000000 512.000000) (157.429887 -304.000000 512.000000) (160.000000 -301.727771 512.000000) 
5 92 119 (314.161585 -208.000000 512.000000) (205.576222 -304.000000 512.000000) (160.000000 -304.000000 512.000000) (160.000000 -301.727771 512.000000) (266.015250 -208.000000 512.000000) 
4 92 118 (384.000000 -103.690030 512.000000) (384.000000 -146.256063 512.000000) (314.161585 -208.000000 512.000000) (266.015250 -208.000000 512.000000) 
4 92 102 (157.429887 -304.000000 544.000000) (157.429887 -304.000000 528.000000) (205.576222 -304.000000 528.000000) (205.576222 -304.000000 544.000000) 
4 92 103 (157.429887 -304.000000 528.000000) (157.429887 -304.000000 512.000000) (205.576222 -304.000000 512.000000) (205.576222 -304.000000 528.000000) 
4 93 117 (384.000000 -768.000000 576.000000) (384.000000 -768.000000 736.000000) (-416.000000 -768.000000 736.000000) (-416.000000 -768.000000 576.000000) 
3 93 115 (-368.000000 -474.470600 576.000000) (-368.000000 -525.137654 576.000000) (-391.000012 -511.000032 576.000000) 
5 93 114 (-416.000000 -533.082582 576.000000) (-416.000000 -384.000000 576.000000) (-368.000000 -384.000000 576.000000) (-368.000000 -474.470600 576.000000) (-408.000000 -538.000013 576.000000) 
4 93 111 (-416.000000 -704.000000 576.000000) (-416.000000 -533.082582 576.000000) (-368.000000 -562.587168 576.000000) (-368.000000 -704.000000 576.000000) 
3 93 105 (-137.940305 -704.000000 576.000000) (-336.000000 -704.000000 576.000000) (-336.000000 -582.256891 576.000000) 
4 93 104 (-256.000000 -384.000000 576.000000) (-256.000000 -593.981687 576.000000) (-336.000000 -544.807377 576.000000) (-336.000000 -384.000000 576.000000) 
4 93 99 (-128.000000 -336.000000 576.000000) (-128.000000 -672.660582 576.000000) (-256.000000 -593.981687 576.000000) (-256.000000 -336.000000 576.000000) 
4 93 96 (384.000000 -464.000000 576.000000) (384.000000 -691.129045 576.000000) (-96.000000 -598.225824 576.000000) (-96.000000 -464.000000 576.000000) 
4 93 95 (32.000000 -464.000000 576.000000) (-96.000000 -464.000000 576.000000) (-96.000000 -336.000000 576.000000) (32.000000 -336.000000 576.000000) 
5 93 94 (367.775608 -704.000000 576.000000) (-77.014973 -704.000000 576.000000) (-128.000000 -672.660582 576.000000) (-128.000000 -608.000000 576.000000) (-126.000163 -608.000000 576.000000) 
3 94 102 (45.926745 -641.426069 544.000000) (367.775608 -704.000000 544.000000) (91.653850 -704.000000 544.000000) 
6 94 101 (-77.014973 -704.000000 544.000000) (-128.000000 -672.660582 544.000000) (-128.000000 -608.000000 544.000000) (-126.000163 -608.000000 544.000000) (45.926745 -641.426069 544.000000) (91.653850 -704.000000 544.000000) 
4 94 99 (-128.000000 -672.660582 544.000000) (-128.000000 -672.660582 576.000000) (-128.000000 -608.000000 576.000000) (-128.000000 -608.000000 544.000000) 
5 95 102 (-96.000000 -336.000000 544.000000) (32.000000 -336.000000 544.000000) (32.000000 -464.000000 544.000000) (-83.730773 -464.000000 544.000000) (-96.000000 -447.210532 544.000000) 
3 95 101 (-83.730773 -464.000000 544.000000) (-96.000000 -464.000000 544.000000) (-96.000000 -447.210532 544.000000) 
4 95 98 (-96.000000 -458.000006 544.000000) (-96.000000 -464.000000 544.000000) (-96.000000 -464.000000 560.000000) (-96.000000 -458.000006 560.000000) 
4 95 97 (-96.000000 -336.000000 560.000000) (-96.000000 -336.000000 544.000000) (-96.000000 -458.000006 544.000000) (-96.000000 -458.000006 560.000000) 
4 95 96 (-96.000000 -464.000000 544.000000) (32.000000 -464.000000 544.000000) (32.000000 -464.000000 576.000000) (-96.000000 -464.000000 576.000000) 
4 96 102 (384.000000 -464.000000 544.000000) (384.000000 -691.129045 544.000000) (32.537588 -623.104066 544.000000) (-83.730773 -464.000000 544.000000) 
4 96 101 (32.537588 -623.104066 544.000000) (-96.000000 -598.225824 544.000000) (-96.000000 -464.000000 544.000000) (-83.730773 -464.000000 544.000000) 
4 96 98 (-96.000000 -464.000000 544.000000) (-96.000000 -598.225824 544.000000) (-96.000000 -598.225824 560.000000) (-96.000000 -464.000000 560.000000) 
4 97 102 (-128.000000 -403.421060 544.000000) (-128.000000 -336.000000 544.000000) (-96.000000 -336.000000 544.000000) (-96.000000 -447.210532 544.000000) 
5 97 101 (-128.000000 -607.611191 544.000000) (-128.000000 -403.421060 544.000000) (-96.000000 -447.210532 544.000000) (-96.000000 -458.000006 544.000000) (-126.000004 -608.000031 544.000000) 
4 97 99 (-128.000000 -336.000000 560.000000) (-128.000000 -336.000000 544.000000) (-128.000000 -607.611191 544.000000) (-128.000000 -607.611191 560.000000) 
4 97 98 (-123.000002 -593.000017 544.000000) (-96.000000 -458.000006 544.000000) (-96.000000 -458.000006 560.000000) (-123.000002 -593.000017 560.000000) 
3 98 101 (-96.000000 -458.000006 544.000000) (-96.000000 -598.225824 544.000000) (-123.000002 -593.000017 544.000000) 
4 99 104 (-256.000000 -593.981687 544.000000) (-256.000000 -593.981687 576.000000) (-256.000000 -384.000000 576.000000) (-256.000000 -384.000000 544.000000) 
3 99 102 (-177.269238 -336.000000 544.000000) (-128.000000 -336.000000 544.000000) (-128.000000 -403.421060 544.000000) 
6 99 101 (-128.000000 -672.660582 544.000000) (-256.000000 -593.981687 544.000000) (-256.000000 -353.394142 544.000000) (-232.883110 -336.000000 544.000000) (-177.269238 -336.000000 544.000000) (-128.000000 -403.421060 544.000000) 
3 99 100 (-256.000000 -353.394142 544.000000) (-256.000000 -336.000000 544.000000) (-232.883110 -336.000000 544.000000) 
4 100 101 (-256.000000 -353.394143 544.000000) (-256.000000 -353.394143 528.000000) (-197.000003 -309.000008 528.000000) (-197.000003 -309.000008 544.000000) 
3 100 103 (-256.000000 -353.394142 528.000000) (-256.000000 -304.000000 528.000000) (-190.354972 -304.000000 528.000000) 
4 101 107 (91.653850 -704.000000 544.000000) (-77.014973 -704.000000 544.000000) (-77.014973 -704.000000 528.000000) (91.653850 -704.000000 528.000000) 
4 101 104 (-256.000000 -593.981687 528.000000) (-256.000000 -593.981687 544.000000) (-256.000000 -384.000000 544.000000) (-256.000000 -384.000000 528.000000) 
4 101 102 (91.653853 -704.000000 528.000000) (-177.999999 -335.000007 528.000000) (-177.999999 -335.000007 544.000000) (91.653853 -704.000000 544.000000) 
5 101 103 (91.653850 -704.000000 528.000000) (-77.014973 -704.000000 528.000000) (-256.000000 -593.981687 528.000000) (-256.000000 -353.394142 528.000000) (-197.000003 -309.000007 528.000000) 
4 102 107 (384.000000 -704.000000 528.000000) (384.000000 -704.000000 544.000000) (91.653850 -704.000000 544.000000) (91.653850 -704.000000 528.000000) 
5 102 103 (384.000000 -704.000000 528.000000) (91.653850 -704.000000 528.000000) (-178.000001 -335.000009 528.000000) (-136.978436 -304.000000 528.000000) (384.000000 -304.000000 528.000000) 
5 103 123 (-256.000000 -304.000000 512.000000) (160.000000 -304.000000 512.000000) (160.000000 -704.000000 512.000000) (-77.014973 -704.000000 512.000000) (-256.000000 -593.981687 512.000000) 
4 103 119 (160.000000 -304.000000 512.000000) (384.000000 -304.000000 512.000000) (384.000000 -704.000000 512.000000) (160.000000 -704.000000 512.000000) 
4 103 110 (-77.014973 -704.000000 512.000000) (384.000000 -704.000000 512.000000) (384.000000 -704.000000 528.000000) (-77.014973 -704.000000 528.000000) 
4 103 106 (-256.000000 -593.981674 512.000000) (-77.014953 -704.000000 512.000000) (-77.014953 -704.000000 528.000000) (-256.000000 -593.981674 528.000000) 
4 103 104 (-256.000000 -384.000000 512.000000) (-256.000000 -593.981687 512.000000) (-256.000000 -593.981687 528.000000) (-256.000000 -384.000000 528.000000) 
4 104 123 (-256.000000 -384.000000 512.000000) (-256.000000 -593.981687 512.000000) (-336.000000 -544.807377 512.000000) (-336.000000 -384.000000 512.000000) 
4 104 113 (-336.000000 -544.807377 528.000000) (-336.000000 -544.807377 544.000000) (-336.000000 -384.000000 544.000000) (-336.000000 -384.000000 528.000000) 
4 104 116 (-336.000000 -384.000000 512.000000) (-336.000000 -544.807377 512.000000) (-336.000000 -544.807377 528.000000) (-336.000000 -384.000000 528.000000) 
4 104 106 (-336.000000 -544.807365 528.000000) (-336.000000 -544.807365 512.000000) (-256.000000 -593.981674 512.000000) (-256.000000 -593.981674 528.000000) 
4 105 112 (-336.000000 -704.000000 528.000000) (-336.000000 -704.000000 544.000000) (-336.000000 -582.256891 544.000000) (-336.000000 -582.256891 528.000000) 
4 105 109 (-336.000000 -704.000000 544.000000) (-336.000000 -704.000000 528.000000) (-137.940305 -704.000000 528.000000) (-137.940305 -704.000000 544.000000) 
3 105 106 (-137.940305 -704.000000 528.000000) (-336.000000 -704.000000 528.000000) (-336.000000 -582.256891 528.000000) 
3 106 123 (-77.014973 -704.000000 512.000000) (-336.000000 -704.000000 512.000000) (-336.000000 -544.807377 512.000000) 
4 106 116 (-336.000000 -544.807377 512.000000) (-336.000000 -704.000000 512.000000) (-336.000000 -704.000000 528.000000) (-336.000000 -544.807377 528.000000) 
4 106 110 (-336.000000 -704.000000 512.000000) (-77.014973 -704.000000 512.000000) (-77.014973 -704.000000 528.000000) (-336.000000 -704.000000 528.000000) 
4 107 117 (384.000000 -768.000000 528.000000) (384.000000 -768.000000 544.000000) (27.104435 -768.000000 544.000000) (27.104435 -768.000000 528.000000) 
4 107 108 (27.104455 -768.000000 528.000000) (27.104455 -768.000000 544.000000) (-64.000009 -712.000011 544.000000) (-64.000009 -712.000011 528.000000) 
4 107 110 (384.000000 -704.000000 528.000000) (384.000000 -768.000000 528.000000) (27.104435 -768.000000 528.000000) (-77.014973 -704.000000 528.000000) 
4 108 117 (27.104435 -768.000000 544.000000) (-99.259260 -768.000000 544.000000) (-99.259260 -768.000000 528.000000) (27.104435 -768.000000 528.000000) 
4 108 109 (-81.000012 -738.999995 528.000000) (-99.259273 -768.000000 528.000000) (-99.259273 -768.000000 544.000000) (-81.000012 -738.999995 544.000000) 
3 108 110 (27.104435 -768.000000 528.000000) (-99.259260 -768.000000 528.000000) (-64.000014 -712.000020 528.000000) 
4 109 117 (-99.259260 -768.000000 544.000000) (-336.000000 -768.000000 544.000000) (-336.000000 -768.000000 528.000000) (-99.259260 -768.000000 528.000000) 
4 109 112 (-336.000000 -768.000000 528.000000) (-336.000000 -768.000000 544.000000) (-336.000000 -704.000000 544.000000) (-336.000000 -704.000000 528.000000) 
5 109 110 (-99.259260 -768.000000 528.000000) (-336.000000 -768.000000 528.000000) (-336.000000 -704.000000 528.000000) (-137.940305 -704.000000 528.000000) (-81.000002 -739.000001 528.000000) 
4 110 123 (160.000000 -768.000000 512.000000) (-336.000000 -768.000000 512.000000) (-336.000000 -704.000000 512.000000) (160.000000 -704.000000 512.000000) 
4 110 119 (384.000000 -704.000000 512.000000) (384.000000 -768.000000 512.000000) (160.000000 -768.000000 512.000000) (160.000000 -704.000000 512.000000) 
4 110 117 (-336.000000 -768.000000 512.000000) (384.000000 -768.000000 512.000000) (384.000000 -768.000000 528.000000) (-336.000000 -768.000000 528.000000) 
4 110 116 (-336.000000 -704.000000 512.000000) (-336.000000 -768.000000 512.000000) (-336.000000 -768.000000 528.000000) (-336.000000 -704.000000 528.000000) 
4 111 114 (-407.999994 -538.000004 544.000000) (-416.000000 -533.082569 544.000000) (-416.000000 -533.082569 576.000000) (-407.999994 -538.000004 576.000000) 
4 111 112 (-416.000000 -704.000000 544.000000) (-416.000000 -533.082582 544.000000) (-368.000000 -562.587168 544.000000) (-368.000000 -704.000000 544.000000) 
4 112 117 (-336.000000 -768.000000 528.000000) (-336.000000 -768.000000 544.000000) (-416.000000 -768.000000 544.000000) (-416.000000 -768.000000 528.000000) 
4 112 114 (-407.999994 -538.000004 528.000000) (-416.000000 -533.082569 528.000000) (-416.000000 -533.082569 544.000000) (-407.999994 -538.000004 544.000000) 
4 112 116 (-336.000000 -768.000000 528.000000) (-416.000000 -768.000000 528.000000) (-416.000000 -533.082582 528.000000) (-336.000000 -582.256891 528.000000) 
4 113 115 (-368.000000 -474.470600 528.000000) (-368.000000 -525.137654 528.000000) (-368.000000 -525.137654 544.000000) (-368.000000 -474.470600 544.000000) 
4 113 114 (-368.000000 -384.000000 528.000000) (-368.000000 -474.470600 528.000000) (-368.000000 -474.470600 544.000000) (-368.000000 -384.000000 544.000000) 
4 113 116 (-368.000000 -384.000000 528.000000) (-336.000000 -384.000000 528.000000) (-336.000000 -544.807377 528.000000) (-368.000000 -525.137654 528.000000) 
4 114 115 (-368.000000 -474.470604 528.000000) (-368.000000 -474.470604 576.000000) (-391.000010 -511.000033 576.000000) (-391.000010 -511.000033 528.000000) 
5 114 116 (-416.000000 -533.082582 528.000000) (-416.000000 -384.000000 528.000000) (-368.000000 -384.000000 528.000000) (-368.000000 -474.470600 528.000000) (-408.000000 -538.000013 528.000000) 
3 115 116 (-368.000000 -474.470600 528.000000) (-368.000000 -525.137654 528.000000) (-391.000012 -511.000032 528.000000) 
4 116 123 (-336.000000 -384.000000 512.000000) (-336.000000 -768.000000 512.000000) (-416.000000 -768.000000 512.000000) (-416.000000 -384.000000 512.000000) 
4 116 117 (-416.000000 -768.000000 512.000000) (-336.000000 -768.000000 512.000000) (-336.000000 -768.000000 528.000000) (-416.000000 -768.000000 528.000000) 
4 117 123 (160.000000 -800.000000 512.000000) (-416.000000 -800.000000 512.000000) (-416.000000 -768.000000 512.000000) (160.000000 -768.000000 512.000000) 
4 117 119 (384.000000 -768.000000 512.000000) (384.000000 -800.000000 512.000000) (160.000000 -800.000000 512.000000) (160.000000 -768.000000 512.000000) 
4 118 123 (160.000000 -208.000000 512.000000) (-416.000000 -208.000000 512.000000) (-416.000000 -208.000000 -288.000000) (160.000000 -208.000000 -288.000000) 
4 118 120 (384.000000 -208.000000 -288.000000) (384.000000 -208.000000 -144.000000) (304.000000 -208.000000 -144.000000) (304.000000 -208.000000 -288.000000) 
4 118 119 (384.000000 -208.000000 -144.000000) (384.000000 -208.000000 512.000000) (160.000000 -208.000000 512.000000) (160.000000 -208.000000 -144.000000) 
4 119 123 (160.000000 -208.000000 512.000000) (160.000000 -208.000000 -144.000000) (160.000000 -800.000000 -144.000000) (160.000000 -800.000000 512.000000) 
4 119 120 (304.000000 -208.000000 -144.000000) (384.000000 -208.000000 -144.000000) (384.000000 -480.000000 -144.000000) (304.000000 -480.000000 -144.000000) 
4 119 122 (384.000000 -480.000000 -144.000000) (384.000000 -800.000000 -144.000000) (160.000000 -800.000000 -144.000000) (160.000000 -480.000000 -144.000000) 
4 120 122 (304.000000 -480.000000 -288.000000) (384.000000 -480.000000 -288.000000) (384.000000 -480.000000 -144.000000) (304.000000 -480.000000 -144.000000) 
4 122 123 (160.000000 -480.000000 -288.000000) (160.000000 -800.000000 -288.000000) (160.000000 -800.000000 -144.000000) (160.000000 -480.000000 -144.000000) 
