hlcsg v3.4 Final (Feb 25 2006)
Zoner's Half-Life Compilation Tools -- Custom Build
Based on code modifications by Sean 'Zoner' Cavanaugh
Based on Valve's version, modified with permission.
Submit detailed bug reports to (amckern@yahoo.com)
-----  BEGIN  hlcsg -----
Command line: "C:\Users\Benny\Desktop\Nueva carpeta\hlcsg.exe"C:\Users\Benny\Desktop\valve\cstrike\maps\agujeronegro 
Entering C:\Users\Benny\Desktop\valve\cstrike\maps\agujeronegro.map

Current hlcsg Settings
Name                 |  Setting  |  Default
---------------------|-----------|-------------------------
threads               [       2 ] [  Varies ]
verbose               [     off ] [     off ]
log                   [      on ] [      on ]
developer             [       0 ] [       0 ]
chart                 [     off ] [     off ]
estimate              [     off ] [     off ]
max texture memory    [ 4194304 ] [ 4194304 ]
max lighting memory   [ 6291456 ] [ 6291456 ]
priority              [  Normal ] [  Normal ]

noclip                [     off ] [     off ]
null texture stripping[      on ] [      on ]
clipnode economy mode [      on ] [      on ]
clip hull type        [  legacy ] [  legacy ]
onlyents              [     off ] [     off ]
wadtextures           [      on ] [      on ]
skyclip               [      on ] [      on ]
hullfile              [    None ] [    None ]
nullfile              [    None ] [    None ]
min surface area      [   0.500 ] [   0.500 ]
brush union threshold [   0.000 ] [   0.000 ]

Using mapfile wad configuration
Wadinclude list :
[zhlt.wad]

0 brushes (totalling 0 sides) discarded from clipping hulls
CreateBrush:
 (0.03 seconds)
SetModelCenters:
 (0.01 seconds)
CSGBrush:
 (0.14 seconds)

Using Wadfile: \users\benny\desktop\valve\valve\halflife.wad
 - Contains 2 used textures, 66.67 percent of map (3116 textures in wad)
Using Wadfile: \users\benny\desktop\valve\valve\liquids.wad
 - Contains 0 used textures, 0.00 percent of map (32 textures in wad)
Using Wadfile: \users\benny\desktop\valve\valve\decals.wad
 - Contains 0 used textures, 0.00 percent of map (222 textures in wad)
Using Wadfile: \users\benny\desktop\valve\valve\xeno.wad
 - Contains 1 used texture, 33.33 percent of map (264 textures in wad)
Using Wadfile: \users\benny\desktop\valve\cstrike\cstrike.wad
 - Contains 0 used textures, 0.00 percent of map (123 textures in wad)

added 2 additional animating textures.
Texture usage is at 0.15 mb (of 4.00 mb MAX)
2.74 seconds elapsed

-----   END   hlcsg -----



hlbsp v3.4 Final (Feb 25 2006)
Zoner's Half-Life Compilation Tools -- Custom Build
Based on code modifications by Sean 'Zoner' Cavanaugh
Based on Valve's version, modified with permission.
Submit detailed bug reports to (amckern@yahoo.com)
-----  BEGIN  hlbsp -----
Command line: "C:\Users\Benny\Desktop\Nueva carpeta\hlbsp.exe"C:\Users\Benny\Desktop\valve\cstrike\maps\agujeronegro 

Current hlbsp Settings
Name               |  Setting  |  Default
-------------------|-----------|-------------------------
threads             [       2 ] [  Varies ]
verbose             [     off ] [     off ]
log                 [      on ] [      on ]
developer           [       0 ] [       0 ]
chart               [     off ] [     off ]
estimate            [     off ] [     off ]
max texture memory  [ 4194304 ] [ 4194304 ]
priority            [  Normal ] [  Normal ]

noclip              [     off ] [     off ]
nofill              [     off ] [     off ]
noopt               [     off ] [     off ]
null tex. stripping [      on ] [      on ]
notjunc             [     off ] [     off ]
subdivide size      [     240 ] [     240 ] (Min 64) (Max 512)
max node size       [    1024 ] [    1024 ] (Min 64) (Max 8192)


SolidBSP [hull 0] 239 (0.02 seconds)
BSP generation successful, writing portal file 'C:\Users\Benny\Desktop\valve\cstrike\maps\agujeronegro.prt'
SolidBSP [hull 1] 237 (0.02 seconds)
SolidBSP [hull 2] 218 (0.02 seconds)
SolidBSP [hull 3] 237 (0.02 seconds)
0.96 seconds elapsed

-----   END   hlbsp -----



hlvis v3.4 Final (Feb 25 2006)
Zoner's Half-Life Compilation Tools -- Custom Build
Based on code modifications by Sean 'Zoner' Cavanaugh
Based on Valve's version, modified with permission.
Submit detailed bug reports to (amckern@yahoo.com)
-----  BEGIN  hlvis -----
Command line: "C:\Users\Benny\Desktop\Nueva carpeta\hlvis.exe"-fast C:\Users\Benny\Desktop\valve\cstrike\maps\agujeronegro 
 124 portalleafs
 449 numportals

-= Current hlvis Settings =-
Name               |  Setting  |  Default
-------------------|-----------|-------------------------
threads             [       2 ] [  Varies ]
verbose             [     off ] [     off ]
log                 [      on ] [      on ]
developer           [       0 ] [       0 ]
chart               [     off ] [     off ]
estimate            [     off ] [     off ]
max texture memory  [ 4194304 ] [ 4194304 ]
max vis distance    [       0 ] [       0 ]
priority            [  Normal ] [  Normal ]

fast vis            [      on ] [     off ]
full vis            [     off ] [     off ]


BasePortalVis:
 (0.05 seconds)
average leafs visible: 112
g_visdatasize:1971  compressed from 1984
0.84 seconds elapsed

-----   END   hlvis -----



hlrad v3.4 Final (Feb 25 2006)
Zoner's Half-Life Compilation Tools -- Custom Build
Based on code modifications by Sean 'Zoner' Cavanaugh
Based on Valve's version, modified with permission.
Submit detailed bug reports to (amckern@yahoo.com)
-----  BEGIN  hlrad -----
Command line: "C:\Users\Benny\Desktop\Nueva carpeta\hlrad.exe"-extra C:\Users\Benny\Desktop\valve\cstrike\maps\agujeronegro 

-= Current hlrad Settings =-
Name                | Setting             | Default
--------------------|---------------------|-------------------------
threads              [                 2 ] [            Varies ]
verbose              [               off ] [               off ]
log                  [                on ] [                on ]
developer            [                 0 ] [                 0 ]
chart                [               off ] [               off ]
estimate             [               off ] [               off ]
max texture memory   [           4194304 ] [           4194304 ]
max lighting memory  [           6291456 ] [           6291456 ]
priority             [            Normal ] [            Normal ]

vismatrix algorithm  [          Original ] [          Original ]
oversampling (-extra)[                on ] [               off ]
bounces              [                 1 ] [                 1 ]
bounce dynamic light [                on ] [                on ]
ambient light        [ 0.000 0.000 0.000 ] [ 0.000 0.000 0.000 ]
maximum light        [           255.000 ] [           256.000 ]
circus mode          [               off ] [               off ]

smoothing threshold  [            50.000 ] [            50.000 ]
direct threshold     [            25.000 ] [            25.000 ]
direct light scale   [             2.000 ] [             2.000 ]
coring threshold     [             1.000 ] [             1.000 ]
patch interpolation  [                on ] [                on ]

texscale             [                on ] [                on ]
patch subdividing    [                on ] [                on ]
chop value           [            64.000 ] [            64.000 ]
texchop value        [            32.000 ] [            32.000 ]

global fade          [             1.000 ] [             1.000 ]
global falloff       [                 2 ] [                 2 ]
global light scale   [ 1.000 1.000 1.000 ] [ 1.000 1.000 1.000 ]
global gamma         [ 0.500 0.500 0.500 ] [ 0.500 0.500 0.500 ]
global light scale   [             1.000 ] [             1.000 ]
global sky diffusion [             1.000 ] [             1.000 ]

opaque entities      [                on ] [                on ]
sky lighting fix     [                on ] [                on ]
incremental          [               off ] [               off ]
dump                 [               off ] [               off ]

colour jitter        [       0.0 0.0 0.0 ] [       0.0 0.0 0.0 ]
monochromatic jitter [       0.0 0.0 0.0 ] [       0.0 0.0 0.0 ]
softlight hack       [   0.0 0.0 0.0 0.0 ] [   0.0 0.0 0.0 0.0 ]
diffuse hack         [                on ] [                on ]
spotlight points     [                on ] [                on ]

custom shadows with bounce light
                     [               off ] [               off ]
rgb transfers        [               off ] [               off ]


[Reading texlights from 'C:\Users\Benny\Desktop\Nueva carpeta\lights.rad']
[59 texlights parsed from 'C:\Users\Benny\Desktop\Nueva carpeta\lights.rad']

658 faces
Create Patches : 5227 base patches
0 opaque faces
70461 square feet [10146415.00 square inches]
82 direct lights

BuildFacelights:
 (22.35 seconds)
visibility matrix   :   1.6 megs
BuildVisLeafs:
 (4.37 seconds)
MakeScales:
 (2.15 seconds)
SwapTransfers:
 (1.86 seconds)
Transfer Lists :    10662084 :   10.66M transfers
       Indices :     2933812 :    2.80M bytes
          Data :    42648336 :   40.67M bytes
GatherLight:
 (1.26 seconds)
FinalLightFace:
 (0.69 seconds)
33.57 seconds elapsed

-----   END   hlrad -----



