PRT1
309
888
4 0 46 (4948.229980 1024 1981.090088 ) (4096 1024 1981.090088 ) (4096 1024 -829.091003 ) (4948.229980 1024 -829.091003 ) 
4 0 1 (4096 1024 -829.091003 ) (4096 1024 1981.090088 ) (4096 1995.560059 1981.090088 ) (4096 1995.560059 -829.091003 ) 
4 1 49 (4096 1024 -829.091003 ) (4096 1024 1981.090088 ) (3072 1024 1981.090088 ) (3072 1024 -829.091003 ) 
4 1 12 (3072 1024 -829.091003 ) (3072 1024 0 ) (3072 1995.560059 0 ) (3072 1995.560059 -829.091003 ) 
4 1 7 (3072 1024 0 ) (3072 1024 416 ) (3072 1728 416 ) (3072 1728 0 ) 
4 1 6 (3072 1728 416 ) (3072 1995.560059 416 ) (3072 1995.560059 0 ) (3072 1728 0 ) 
4 1 3 (3072 1024 416 ) (3072 1024 1981.090088 ) (3072 1728 1981.090088 ) (3072 1728 416 ) 
4 1 2 (3072 1728 1981.090088 ) (3072 1995.560059 1981.090088 ) (3072 1995.560059 416 ) (3072 1728 416 ) 
4 2 15 (2048 1728 1981.090088 ) (2048 1995.560059 1981.090088 ) (2048 1995.560059 416 ) (2048 1728 416 ) 
4 2 9 (2048 1728 416 ) (2048 1995.560059 416 ) (2848 1995.560059 416 ) (2848 1728 416 ) 
4 2 6 (2848 1995.560059 416 ) (3072 1995.560059 416 ) (3072 1728 416 ) (2848 1728 416 ) 
4 2 4 (2880 1728 448 ) (2880 1728 1981.090088 ) (2048 1728 1981.090088 ) (2048 1728 448 ) 
4 2 3 (2880 1728 416 ) (3072 1728 416 ) (3072 1728 1981.090088 ) (2880 1728 1981.090088 ) 
4 3 50 (3072 1024 416 ) (3072 1024 1981.090088 ) (2880 1024 1981.090088 ) (2880 1024 416 ) 
4 3 7 (3072 1024 416 ) (2880 1024 416 ) (2880 1728 416 ) (3072 1728 416 ) 
4 3 4 (2880 1728 1981.090088 ) (2880 1728 448 ) (2880 1344 448 ) (2880 1344 1981.090088 ) 
4 3 5 (2880 1344 416 ) (2880 1024 416 ) (2880 1024 1981.090088 ) (2880 1344 1981.090088 ) 
4 4 16 (2048 1344 1981.090088 ) (2048 1728 1981.090088 ) (2048 1728 448 ) (2048 1344 448 ) 
4 4 5 (2880 1344 448 ) (2880 1344 1981.090088 ) (2048 1344 1981.090088 ) (2048 1344 448 ) 
4 5 51 (2784 1024 1981.090088 ) (2464 1024 1981.090088 ) (2464 1024 416 ) (2784 1024 416 ) 
4 5 50 (2880 1024 1981.090088 ) (2784 1024 1981.090088 ) (2784 1024 416 ) (2880 1024 416 ) 
4 5 54 (2464 1024 1981.090088 ) (2048 1024 1981.090088 ) (2048 1024 416 ) (2464 1024 416 ) 
4 5 42 (2048 1024 416 ) (2048 1024 1981.090088 ) (2048 1344 1981.090088 ) (2048 1344 416 ) 
4 5 11 (2848 1024 416 ) (2048 1024 416 ) (2048 1344 416 ) (2848 1344 416 ) 
4 5 8 (2880 1024 416 ) (2848 1024 416 ) (2848 1344 416 ) (2880 1344 416 ) 
4 6 13 (3040 1728 0 ) (2848 1728 0 ) (2848 1995.560059 0 ) (3040 1995.560059 0 ) 
4 6 12 (3072 1995.560059 0 ) (3072 1728 0 ) (3040 1728 0 ) (3040 1995.560059 0 ) 
4 6 9 (2848 1995.560059 0 ) (2848 1728 0 ) (2848 1728 416 ) (2848 1995.560059 416 ) 
4 6 7 (2880 1728 0 ) (3072 1728 0 ) (3072 1728 416 ) (2880 1728 416 ) 
4 7 50 (3072 1024 0 ) (3072 1024 416 ) (2880 1024 416 ) (2880 1024 0 ) 
4 7 12 (3072 1728 0 ) (3072 1024 0 ) (3040 1024 0 ) (3040 1728 0 ) 
4 7 8 (2880 1344 0 ) (2880 1024 0 ) (2880 1024 416 ) (2880 1344 416 ) 
4 8 50 (2880 1024 416 ) (2848 1024 416 ) (2848 1024 0 ) (2880 1024 0 ) 
4 8 11 (2848 1344 0 ) (2848 1024 0 ) (2848 1024 416 ) (2848 1344 416 ) 
4 9 15 (2048 1728 416 ) (2048 1995.560059 416 ) (2048 1995.560059 0 ) (2048 1728 0 ) 
4 9 13 (2848 1995.560059 0 ) (2848 1728 0 ) (2048 1728 0 ) (2048 1995.560059 0 ) 
4 10 17 (2048 1376 416 ) (2048 1696 416 ) (2048 1696 0 ) (2048 1376 0 ) 
4 11 51 (2784 1024 416 ) (2464 1024 416 ) (2464 1024 0 ) (2784 1024 0 ) 
4 11 50 (2848 1024 416 ) (2784 1024 416 ) (2784 1024 0 ) (2848 1024 0 ) 
4 11 54 (2464 1024 416 ) (2048 1024 416 ) (2048 1024 0 ) (2464 1024 0 ) 
4 11 42 (2048 1024 0 ) (2048 1024 416 ) (2048 1344 416 ) (2048 1344 0 ) 
4 12 60 (3072 1024 -829.091003 ) (3072 1024 -416 ) (3040 1024 -416 ) (3040 1024 -829.091003 ) 
4 12 59 (3072 1024 -416 ) (3072 1024 0 ) (3040 1024 0 ) (3040 1024 -416 ) 
4 12 14 (3040 1728 -829.091003 ) (3040 1024 -829.091003 ) (3040 1024 -416 ) (3040 1728 -416 ) 
4 12 13 (3040 1995.560059 0 ) (3040 1995.560059 -829.091003 ) (3040 1728 -829.091003 ) (3040 1728 0 ) 
4 13 44 (2048 1728 0 ) (2048 1995.560059 0 ) (2048 1995.560059 -829.091003 ) (2048 1728 -829.091003 ) 
4 13 14 (2048 1728 -829.091003 ) (3040 1728 -829.091003 ) (3040 1728 -416 ) (2048 1728 -416 ) 
4 14 60 (2048 1024 -416 ) (2048 1024 -829.091003 ) (3040 1024 -829.091003 ) (3040 1024 -416 ) 
4 14 45 (2048 1024 -829.091003 ) (2048 1024 -416 ) (2048 1728 -416 ) (2048 1728 -829.091003 ) 
4 15 44 (2048 1995.560059 0 ) (2048 1728 0 ) (1936 1728 0 ) (1936 1995.560059 0 ) 
4 15 43 (1936 1995.560059 0 ) (1936 1728 0 ) (1936 1728 1981.090088 ) (1936 1995.560059 1981.090088 ) 
4 15 41 (1936 1728 53.971558 ) (1936 1728 0 ) (1952 1728 0 ) (1952 1728 53.971554 ) 
4 15 40 (1936 1728 165.238266 ) (1936 1728 53.971558 ) (1952 1728 53.971554 ) (1952 1728 165.238251 ) 
4 15 39 (1936 1728 416 ) (1936 1728 165.238266 ) (1952 1728 165.238251 ) (1952 1728 416 ) 
4 15 19 (1936 1728 448 ) (1936 1728 416 ) (1952 1728 416 ) (1952 1728 448 ) 
4 15 18 (1936 1728 1981.090088 ) (1936 1728 448 ) (2016 1728 448 ) (2016 1728 1981.090088 ) 
4 15 16 (2048 1728 448 ) (2048 1728 1981.090088 ) (2016 1728 1981.090088 ) (2016 1728 448 ) 
4 16 42 (2048 1344 448 ) (2048 1344 1981.090088 ) (2016 1344 1981.090088 ) (2016 1344 448 ) 
4 16 18 (2016 1728 1981.090088 ) (2016 1728 448 ) (2016 1344 448 ) (2016 1344 1981.090088 ) 
4 17 38 (2016 1608.646362 317.142883 ) (2016 1583.427246 416 ) (2016 1606.168091 416 ) (2016 1662.503296 248.597763 ) 
3 17 37 (2016 1606.168091 416 ) (2016 1696 416 ) (2016 1696 149.061066 ) 
3 17 33 (2016 1376 149.059402 ) (2016 1376 205.961639 ) (2016 1409.500000 248.598007 ) 
4 17 32 (2016 1376 205.961639 ) (2016 1376 416 ) (2016 1488.576660 416 ) (2016 1463.356201 317.142273 ) 
3 17 27 (2016 1463.356079 317.142059 ) (2016 1465.004639 323.604004 ) (2016 1470.004639 325.603851 ) 
4 17 26 (2016 1465.004639 323.604004 ) (2016 1478.152222 375.139069 ) (2016 1517.621338 359.351471 ) (2016 1505.860107 339.944977 ) 
9 17 24 (2016 1668 0 ) (2016 1404 0 ) (2016 1415 127.596199 ) (2016 1442.502930 235.402771 ) (2016 1486.500000 308 ) (2016 1536.001709 334.398956 ) (2016 1585.500000 308 ) (2016 1629.499268 235.401260 ) (2016 1657 127.598816 ) 
3 17 23 (2016 1505.860107 339.945007 ) (2016 1517.621338 359.351471 ) (2016 1536 352 ) 
4 17 22 (2016 1478.152222 375.139069 ) (2016 1488.576660 416 ) (2016 1530.972900 416 ) (2016 1602.002197 325.599152 ) 
3 17 20 (2016 1530.972900 416 ) (2016 1583.427246 416 ) (2016 1608.646362 317.142883 ) 
4 18 43 (1936 1344 448 ) (1936 1344 1981.090088 ) (1936 1728 1981.090088 ) (1936 1728 448 ) 
4 18 42 (1936 1344 1981.090088 ) (1936 1344 448 ) (2016 1344 448 ) (2016 1344 1981.090088 ) 
4 18 19 (1936 1728 448 ) (1952 1728 448 ) (1952 1344 448 ) (1936 1344 448 ) 
4 19 43 (1936 1344 416 ) (1936 1344 448 ) (1936 1728 448 ) (1936 1728 416 ) 
4 19 42 (1936 1344 448 ) (1936 1344 416 ) (1952 1344 416 ) (1952 1344 448 ) 
4 19 39 (1936 1728 416 ) (1952 1728 416 ) (1952 1583.427612 416 ) (1936 1583.427734 416 ) 
4 19 35 (1952 1488.575317 416 ) (1952 1394.097656 416 ) (1936 1394.097656 416 ) (1936 1488.574951 416 ) 
4 19 34 (1952 1394.097656 416 ) (1952 1344 416 ) (1936 1344 416 ) (1936 1394.097656 416 ) 
4 19 28 (1952 1530.972900 416 ) (1952 1488.575317 416 ) (1936 1488.574951 416 ) (1936 1530.972900 416 ) 
4 19 21 (1952 1583.427612 416 ) (1952 1530.972900 416 ) (1936 1530.972900 416 ) (1936 1583.427734 416 ) 
4 20 38 (1984 1583.427246 416 ) (2016 1583.427124 416 ) (2016 1608.646118 317.143127 ) (1984 1608.646484 317.142761 ) 
4 20 22 (2016 1602.004883 325.598053 ) (2016 1530.975220 416 ) (1984 1530.975220 416 ) (1984 1602.004883 325.598083 ) 
3 21 43 (1936 1530.972900 416 ) (1936 1583.427734 416 ) (1936 1608.647095 317.141907 ) 
4 21 39 (1936 1583.427612 416 ) (1952 1583.427490 416 ) (1952 1608.646729 317.142426 ) (1936 1608.646851 317.142242 ) 
4 21 28 (1952 1602.004883 325.598053 ) (1952 1530.975220 416 ) (1936 1530.975220 416 ) (1936 1602.004761 325.598145 ) 
4 22 32 (2016 1478.152344 375.139008 ) (2016 1488.576904 416 ) (1984 1488.576172 416 ) (1984 1478.151733 375.139282 ) 
4 22 26 (2016 1478.152588 375.139954 ) (1984 1478.151855 375.140198 ) (1984 1517.621826 359.352386 ) (2016 1517.621948 359.352417 ) 
4 22 23 (1984 1517.621826 359.352386 ) (1984 1536.001465 352 ) (2016 1536.001587 352 ) (2016 1517.621948 359.352417 ) 
4 23 26 (2016 1517.621094 359.351563 ) (1984 1517.621094 359.351563 ) (1984 1505.859741 339.944885 ) (2016 1505.859741 339.944885 ) 
9 24 25 (1984 1404 0 ) (1984 1415 127.601563 ) (1984 1442.502563 235.403732 ) (1984 1486.499268 308 ) (1984 1536.001831 334.398987 ) (1984 1585.499268 308 ) (1984 1629.499756 235.399628 ) (1984 1657 127.599991 ) (1984 1668 0 ) 
9 25 30 (1952 1629.500610 235.397308 ) (1952 1657 127.601013 ) (1952 1668 0 ) (1952 1404.001831 0 ) (1952 1415.002441 127.609375 ) (1952 1442.501587 235.400604 ) (1952 1486.500000 308 ) (1952 1536.001831 334.399017 ) (1952 1585.498413 308 ) 
4 26 32 (2016 1465.004761 323.604034 ) (2016 1478.152344 375.139008 ) (1984 1478.151733 375.139282 ) (1984 1465.003906 323.603729 ) 
4 26 27 (2016 1465.004883 323.604126 ) (1984 1465.004028 323.603821 ) (1984 1470.002930 325.603333 ) (2016 1470.004639 325.603943 ) 
4 27 32 (2016 1463.356201 317.142303 ) (2016 1465.004761 323.604034 ) (1984 1465.003906 323.603729 ) (1984 1463.355713 317.143066 ) 
4 28 43 (1936 1478.150757 375.139679 ) (1936 1488.574951 416 ) (1936 1530.972900 416 ) (1936 1602.002075 325.599213 ) 
4 28 35 (1952 1488.575439 416 ) (1936 1488.575073 416 ) (1936 1478.150757 375.139709 ) (1952 1478.151123 375.139587 ) 
4 28 29 (1952 1536 352 ) (1952 1478.150879 375.138855 ) (1936 1478.150513 375.138977 ) (1936 1536 352 ) 
3 29 43 (1936 1465.002930 323.603333 ) (1936 1478.150757 375.139679 ) (1936 1536 352 ) 
4 29 35 (1936 1478.150757 375.139709 ) (1936 1465.002686 323.603271 ) (1952 1465.003174 323.603424 ) (1952 1478.151123 375.139587 ) 
4 29 31 (1952 1470.001831 325.603516 ) (1952 1465.003418 323.604279 ) (1936 1465.003052 323.604126 ) (1936 1470 325.603119 ) 
9 30 43 (1936 1668 0 ) (1936 1404 0 ) (1936 1415 127.606354 ) (1936 1442.500122 235.398102 ) (1936 1486.500000 308 ) (1936 1536.001831 334.399048 ) (1936 1585.498047 308.001007 ) (1936 1629.500977 235.396118 ) (1936 1657 127.601715 ) 
3 31 43 (1936 1463.355347 317.145020 ) (1936 1465.002930 323.603333 ) (1936 1470 325.602051 ) 
4 31 35 (1936 1465.002686 323.603271 ) (1936 1463.354980 317.144501 ) (1952 1463.355347 317.144348 ) (1952 1465.003174 323.603424 ) 
4 32 33 (2016 1376 205.961685 ) (1984 1376 205.963287 ) (1984 1409.501953 248.602112 ) (2016 1409.500000 248.598038 ) 
4 34 43 (1936 1360 0 ) (1936 1344 0 ) (1936 1344 416 ) (1936 1394.097656 416 ) 
4 34 42 (1936 1344 416 ) (1936 1344 0 ) (1952 1344 0 ) (1952 1344 416 ) 
4 34 36 (1952 1376.984863 207.218246 ) (1952 1371 134.199219 ) (1936 1371 134.198181 ) (1936 1376.984863 207.219131 ) 
4 34 35 (1952 1394.097778 416 ) (1952 1376.984863 207.218246 ) (1936 1376.984863 207.219131 ) (1936 1394.097778 416 ) 
4 35 43 (1936 1376.984741 207.218933 ) (1936 1394.097656 416 ) (1936 1488.574951 416 ) (1936 1463.355225 317.144897 ) 
4 35 36 (1952 1376.984497 207.218124 ) (1936 1376.984619 207.219025 ) (1936 1409.504883 248.608368 ) (1952 1409.503784 248.606247 ) 
3 36 43 (1936 1371 134.197815 ) (1936 1376.984741 207.218933 ) (1936 1409.504639 248.607910 ) 
4 37 38 (1984 1606.168335 416 ) (1984 1662.504272 248.596420 ) (2016 1662.504272 248.596405 ) (2016 1606.168335 416 ) 
4 39 43 (1936 1608.647095 317.141937 ) (1936 1583.427734 416 ) (1936 1728 416 ) (1936 1728 165.238266 ) 
4 39 40 (1936 1728 165.242188 ) (1952 1728 165.242188 ) (1952 1662.501099 248.604004 ) (1936 1662.501221 248.603912 ) 
3 40 43 (1936 1662.503174 248.597839 ) (1936 1728 165.238266 ) (1936 1728 53.971558 ) 
4 40 41 (1936 1728 53.980469 ) (1952 1728 53.980469 ) (1952 1701 134.211700 ) (1936 1701 134.211700 ) 
4 41 43 (1936 1728 0 ) (1936 1712 0 ) (1936 1701 134.203232 ) (1936 1728 53.971558 ) 
4 42 62 (2048 1024 0 ) (2048 1024 1981.090088 ) (1936 1024 1981.090088 ) (1936 1024 0 ) 
4 42 43 (1936 1344 0 ) (1936 1024 0 ) (1936 1024 1981.090088 ) (1936 1344 1981.090088 ) 
4 43 94 (1024 1024 0 ) (1024 1024 1981.090088 ) (1024 1728 1981.090088 ) (1024 1728 0 ) 
4 43 93 (1024 1728 1981.090088 ) (1024 1995.560059 1981.090088 ) (1024 1995.560059 0 ) (1024 1728 0 ) 
4 43 62 (1024 1024 1981.090088 ) (1024 1024 0 ) (1936 1024 0 ) (1936 1024 1981.090088 ) 
4 43 44 (1936 1995.560059 0 ) (1936 1728 0 ) (1024 1728 0 ) (1024 1995.560059 0 ) 
4 44 93 (1024 1728 0 ) (1024 1995.560059 0 ) (1024 1995.560059 -829.091003 ) (1024 1728 -829.091003 ) 
4 44 45 (1024 1728 -829.091003 ) (2048 1728 -829.091003 ) (2048 1728 -416 ) (1024 1728 -416 ) 
4 45 99 (1024 1024 -829.091003 ) (1024 1024 -416 ) (1024 1728 -416 ) (1024 1728 -829.091003 ) 
4 45 63 (2048 1024 -829.091003 ) (2048 1024 -416 ) (1024 1024 -416 ) (1024 1024 -829.091003 ) 
4 46 49 (4096 1024 1981.090088 ) (4096 1024 -829.091003 ) (4096 0 -829.091003 ) (4096 0 1981.090088 ) 
4 46 47 (4948.229980 0 1981.090088 ) (4096 0 1981.090088 ) (4096 0 -829.091003 ) (4948.229980 0 -829.091003 ) 
4 47 64 (4096 -1024 -829.091003 ) (4096 -1024 1981.090088 ) (4096 0 1981.090088 ) (4096 0 -829.091003 ) 
4 47 48 (4096 -1024 1981.090088 ) (4096 -1024 -829.091003 ) (4948.229980 -1024 -829.091003 ) (4948.229980 -1024 1981.090088 ) 
4 48 66 (4096 -1675.560059 1981.090088 ) (4096 -1024 1981.090088 ) (4096 -1024 -829.091003 ) (4096 -1675.560059 -829.091003 ) 
4 49 64 (4096 0 -829.091003 ) (4096 0 1981.090088 ) (3072 0 1981.090088 ) (3072 0 -829.091003 ) 
4 49 60 (3072 1024 -416 ) (3072 1024 -829.091003 ) (3072 0 -829.091003 ) (3072 0 -416 ) 
4 49 59 (3072 1024 0 ) (3072 1024 -416 ) (3072 0 -416 ) (3072 0 0 ) 
4 49 55 (3072 64 0 ) (3072 0 0 ) (3072 0 1981.090088 ) (3072 64 1981.090088 ) 
4 49 50 (3072 1024 1981.090088 ) (3072 1024 0 ) (3072 64 0 ) (3072 64 1981.090088 ) 
4 50 59 (3040 1024 0 ) (3072 1024 0 ) (3072 64 0 ) (3040 64 0 ) 
4 50 55 (2784 64 0 ) (3072 64 0 ) (3072 64 1981.090088 ) (2784 64 1981.090088 ) 
4 50 52 (2784 64 704 ) (2784 64 1981.090088 ) (2784 576 1981.090088 ) (2784 576 704 ) 
4 50 53 (2784 576 0 ) (2784 64 0 ) (2784 64 224 ) (2784 576 224 ) 
4 50 51 (2784 1024 0 ) (2784 576 0 ) (2784 576 1981.090088 ) (2784 1024 1981.090088 ) 
4 51 52 (2464 576 1981.090088 ) (2464 576 704 ) (2784 576 704 ) (2784 576 1981.090088 ) 
4 51 53 (2464 576 224 ) (2464 576 0 ) (2784 576 0 ) (2784 576 224 ) 
4 51 54 (2464 1024 0 ) (2464 576 0 ) (2464 576 1981.090088 ) (2464 1024 1981.090088 ) 
4 52 56 (2592 64 1981.090088 ) (2464 64 1981.090088 ) (2464 64 992 ) (2592 64 992 ) 
4 52 55 (2784 64 704 ) (2784 64 1981.090088 ) (2592 64 1981.090088 ) (2592 64 704 ) 
4 52 54 (2464 64 704 ) (2464 64 1981.090088 ) (2464 576 1981.090088 ) (2464 576 704 ) 
4 53 57 (2464 64 0 ) (2592 64 0 ) (2592 64 224 ) (2464 64 224 ) 
4 53 55 (2592 64 0 ) (2784 64 0 ) (2784 64 224 ) (2592 64 224 ) 
4 53 54 (2464 576 0 ) (2464 64 0 ) (2464 64 224 ) (2464 576 224 ) 
4 54 62 (2048 1024 1981.090088 ) (2048 1024 0 ) (2048 64 0 ) (2048 64 1981.090088 ) 
4 54 56 (2464 64 992 ) (2464 64 1981.090088 ) (2336 64 1981.090088 ) (2336 64 992 ) 
4 54 57 (2336 64 0 ) (2464 64 0 ) (2464 64 512 ) (2336 64 512 ) 
4 54 58 (2048 64 1981.090088 ) (2048 64 0 ) (2336 64 0 ) (2336 64 1981.090088 ) 
4 55 68 (3072 0 0 ) (3072 0 992 ) (2592 0 992 ) (2592 0 0 ) 
4 55 67 (3072 0 992 ) (3072 0 1981.090088 ) (2592 0 1981.090088 ) (2592 0 992 ) 
4 55 59 (3072 0 0 ) (3040 0 0 ) (3040 64 0 ) (3072 64 0 ) 
4 55 56 (2592 0 1981.090088 ) (2592 64 1981.090088 ) (2592 64 992 ) (2592 0 992 ) 
4 55 57 (2592 64 512 ) (2592 64 0 ) (2592 0 0 ) (2592 0 512 ) 
4 56 67 (2592 0 1981.090088 ) (2336 0 1981.090088 ) (2336 0 992 ) (2592 0 992 ) 
4 56 58 (2336 0 1981.090088 ) (2336 64 1981.090088 ) (2336 64 992 ) (2336 0 992 ) 
4 57 69 (2336 0 512 ) (2336 0 0 ) (2592 0 0 ) (2592 0 512 ) 
4 57 58 (2336 64 512 ) (2336 64 0 ) (2336 0 0 ) (2336 0 512 ) 
4 58 71 (2048 0 992 ) (2048 0 0 ) (2336 0 0 ) (2336 0 992 ) 
4 58 67 (2336 0 1981.090088 ) (2048 0 1981.090088 ) (2048 0 992 ) (2336 0 992 ) 
4 58 62 (2048 0 0 ) (2048 0 1981.090088 ) (2048 64 1981.090088 ) (2048 64 0 ) 
4 59 72 (3072 0 -416 ) (3072 0 0 ) (3040 0 0 ) (3040 0 -416 ) 
4 59 60 (3040 1024 -416 ) (3072 1024 -416 ) (3072 0 -416 ) (3040 0 -416 ) 
4 60 74 (3072 0 -829.091003 ) (3072 0 -416 ) (2048 0 -416 ) (2048 0 -829.091003 ) 
4 60 63 (2048 0 -829.091003 ) (2048 0 -416 ) (2048 1024 -416 ) (2048 1024 -829.091003 ) 
4 61 199 (1024 0 -384 ) (1024 0 0 ) (1024 248.882477 0 ) (1024 248.883179 -384 ) 
4 61 198 (1024 0 0 ) (1024 0 1981.090088 ) (1024 248.878860 1981.090088 ) (1024 248.882477 0 ) 
4 61 82 (1024 0 0 ) (1024 0 -74.666664 ) (1343.991333 0 -74.666664 ) (1343.991211 0 0 ) 
4 61 81 (1024 0 -74.666664 ) (1024 0 -181.343475 ) (1343.991577 0 -181.343842 ) (1343.991333 0 -74.666664 ) 
4 61 80 (1024 0 -181.343475 ) (1024 0 -384 ) (1343.992065 0 -384 ) (1343.991577 0 -181.343842 ) 
4 61 75 (1343.986572 0 1981.090088 ) (1024 0 1981.090088 ) (1024 0 0 ) (1343.991211 0 0 ) 
4 61 62 (1024 248.882721 0 ) (1024 248.879395 1981.090088 ) (1343.987305 0 1981.090088 ) (1343.991455 0 0 ) 
4 62 198 (1024 248.878860 1981.090088 ) (1024 1024 1981.090088 ) (1024 1024 0 ) (1024 248.882477 0 ) 
4 62 75 (2048 0 0 ) (2048 0 1981.090088 ) (1343.986572 0 1981.090088 ) (1343.991211 0 0 ) 
4 63 202 (1024 0 -829.091003 ) (1024 0 -416 ) (1024 1024 -416 ) (1024 1024 -829.091003 ) 
4 63 87 (2048 0 -829.091003 ) (2048 0 -416 ) (1024 0 -416 ) (1024 0 -829.091003 ) 
4 64 74 (3072 0 -416 ) (3072 0 -829.091003 ) (3072 -1024 -829.091003 ) (3072 -1024 -416 ) 
4 64 72 (3072 0 0 ) (3072 0 -416 ) (3072 -1024 -416 ) (3072 -1024 0 ) 
4 64 68 (3072 0 992 ) (3072 0 0 ) (3072 -1024 0 ) (3072 -1024 992 ) 
4 64 67 (3072 0 1981.090088 ) (3072 0 992 ) (3072 -1024 992 ) (3072 -1024 1981.090088 ) 
4 64 66 (4096 -1024 -829.091003 ) (4096 -1024 1981.090088 ) (3072 -1024 1981.090088 ) (3072 -1024 -829.091003 ) 
4 66 88 (3072 -1675.560059 1981.090088 ) (3072 -1024 1981.090088 ) (3072 -1024 -829.091003 ) (3072 -1675.560059 -829.091003 ) 
4 67 88 (3072 -1024 992 ) (3072 -1024 1981.090088 ) (2048 -1024 1981.090088 ) (2048 -1024 992 ) 
4 67 75 (2048 0 1981.090088 ) (2048 0 992 ) (2048 -1024 992 ) (2048 -1024 1981.090088 ) 
4 67 70 (2592 -128 992 ) (2592 -1024 992 ) (2336 -1024 992 ) (2336 -128 992 ) 
4 67 68 (2592 0 992 ) (3072 0 992 ) (3072 -1024 992 ) (2592 -1024 992 ) 
4 67 71 (2048 -1024 992 ) (2048 0 992 ) (2336 0 992 ) (2336 -1024 992 ) 
4 68 88 (3072 -1024 0 ) (3072 -1024 992 ) (2592 -1024 992 ) (2592 -1024 0 ) 
4 68 73 (3040 -1024 0 ) (2592 -1024 0 ) (2592 -320 0 ) (3040 -320 0 ) 
4 68 72 (3072 -1024 0 ) (3040 -1024 0 ) (3040 0 0 ) (3072 0 0 ) 
4 68 69 (2592 0 0 ) (2592 -128 0 ) (2592 -128 512 ) (2592 0 512 ) 
4 68 70 (2592 -128 0 ) (2592 -1024 0 ) (2592 -1024 992 ) (2592 -128 992 ) 
4 69 70 (2336 -128 512 ) (2336 -128 0 ) (2592 -128 0 ) (2592 -128 512 ) 
4 69 71 (2336 0 0 ) (2336 -128 0 ) (2336 -128 512 ) (2336 0 512 ) 
4 70 88 (2592 -1024 992 ) (2336 -1024 992 ) (2336 -1024 0 ) (2592 -1024 0 ) 
4 70 73 (2592 -1024 0 ) (2336 -1024 0 ) (2336 -320 0 ) (2592 -320 0 ) 
4 70 71 (2336 -128 0 ) (2336 -1024 0 ) (2336 -1024 992 ) (2336 -128 992 ) 
4 71 88 (2336 -1024 992 ) (2048 -1024 992 ) (2048 -1024 0 ) (2336 -1024 0 ) 
4 71 75 (2048 0 992 ) (2048 0 0 ) (2048 -1024 0 ) (2048 -1024 992 ) 
4 71 73 (2336 -1024 0 ) (2048 -1024 0 ) (2048 -320 0 ) (2336 -320 0 ) 
4 72 88 (3072 -1024 -416 ) (3072 -1024 0 ) (3040 -1024 0 ) (3040 -1024 -416 ) 
4 72 74 (3040 0 -416 ) (3072 0 -416 ) (3072 -1024 -416 ) (3040 -1024 -416 ) 
4 72 73 (3040 -320 -416 ) (3040 -1024 -416 ) (3040 -1024 0 ) (3040 -320 0 ) 
4 73 88 (3040 -1024 0 ) (2048 -1024 0 ) (2048 -1024 -416 ) (3040 -1024 -416 ) 
4 73 77 (2048 -320 -416 ) (2048 -1024 -416 ) (2048 -1024 0 ) (2048 -320 0 ) 
4 73 74 (2048 -1024 -416 ) (2048 -320 -416 ) (3040 -320 -416 ) (3040 -1024 -416 ) 
4 74 88 (3072 -1024 -829.091003 ) (3072 -1024 -416 ) (2048 -1024 -416 ) (2048 -1024 -829.091003 ) 
4 74 87 (2048 0 -416 ) (2048 0 -829.091003 ) (2048 -1024 -829.091003 ) (2048 -1024 -416 ) 
3 75 241 (1024 -128.007584 0 ) (1024 -218.872910 0 ) (1024 -238.141220 45.889015 ) 
6 75 240 (1024 -1024 1917.473633 ) (1024 -1024 1981.090088 ) (1024 -922.785828 1981.090088 ) (1024 -90.875252 0 ) (1024 -128.007584 0 ) (1024 -238.141220 45.889015 ) 
5 75 239 (1024 -922.785828 1981.090088 ) (1024 0 1981.090088 ) (1024 0 88.420166 ) (1024 -37.126732 0 ) (1024 -90.875252 0 ) 
3 75 238 (1024 0 88.420166 ) (1024 0 0 ) (1024 -37.126732 0 ) 
3 75 235 (1024 -1024 0 ) (1024 -1024 1917.473633 ) (1024 -218.872910 0 ) 
4 75 90 (1632 -1024 1981.090088 ) (1024 -1024 1981.090088 ) (1024 -1024 0 ) (1632 -1024 0 ) 
4 75 89 (2048 -1024 0 ) (2048 -1024 1981.090088 ) (1632 -1024 1981.090088 ) (1632 -1024 0 ) 
4 75 85 (1024 -218.872925 0 ) (1024 -128.007584 0 ) (1376 -128.009369 0 ) (1376 -218.872910 0 ) 
4 75 84 (1024 -128.007584 0 ) (1024 -90.875252 0 ) (1376 -90.875244 0 ) (1376 -128.009369 0 ) 
4 75 83 (1024 -90.875252 0 ) (1024 -37.126740 0 ) (1376 -37.126656 0 ) (1376 -90.875244 0 ) 
5 75 82 (1024 -37.126740 0 ) (1024 0 0 ) (1343.991211 0 0 ) (1376 -24.895769 0 ) (1376 -37.126656 0 ) 
4 75 79 (1376 -1024 0 ) (1024 -1024 0 ) (1024 -218.872925 0 ) (1376 -218.872910 0 ) 
4 75 78 (1632 -1024 0 ) (1376 -1024 0 ) (1376 -24.895769 0 ) (1632 -224.007233 0 ) 
3 75 76 (1632 -320 0 ) (1632 -224.007263 0 ) (1755.418945 -320 0 ) 
4 75 77 (2048 -1024 0 ) (1632 -1024 0 ) (1632 -320 0 ) (2048 -320 0 ) 
3 76 87 (1755.420044 -320 -416 ) (1632 -320 -416 ) (1632 -224.006485 -416 ) 
4 76 78 (1632 -320 -384 ) (1632 -320 0 ) (1632 -224.007263 0 ) (1632 -224.006546 -384 ) 
4 76 77 (1632 -320 0 ) (1632 -320 -416 ) (1755.420044 -320 -416 ) (1755.418945 -320 0 ) 
4 77 89 (2048 -1024 -416 ) (2048 -1024 0 ) (1632 -1024 0 ) (1632 -1024 -416 ) 
4 77 87 (2048 -320 -416 ) (2048 -1024 -416 ) (1632 -1024 -416 ) (1632 -320 -416 ) 
4 77 78 (1632 -1024 -384 ) (1632 -1024 0 ) (1632 -320 0 ) (1632 -320 -384 ) 
4 78 90 (1632 -1024 0 ) (1376 -1024 0 ) (1376 -1024 -384 ) (1632 -1024 -384 ) 
3 78 86 (1376 -192 -64 ) (1376 -205.342926 -32.222778 ) (1376 -173 -18.747707 ) 
4 78 85 (1376 -205.342926 -32.222778 ) (1376 -218.872925 0 ) (1376 -128.009369 0 ) (1376 -128.004684 -0.001953 ) 
3 78 84 (1376 -128.009369 0 ) (1376 -90.875244 0 ) (1376 -83 -18.753899 ) 
3 78 83 (1376 -90.875244 0 ) (1376 -37.126648 0 ) (1376 -64 -64 ) 
4 78 82 (1376 -24.898438 0 ) (1376 -24.898285 -85.040955 ) (1376 -83 -109.249794 ) (1376 -37.126648 0 ) 
3 78 81 (1376 -24.898285 -85.040955 ) (1376 -24.898132 -170.967987 ) (1376 -128.002380 -128.001007 ) 
4 78 80 (1376 -24.898132 -170.967987 ) (1376 -24.897751 -384 ) (1376 -57.635342 -384 ) (1376 -173 -109.248779 ) 
4 78 79 (1376 -57.635342 -384 ) (1376 -1024 -384 ) (1376 -1024 0 ) (1376 -218.872925 0 ) 
4 79 235 (1024 -1024 -384 ) (1024 -1024 0 ) (1024 -218.872925 0 ) (1024 -57.635345 -384 ) 
4 79 90 (1376 -1024 0 ) (1024 -1024 0 ) (1024 -1024 -384 ) (1376 -1024 -384 ) 
4 79 86 (1376 -205.343109 -32.222858 ) (1376 -192 -64 ) (1024 -192 -64 ) (1024 -205.343109 -32.222862 ) 
4 79 85 (1376 -218.873047 0 ) (1376 -205.343109 -32.222858 ) (1024 -205.343109 -32.222862 ) (1024 -218.873047 0 ) 
4 79 80 (1376 -173.001083 -109.248550 ) (1376 -57.636719 -384 ) (1024 -57.636719 -384 ) (1024 -173.001282 -109.248077 ) 
4 80 236 (1024 0 -181.343475 ) (1024 0 -384 ) (1024 -57.635345 -384 ) (1024 -173 -109.248322 ) 
5 80 81 (1376 -128.004196 -128.001755 ) (1376 -24.895493 -170.970581 ) (1343.991577 0 -181.345322 ) (1024 0 -181.344986 ) (1024 -128.003754 -128.001556 ) 
3 81 237 (1024 0 -74.666664 ) (1024 0 -181.343475 ) (1024 -128.001938 -128 ) 
5 81 82 (1376 -82.998993 -109.248611 ) (1376 -24.895638 -85.038879 ) (1343.991333 0 -74.665695 ) (1024 0 -74.665703 ) (1024 -83 -109.248657 ) 
4 82 238 (1024 -37.126740 0 ) (1024 0 0 ) (1024 0 -74.666664 ) (1024 -83 -109.249832 ) 
4 82 83 (1376 -64 -64.001724 ) (1376 -37.125626 0 ) (1024 -37.125706 0 ) (1024 -64 -64.001633 ) 
3 83 239 (1024 -90.875252 0 ) (1024 -37.126740 0 ) (1024 -64 -64 ) 
4 83 84 (1376 -83 -18.753975 ) (1376 -90.875099 0 ) (1024 -90.875099 0 ) (1024 -83 -18.753077 ) 
3 84 240 (1024 -128.007584 0 ) (1024 -90.875252 0 ) (1024 -83 -18.753000 ) 
4 85 241 (1024 -218.872925 0 ) (1024 -128.007584 0 ) (1024 -128.003784 -0.001581 ) (1024 -205.342926 -32.222778 ) 
4 85 86 (1376 -205.342300 -32.224224 ) (1024 -205.342300 -32.224224 ) (1024 -173 -18.749737 ) (1376 -173 -18.749735 ) 
3 86 242 (1024 -192 -64 ) (1024 -205.342926 -32.222778 ) (1024 -173 -18.747707 ) 
4 87 243 (1024 -1024 -829.091003 ) (1024 -1024 -416 ) (1024 0 -416 ) (1024 0 -829.091003 ) 
4 87 91 (1632 -1024 -416 ) (1024 -1024 -416 ) (1024 -1024 -829.091003 ) (1632 -1024 -829.091003 ) 
4 87 89 (2048 -1024 -829.091003 ) (2048 -1024 -416 ) (1632 -1024 -416 ) (1632 -1024 -829.091003 ) 
4 88 89 (2048 -1024 1981.090088 ) (2048 -1024 -829.091003 ) (2048 -1675.560059 -829.091003 ) (2048 -1675.560059 1981.090088 ) 
4 89 90 (1632 -1056 -384 ) (1632 -1056 1981.090088 ) (1632 -1024 1981.090088 ) (1632 -1024 -384 ) 
4 89 91 (1632 -1024 -829.091003 ) (1632 -1056 -829.091003 ) (1632 -1056 -416 ) (1632 -1024 -416 ) 
4 89 92 (1632 -1056 -829.091003 ) (1632 -1675.560059 -829.091003 ) (1632 -1675.560059 1981.090088 ) (1632 -1056 1981.090088 ) 
4 90 244 (1024 -1056 1981.090088 ) (1024 -1024 1981.090088 ) (1024 -1024 -384 ) (1024 -1056 -384 ) 
4 90 92 (1632 -1056 -384 ) (1632 -1056 1981.090088 ) (1024 -1056 1981.090088 ) (1024 -1056 -384 ) 
4 91 245 (1024 -1024 -416 ) (1024 -1024 -829.091003 ) (1024 -1056 -829.091003 ) (1024 -1056 -416 ) 
4 91 92 (1024 -1056 -829.091003 ) (1632 -1056 -829.091003 ) (1632 -1056 -416 ) (1024 -1056 -416 ) 
4 92 246 (1024 -1675.560059 1981.090088 ) (1024 -1056 1981.090088 ) (1024 -1056 -829.091003 ) (1024 -1675.560059 -829.091003 ) 
4 93 115 (0 1995.560059 0 ) (0 1995.560059 -829.091003 ) (0 1728 -829.091003 ) (0 1728 0 ) 
4 93 100 (0 1728 1981.090088 ) (0 1995.560059 1981.090088 ) (0 1995.560059 0 ) (0 1728 0 ) 
4 93 99 (0 1728 -829.091003 ) (1024 1728 -829.091003 ) (1024 1728 -416 ) (0 1728 -416 ) 
4 93 95 (736 1728 1981.090088 ) (0 1728 1981.090088 ) (0 1728 -384 ) (736 1728 -384 ) 
4 93 94 (1024 1728 0 ) (1024 1728 1981.090088 ) (736 1728 1981.090088 ) (736 1728 0 ) 
4 94 198 (1024 1024 0 ) (1024 1024 1981.090088 ) (736 1024 1981.090088 ) (736 1024 0 ) 
4 94 96 (736 1632 0 ) (736 1440 0 ) (736 1440 1981.090088 ) (736 1632 1981.090088 ) 
4 94 95 (736 1728 1981.090088 ) (736 1728 0 ) (736 1632 0 ) (736 1632 1981.090088 ) 
4 94 98 (736 1440 0 ) (736 1024 0 ) (736 1024 1981.090088 ) (736 1440 1981.090088 ) 
4 95 118 (0 1728 -64 ) (0 1728 -384 ) (0 1632 -384 ) (0 1632 -64 ) 
4 95 116 (0 1728 0 ) (0 1728 -64 ) (0 1632 -64 ) (0 1632 0 ) 
4 95 100 (0 1632 1981.090088 ) (0 1728 1981.090088 ) (0 1728 0 ) (0 1632 0 ) 
4 95 96 (736 1632 0 ) (736 1632 1981.090088 ) (0 1632 1981.090088 ) (0 1632 0 ) 
4 95 97 (0 1632 -384 ) (736 1632 -384 ) (736 1632 -64 ) (0 1632 -64 ) 
4 96 100 (0 1440 1981.090088 ) (0 1632 1981.090088 ) (0 1632 0 ) (0 1440 0 ) 
4 96 98 (736 1440 0 ) (736 1440 1981.090088 ) (0 1440 1981.090088 ) (0 1440 0 ) 
4 97 118 (0 1632 -64 ) (0 1632 -384 ) (0 1440 -384 ) (0 1440 -64 ) 
4 97 98 (0 1440 -384 ) (736 1440 -384 ) (736 1440 -64 ) (0 1440 -64 ) 
4 98 201 (0 1024 0 ) (0 1024 -384 ) (736 1024 -384 ) (736 1024 0 ) 
4 98 198 (736 1024 1981.090088 ) (0 1024 1981.090088 ) (0 1024 0 ) (736 1024 0 ) 
4 98 118 (0 1024 -384 ) (0 1024 -64 ) (0 1440 -64 ) (0 1440 -384 ) 
4 98 117 (0 1024 -64 ) (0 1024 0 ) (0 1440 0 ) (0 1440 -64 ) 
4 98 100 (0 1024 0 ) (0 1024 1981.090088 ) (0 1440 1981.090088 ) (0 1440 0 ) 
4 99 202 (1024 1024 -829.091003 ) (1024 1024 -416 ) (0 1024 -416 ) (0 1024 -829.091003 ) 
4 99 119 (0 1024 -829.091003 ) (0 1024 -416 ) (0 1728 -416 ) (0 1728 -829.091003 ) 
4 100 203 (0 1024 0 ) (0 1024 1981.090088 ) (-352 1024 1981.090088 ) (-352 1024 0 ) 
4 100 120 (-352 1728 0 ) (-352 1995.560059 0 ) (-32 1995.560059 0 ) (-32 1728 0 ) 
4 100 116 (0 1728 0 ) (0 1632 0 ) (-32 1632 0 ) (-32 1728 0 ) 
4 100 117 (0 1440 0 ) (0 1024 0 ) (-32 1024 0 ) (-32 1440 0 ) 
4 100 115 (0 1995.560059 0 ) (0 1728 0 ) (-32 1728 0 ) (-32 1995.560059 0 ) 
4 100 113 (-352 1608.672485 317.109680 ) (-352 1573.053833 456.783081 ) (-352 1586.643921 474.082336 ) (-352 1662.514526 248.583420 ) 
3 100 112 (-352 1746.152100 0 ) (-352 1712 0 ) (-352 1701 134.197418 ) 
4 100 111 (-352 1995.560059 0 ) (-352 1746.152100 0 ) (-352 1586.643921 474.082336 ) (-352 1995.560059 994.607117 ) 
4 100 110 (-352 1469.995483 325.596191 ) (-352 1573.053833 456.783081 ) (-352 1574.124512 452.584442 ) (-352 1505.858643 339.942566 ) 
3 100 109 (-352 1607.018188 323.596344 ) (-352 1608.672363 317.109894 ) (-352 1601.997681 325.604828 ) 
4 100 108 (-352 1536.004761 389.685120 ) (-352 1574.124512 452.584442 ) (-352 1607.018188 323.596344 ) (-352 1566.148926 339.946564 ) 
4 100 107 (-352 1510.680054 347.898132 ) (-352 1517.625732 359.358765 ) (-352 1536.009888 352.003967 ) (-352 1517.138184 344.454742 ) 
3 100 106 (-352 1517.625732 359.358765 ) (-352 1536.004761 389.685120 ) (-352 1566.148926 339.946564 ) 
3 100 105 (-352 1505.858643 339.942566 ) (-352 1510.680054 347.898132 ) (-352 1517.138184 344.454742 ) 
9 100 104 (-352 1668 0 ) (-352 1404 0 ) (-352 1415 127.595848 ) (-352 1442.520264 235.431351 ) (-352 1486.495239 307.992126 ) (-352 1535.998047 334.398956 ) (-352 1585.510376 308 ) (-352 1629.509521 235.400146 ) (-352 1657 127.599152 ) 
3 100 103 (-352 1360 0 ) (-352 1325.821777 0 ) (-352 1371 134.203186 ) 
4 100 102 (-352 1409.512207 248.604767 ) (-352 1992.737305 1981.090088 ) (-352 1995.560059 1981.090088 ) (-352 1995.560059 994.607117 ) 
4 100 101 (-352 1325.821777 0 ) (-352 1024 0 ) (-352 1024 1981.090088 ) (-352 1992.737305 1981.090088 ) 
4 101 203 (-992 1024 1981.090088 ) (-992 1024 0 ) (-352 1024 0 ) (-352 1024 1981.090088 ) 
4 101 114 (-992 1325.821777 0 ) (-992 1024 0 ) (-992 1024 1981.090088 ) (-992 1992.737305 1981.090088 ) 
4 101 103 (-992 1325.822266 0 ) (-992 1371 134.201141 ) (-352 1371 134.199478 ) (-352 1325.822754 0 ) 
4 101 102 (-992 1409.513184 248.605957 ) (-992 1992.738281 1981.090088 ) (-352 1992.738281 1981.090088 ) (-352 1409.513916 248.606934 ) 
4 102 114 (-992 1409.512207 248.604767 ) (-992 1992.737305 1981.090088 ) (-992 1995.560059 1981.090088 ) (-992 1995.560059 994.607117 ) 
4 102 113 (-992 1573.055176 456.779877 ) (-992 1586.645264 474.079224 ) (-352 1586.645020 474.078857 ) (-352 1573.054810 456.779358 ) 
4 102 111 (-992 1586.645264 474.079224 ) (-992 1995.560059 994.601135 ) (-352 1995.560059 994.601135 ) (-352 1586.645020 474.078857 ) 
4 102 110 (-992 1470 325.598328 ) (-992 1573.055176 456.779877 ) (-352 1573.054810 456.779358 ) (-352 1470 325.598358 ) 
3 103 114 (-992 1360 0 ) (-992 1325.821777 0 ) (-992 1371 134.203186 ) 
9 104 114 (-992 1668 0 ) (-992 1404 0 ) (-992 1415 127.606400 ) (-992 1442.517212 235.426300 ) (-992 1486.495239 307.992096 ) (-992 1535.998047 334.398926 ) (-992 1585.509277 308 ) (-992 1629.510986 235.396515 ) (-992 1657 127.602722 ) 
3 105 114 (-992 1505.858643 339.942535 ) (-992 1510.680054 347.898102 ) (-992 1517.138184 344.454712 ) 
4 105 110 (-352 1505.861450 339.943695 ) (-352 1510.681763 347.897308 ) (-992 1510.681763 347.897308 ) (-992 1505.861450 339.943695 ) 
4 105 107 (-992 1517.138306 344.454773 ) (-992 1510.679688 347.898438 ) (-352 1510.679688 347.898438 ) (-352 1517.138306 344.454773 ) 
3 106 114 (-992 1517.623779 359.355591 ) (-992 1536.004395 389.684418 ) (-992 1566.151123 339.941772 ) 
4 106 110 (-352 1517.627563 359.358093 ) (-352 1536.005859 389.683105 ) (-992 1536.005615 389.682526 ) (-992 1517.625610 359.354919 ) 
4 106 108 (-992 1566.154663 339.940308 ) (-992 1536.006470 389.686188 ) (-352 1536.006836 389.686676 ) (-352 1566.152344 339.945190 ) 
4 106 107 (-352 1517.625610 359.358429 ) (-992 1517.623657 359.355194 ) (-992 1536.004395 352.001801 ) (-352 1536.009521 352.003784 ) 
4 107 114 (-992 1510.680054 347.898102 ) (-992 1517.623779 359.355591 ) (-992 1536.005005 352.002014 ) (-992 1517.138184 344.454712 ) 
4 107 110 (-352 1510.681763 347.897308 ) (-352 1517.627563 359.358093 ) (-992 1517.625610 359.354919 ) (-992 1510.681763 347.897308 ) 
4 108 114 (-992 1536.004395 389.684418 ) (-992 1574.124878 452.584930 ) (-992 1607.019897 323.591797 ) (-992 1566.151123 339.941772 ) 
4 108 113 (-992 1607.019165 323.592041 ) (-992 1574.124390 452.584167 ) (-352 1574.124023 452.583649 ) (-352 1607.017578 323.596680 ) 
4 108 110 (-352 1536.005859 389.683105 ) (-352 1574.125732 452.582245 ) (-992 1574.126099 452.582855 ) (-992 1536.005615 389.682526 ) 
4 108 109 (-992 1602.002930 325.598267 ) (-992 1607.020264 323.591003 ) (-352 1607.018555 323.595673 ) (-352 1601.998291 325.604095 ) 
3 109 114 (-992 1607.019897 323.591797 ) (-992 1608.673096 317.108887 ) (-992 1602.002197 325.599182 ) 
4 109 113 (-992 1608.672119 317.110229 ) (-992 1607.019165 323.592041 ) (-352 1607.017578 323.596680 ) (-352 1608.671509 317.110840 ) 
4 110 114 (-992 1469.995483 325.596191 ) (-992 1573.054199 456.783569 ) (-992 1574.124878 452.584930 ) (-992 1505.858643 339.942566 ) 
4 110 113 (-992 1574.124390 452.584167 ) (-992 1573.053223 456.784637 ) (-352 1573.052856 456.784119 ) (-352 1574.124023 452.583649 ) 
4 111 120 (-352 1995.560059 0 ) (-352 1746.152100 0 ) (-992 1746.152588 0 ) (-992 1995.560059 0 ) 
4 111 114 (-992 1995.560059 0 ) (-992 1746.152588 0 ) (-992 1586.644043 474.082611 ) (-992 1995.560059 994.607117 ) 
4 111 113 (-352 1662.514648 248.583313 ) (-352 1586.644287 474.081604 ) (-992 1586.644531 474.081909 ) (-992 1662.515259 248.582504 ) 
4 111 112 (-352 1746.152100 0 ) (-352 1701 134.197617 ) (-992 1701 134.199036 ) (-992 1746.152466 0 ) 
4 112 120 (-352 1746.152100 0 ) (-352 1728 0 ) (-992 1728 0 ) (-992 1746.152588 0 ) 
3 112 114 (-992 1746.152588 0 ) (-992 1712 0 ) (-992 1701 134.199158 ) 
4 113 114 (-992 1608.673218 317.108643 ) (-992 1573.054199 456.783569 ) (-992 1586.644043 474.082611 ) (-992 1662.515259 248.582474 ) 
4 114 203 (-1024 1024 1981.090088 ) (-1024 1024 0 ) (-992 1024 0 ) (-992 1024 1981.090088 ) 
4 114 172 (-1024 1024 0 ) (-1024 1024 192 ) (-1024 1344 192 ) (-1024 1344 0 ) 
4 114 171 (-1024 1024 192 ) (-1024 1024 224 ) (-1024 1344 224 ) (-1024 1344 192 ) 
4 114 169 (-1024 1024 224 ) (-1024 1024 256 ) (-1024 1344 256 ) (-1024 1344 224 ) 
4 114 166 (-1024 1024 256 ) (-1024 1024 320 ) (-1024 1248 320 ) (-1024 1248 256 ) 
4 114 165 (-1024 1248 320 ) (-1024 1344 320 ) (-1024 1344 256 ) (-1024 1248 256 ) 
4 114 164 (-1024 1024 320 ) (-1024 1024 416 ) (-1024 1344 416 ) (-1024 1344 320 ) 
4 114 161 (-1024 1024 416 ) (-1024 1024 448 ) (-1024 1344 448 ) (-1024 1344 416 ) 
4 114 160 (-1024 1024 448 ) (-1024 1024 1981.090088 ) (-1024 1344 1981.090088 ) (-1024 1344 448 ) 
4 114 123 (-1024 1344 1981.090088 ) (-1024 1728 1981.090088 ) (-1024 1728 0 ) (-1024 1344 0 ) 
4 114 122 (-1024 1728 1981.090088 ) (-1024 1995.560059 1981.090088 ) (-1024 1995.560059 0 ) (-1024 1728 0 ) 
4 114 120 (-992 1995.560059 0 ) (-992 1728 0 ) (-1024 1728 0 ) (-1024 1995.560059 0 ) 
4 115 120 (-32 1995.560059 -829.091003 ) (-32 1728 -829.091003 ) (-32 1728 0 ) (-32 1995.560059 0 ) 
4 115 118 (-32 1728 -64 ) (-32 1728 -384 ) (0 1728 -384 ) (0 1728 -64 ) 
4 115 119 (-32 1728 -416 ) (-32 1728 -829.091003 ) (0 1728 -829.091003 ) (0 1728 -416 ) 
4 115 116 (-32 1728 0 ) (-32 1728 -64 ) (0 1728 -64 ) (0 1728 0 ) 
4 116 118 (-32 1632 -64 ) (-32 1728 -64 ) (0 1728 -64 ) (0 1632 -64 ) 
4 117 204 (0 1024 -64 ) (0 1024 0 ) (-32 1024 0 ) (-32 1024 -64 ) 
4 117 118 (-32 1024 -64 ) (-32 1440 -64 ) (0 1440 -64 ) (0 1024 -64 ) 
4 118 204 (0 1024 -384 ) (0 1024 -64 ) (-32 1024 -64 ) (-32 1024 -384 ) 
4 119 206 (0 1024 -829.091003 ) (0 1024 -416 ) (-32 1024 -416 ) (-32 1024 -829.091003 ) 
4 119 121 (-32 1728 -829.091003 ) (-32 1024 -829.091003 ) (-32 1024 -416 ) (-32 1728 -416 ) 
4 120 158 (-1024 1728 0 ) (-1024 1995.560059 0 ) (-1024 1995.560059 -829.091003 ) (-1024 1728 -829.091003 ) 
4 120 121 (-1024 1728 -829.091003 ) (-32 1728 -829.091003 ) (-32 1728 -416 ) (-1024 1728 -416 ) 
4 121 206 (-1024 1024 -416 ) (-1024 1024 -829.091003 ) (-32 1024 -829.091003 ) (-32 1024 -416 ) 
4 121 173 (-1024 1024 -829.091003 ) (-1024 1024 -416 ) (-1024 1344 -416 ) (-1024 1344 -829.091003 ) 
4 121 159 (-1024 1344 -416 ) (-1024 1728 -416 ) (-1024 1728 -829.091003 ) (-1024 1344 -829.091003 ) 
4 122 177 (-2048 1995.560059 0 ) (-2048 1728 0 ) (-2048 1728 672 ) (-2048 1995.560059 672 ) 
4 122 174 (-2048 1728 672 ) (-2048 1728 1981.090088 ) (-2048 1995.560059 1981.090088 ) (-2048 1995.560059 672 ) 
4 122 158 (-2048 1728 0 ) (-2048 1995.560059 0 ) (-1024 1995.560059 0 ) (-1024 1728 0 ) 
4 122 146 (-1728 1728 72.875000 ) (-1728 1728 165.238190 ) (-1760 1728 165.238251 ) (-1760 1728 72.874084 ) 
4 122 145 (-1728 1728 165.238190 ) (-1728 1728 416 ) (-1760 1728 416 ) (-1760 1728 165.238251 ) 
4 122 144 (-1760 1728 0 ) (-1728 1728 0 ) (-1728 1728 72.875000 ) (-1760 1728 72.874084 ) 
4 122 130 (-1728 1728 416 ) (-1728 1728 496 ) (-1760 1728 496 ) (-1760 1728 416 ) 
4 122 127 (-1728 1728 496 ) (-1728 1728 544 ) (-1760 1728 544 ) (-1760 1728 496 ) 
4 122 126 (-1728 1728 544 ) (-1728 1728 672 ) (-1760 1728 672 ) (-1760 1728 544 ) 
4 122 125 (-1728 1728 672 ) (-1728 1728 704 ) (-1760 1728 704 ) (-1760 1728 672 ) 
4 122 124 (-1728 1728 704 ) (-1728 1728 1981.090088 ) (-2048 1728 1981.090088 ) (-2048 1728 704 ) 
4 122 123 (-1728 1728 0 ) (-1024 1728 0 ) (-1024 1728 1981.090088 ) (-1728 1728 1981.090088 ) 
4 123 172 (-1024 1344 0 ) (-1024 1344 192 ) (-1728 1344 192 ) (-1728 1344 0 ) 
4 123 171 (-1024 1344 192 ) (-1024 1344 224 ) (-1728 1344 224 ) (-1728 1344 192 ) 
4 123 169 (-1024 1344 224 ) (-1024 1344 256 ) (-1728 1344 256 ) (-1728 1344 224 ) 
4 123 165 (-1024 1344 256 ) (-1024 1344 320 ) (-1728 1344 320 ) (-1728 1344 256 ) 
4 123 164 (-1024 1344 320 ) (-1024 1344 416 ) (-1728 1344 416 ) (-1728 1344 320 ) 
4 123 161 (-1024 1344 416 ) (-1024 1344 448 ) (-1728 1344 448 ) (-1728 1344 416 ) 
4 123 160 (-1024 1344 448 ) (-1024 1344 1981.090088 ) (-1728 1344 1981.090088 ) (-1728 1344 448 ) 
4 123 152 (-1728 1409.499878 248.597717 ) (-1728 1465.839600 416 ) (-1728 1488.576782 416 ) (-1728 1463.356323 317.142334 ) 
4 123 151 (-1728 1360 0 ) (-1728 1344 0 ) (-1728 1344 53.978020 ) (-1728 1371 134.203217 ) 
3 123 150 (-1728 1344 53.978020 ) (-1728 1344 416 ) (-1728 1465.839600 416 ) 
3 123 147 (-1728 1713.693359 96.480988 ) (-1728 1702.590210 114.801193 ) (-1728 1701 134.198029 ) 
4 123 146 (-1728 1728 165.238205 ) (-1728 1728 72.875000 ) (-1728 1713.693359 96.480988 ) (-1728 1662.499512 248.602478 ) 
4 123 145 (-1728 1728 416 ) (-1728 1728 165.238205 ) (-1728 1608.646362 317.142944 ) (-1728 1583.427246 416 ) 
4 123 144 (-1728 1728 72.875000 ) (-1728 1728 0 ) (-1728 1712 0 ) (-1728 1702.590332 114.801003 ) 
3 123 139 (-1728 1463.356445 317.142548 ) (-1728 1465.004883 323.604095 ) (-1728 1470.004517 325.603821 ) 
4 123 138 (-1728 1465.004883 323.604095 ) (-1728 1478.152344 375.139069 ) (-1728 1517.621338 359.351501 ) (-1728 1505.860107 339.944977 ) 
9 123 136 (-1728 1668 0 ) (-1728 1404 0 ) (-1728 1415 127.595467 ) (-1728 1442.503174 235.403229 ) (-1728 1486.500000 308 ) (-1728 1536.001831 334.399017 ) (-1728 1585.500122 308 ) (-1728 1629.499268 235.401276 ) (-1728 1657 127.599304 ) 
3 123 135 (-1728 1505.860107 339.944977 ) (-1728 1517.621338 359.351501 ) (-1728 1536 352 ) 
4 123 134 (-1728 1478.152344 375.139069 ) (-1728 1488.576782 416 ) (-1728 1530.972900 416 ) (-1728 1602.002075 325.599213 ) 
3 123 132 (-1728 1530.972900 416 ) (-1728 1583.427246 416 ) (-1728 1608.646362 317.142853 ) 
4 123 130 (-1728 1728 496 ) (-1728 1728 416 ) (-1728 1344 416 ) (-1728 1344 496 ) 
4 123 127 (-1728 1728 544 ) (-1728 1728 496 ) (-1728 1344 496 ) (-1728 1344 544 ) 
4 123 126 (-1728 1728 672 ) (-1728 1728 544 ) (-1728 1344 544 ) (-1728 1344 672 ) 
4 123 125 (-1728 1728 704 ) (-1728 1728 672 ) (-1728 1344 672 ) (-1728 1344 704 ) 
4 123 124 (-1728 1728 1981.090088 ) (-1728 1728 704 ) (-1728 1344 704 ) (-1728 1344 1981.090088 ) 
4 124 175 (-2048 1344 704 ) (-2048 1344 1981.090088 ) (-2048 1728 1981.090088 ) (-2048 1728 704 ) 
4 124 162 (-2048 1344 1981.090088 ) (-2048 1344 704 ) (-1984 1344 704 ) (-1984 1344 1981.090088 ) 
4 124 160 (-1984 1344 704 ) (-1728 1344 704 ) (-1728 1344 1981.090088 ) (-1984 1344 1981.090088 ) 
4 124 125 (-1760 1728 704 ) (-1728 1728 704 ) (-1728 1344 704 ) (-1760 1344 704 ) 
4 125 160 (-1760 1344 672 ) (-1728 1344 672 ) (-1728 1344 704 ) (-1760 1344 704 ) 
4 125 126 (-1760 1728 672 ) (-1728 1728 672 ) (-1728 1344 672 ) (-1760 1344 672 ) 
4 126 160 (-1728 1344 544 ) (-1728 1344 672 ) (-1760 1344 672 ) (-1760 1344 544 ) 
4 126 127 (-1760 1728 544 ) (-1728 1728 544 ) (-1728 1344 544 ) (-1760 1344 544 ) 
4 127 160 (-1728 1344 496 ) (-1728 1344 544 ) (-1760 1344 544 ) (-1760 1344 496 ) 
4 127 130 (-1760 1728 496 ) (-1728 1728 496 ) (-1728 1344 496 ) (-1760 1344 496 ) 
4 127 128 (-1760 1664 496 ) (-1760 1408 496 ) (-1760 1408 544 ) (-1760 1664 544 ) 
4 128 129 (-1792 1664 496 ) (-1792 1408 496 ) (-1792 1408 544 ) (-1792 1664 544 ) 
4 129 155 (-1808 1376 672 ) (-1808 1696 672 ) (-1808 1696 496 ) (-1808 1376 496 ) 
4 129 131 (-1808 1376 496 ) (-1808 1696 496 ) (-1792 1696 496 ) (-1792 1376 496 ) 
4 130 161 (-1728 1344 416 ) (-1728 1344 448 ) (-1760 1344 448 ) (-1760 1344 416 ) 
4 130 160 (-1728 1344 448 ) (-1728 1344 496 ) (-1760 1344 496 ) (-1760 1344 448 ) 
4 130 152 (-1728 1488.576782 416 ) (-1728 1465.839600 416 ) (-1760 1465.840210 416 ) (-1760 1488.576050 416 ) 
4 130 150 (-1728 1465.839600 416 ) (-1728 1344 416 ) (-1760 1344 416 ) (-1760 1465.840210 416 ) 
4 130 145 (-1760 1728 416 ) (-1728 1728 416 ) (-1728 1583.427246 416 ) (-1760 1583.427490 416 ) 
4 130 134 (-1728 1530.972900 416 ) (-1728 1488.576782 416 ) (-1760 1488.576050 416 ) (-1760 1530.972900 416 ) 
4 130 132 (-1728 1583.427246 416 ) (-1728 1530.972900 416 ) (-1760 1530.972900 416 ) (-1760 1583.427490 416 ) 
4 131 155 (-1808 1376 448 ) (-1808 1376 496 ) (-1808 1696 496 ) (-1808 1696 448 ) 
4 132 145 (-1760 1583.427734 416 ) (-1728 1583.427490 416 ) (-1728 1608.646729 317.142487 ) (-1760 1608.646973 317.142090 ) 
4 132 134 (-1728 1602.007568 325.597046 ) (-1728 1530.976563 416 ) (-1760 1530.976563 416 ) (-1760 1602.007568 325.597015 ) 
3 133 156 (-1808 1530.972900 416 ) (-1808 1583.427856 416 ) (-1808 1608.647217 317.141846 ) 
4 133 148 (-1808 1608.647461 317.141541 ) (-1808 1583.427979 416 ) (-1792 1583.427856 416 ) (-1792 1608.647339 317.141724 ) 
4 133 141 (-1792 1602.007690 325.596954 ) (-1792 1536.002197 409.603790 ) (-1808 1536.001831 409.604187 ) (-1808 1602.007568 325.596954 ) 
4 133 140 (-1792 1536.002197 409.603790 ) (-1792 1530.976563 416 ) (-1808 1530.976563 416 ) (-1808 1536.001831 409.604187 ) 
4 134 152 (-1728 1478.152832 375.138916 ) (-1728 1488.577148 416 ) (-1760 1488.576416 416 ) (-1760 1478.152100 375.139160 ) 
4 134 138 (-1728 1478.152588 375.139954 ) (-1760 1478.151855 375.140198 ) (-1760 1517.621826 359.352386 ) (-1728 1517.621948 359.352417 ) 
4 134 135 (-1760 1517.621826 359.352386 ) (-1760 1536.001465 352 ) (-1728 1536.001587 352 ) (-1728 1517.621948 359.352417 ) 
4 135 138 (-1728 1517.621094 359.351563 ) (-1760 1517.621094 359.351563 ) (-1760 1505.859741 339.944885 ) (-1728 1505.859741 339.944885 ) 
9 136 137 (-1760 1404 0 ) (-1760 1415 127.601563 ) (-1760 1442.502563 235.403732 ) (-1760 1486.499268 308 ) (-1760 1536.001953 334.399017 ) (-1760 1585.499268 308 ) (-1760 1629.500122 235.399063 ) (-1760 1657 127.600693 ) (-1760 1668 0 ) 
9 137 143 (-1792 1629.501709 235.395569 ) (-1792 1657.005127 127.582306 ) (-1792 1668.003418 0 ) (-1792 1404.001465 0 ) (-1792 1415.002441 127.609375 ) (-1792 1442.501709 235.400772 ) (-1792 1486.500000 308 ) (-1792 1536.001831 334.398987 ) (-1792 1585.498535 308 ) 
4 138 152 (-1728 1465.005615 323.604401 ) (-1728 1478.152832 375.138916 ) (-1760 1478.152100 375.139160 ) (-1760 1465.004639 323.604065 ) 
4 138 139 (-1728 1465.004883 323.604126 ) (-1760 1465.004028 323.603821 ) (-1760 1470.002930 325.603333 ) (-1728 1470.004639 325.603943 ) 
4 139 152 (-1728 1463.357422 317.143646 ) (-1728 1465.005615 323.604401 ) (-1760 1465.004639 323.604065 ) (-1760 1463.356689 317.144440 ) 
4 140 156 (-1808 1463.355103 317.144836 ) (-1808 1488.574951 416 ) (-1808 1530.972900 416 ) (-1808 1536 409.601898 ) 
4 140 153 (-1792 1488.575684 416 ) (-1808 1488.575317 416 ) (-1808 1463.355713 317.145508 ) (-1792 1463.356079 317.145142 ) 
4 140 142 (-1792 1501.564941 365.774017 ) (-1792 1470.001709 325.602661 ) (-1808 1470 325.602295 ) (-1808 1501.564453 365.774261 ) 
4 140 141 (-1792 1536.003906 409.605469 ) (-1792 1501.564941 365.774017 ) (-1808 1501.564453 365.774261 ) (-1808 1536.003540 409.605865 ) 
3 141 156 (-1808 1501.564087 365.774384 ) (-1808 1536 409.601898 ) (-1808 1602.002197 325.599152 ) 
4 141 142 (-1792 1501.567627 365.773376 ) (-1808 1501.567139 365.773560 ) (-1808 1536 352 ) (-1792 1536 352 ) 
3 142 156 (-1808 1470 325.602051 ) (-1808 1501.564087 365.774384 ) (-1808 1536 352 ) 
9 143 156 (-1808 1668 0 ) (-1808 1404 0 ) (-1808 1415 127.606354 ) (-1808 1442.500000 235.398010 ) (-1808 1486.500000 308 ) (-1808 1536.001831 334.399017 ) (-1808 1585.498169 308.001007 ) (-1808 1629.501221 235.395874 ) (-1808 1657 127.602417 ) 
4 144 147 (-1760 1713.693970 96.479797 ) (-1760 1702.590332 114.800529 ) (-1728 1702.590332 114.800217 ) (-1728 1713.694092 96.479065 ) 
4 144 146 (-1760 1728 72.875000 ) (-1760 1713.693970 96.479797 ) (-1728 1713.694092 96.479065 ) (-1728 1728 72.874222 ) 
4 145 146 (-1728 1728 165.238281 ) (-1728 1662.498901 248.604462 ) (-1760 1662.498535 248.605652 ) (-1760 1728 165.240234 ) 
4 146 147 (-1760 1713.697388 96.473274 ) (-1728 1713.696533 96.475571 ) (-1728 1701 134.203110 ) (-1760 1701 134.202866 ) 
4 148 156 (-1808 1608.647217 317.141815 ) (-1808 1583.427856 416 ) (-1808 1696 416 ) (-1808 1696 205.965591 ) 
4 148 149 (-1808 1696 205.966705 ) (-1792 1696 205.966705 ) (-1792 1662.499146 248.604248 ) (-1808 1662.499390 248.604004 ) 
3 149 156 (-1808 1662.500122 248.601761 ) (-1808 1696 205.965591 ) (-1808 1696 149.057709 ) 
4 150 172 (-1728 1344 53.978020 ) (-1728 1344 192 ) (-1760 1344 192 ) (-1760 1344 53.976501 ) 
4 150 171 (-1728 1344 192 ) (-1728 1344 224 ) (-1760 1344 224 ) (-1760 1344 192 ) 
4 150 169 (-1728 1344 224 ) (-1728 1344 256 ) (-1760 1344 256 ) (-1760 1344 224 ) 
4 150 165 (-1728 1344 256 ) (-1728 1344 320 ) (-1760 1344 320 ) (-1760 1344 256 ) 
4 150 164 (-1728 1344 320 ) (-1728 1344 416 ) (-1760 1344 416 ) (-1760 1344 320 ) 
4 150 152 (-1760 1409.501343 248.601166 ) (-1760 1465.839844 416 ) (-1728 1465.839355 416 ) (-1728 1409.499390 248.597137 ) 
4 150 151 (-1760 1344 53.976761 ) (-1760 1371 134.201660 ) (-1728 1371 134.204041 ) (-1728 1344 53.978821 ) 
4 151 172 (-1760 1344 0 ) (-1728 1344 0 ) (-1728 1344 53.978020 ) (-1760 1344 53.976501 ) 
4 153 156 (-1808 1376 205.965607 ) (-1808 1376 416 ) (-1808 1488.574951 416 ) (-1808 1463.355225 317.144897 ) 
4 153 154 (-1792 1409.504395 248.607819 ) (-1792 1376 205.966507 ) (-1808 1376 205.967300 ) (-1808 1409.505249 248.609772 ) 
3 154 156 (-1808 1376 149.055389 ) (-1808 1376 205.965607 ) (-1808 1409.504761 248.607956 ) 
4 155 157 (-1984 1696 672 ) (-1984 1696 448 ) (-1984 1376 448 ) (-1984 1376 672 ) 
4 156 157 (-1984 1696 416 ) (-1984 1696 0 ) (-1984 1376 0 ) (-1984 1376 416 ) 
4 157 178 (-2048 1376 672 ) (-2048 1696 672 ) (-2048 1696 0 ) (-2048 1376 0 ) 
4 158 182 (-2048 1728 0 ) (-2048 1995.560059 0 ) (-2048 1995.560059 -829.091003 ) (-2048 1728 -829.091003 ) 
4 158 159 (-2048 1728 -829.091003 ) (-1024 1728 -829.091003 ) (-1024 1728 -416 ) (-2048 1728 -416 ) 
4 159 183 (-2048 1344 -829.091003 ) (-2048 1344 -416 ) (-2048 1728 -416 ) (-2048 1728 -829.091003 ) 
4 159 173 (-1024 1344 -829.091003 ) (-1024 1344 -416 ) (-2048 1344 -416 ) (-2048 1344 -829.091003 ) 
4 160 208 (-1760 1024 1981.090088 ) (-1984 1024 1981.090088 ) (-1984 1024 448 ) (-1760 1024 448 ) 
4 160 207 (-1024 1024 448 ) (-1024 1024 1981.090088 ) (-1760 1024 1981.090088 ) (-1760 1024 448 ) 
4 160 163 (-1984 1344 544 ) (-1984 1344 448 ) (-1984 1120 448 ) (-1984 1120 544 ) 
4 160 162 (-1984 1344 1981.090088 ) (-1984 1344 544 ) (-1984 1024 544 ) (-1984 1024 1981.090088 ) 
4 160 161 (-1024 1024 448 ) (-1760 1024 448 ) (-1760 1344 448 ) (-1024 1344 448 ) 
4 161 207 (-1024 1024 416 ) (-1024 1024 448 ) (-1760 1024 448 ) (-1760 1024 416 ) 
4 161 164 (-1024 1024 416 ) (-1760 1024 416 ) (-1760 1344 416 ) (-1024 1344 416 ) 
4 162 210 (-2048 1024 1981.090088 ) (-2048 1024 544 ) (-1984 1024 544 ) (-1984 1024 1981.090088 ) 
4 162 184 (-2048 1024 544 ) (-2048 1024 1981.090088 ) (-2048 1344 1981.090088 ) (-2048 1344 544 ) 
4 162 163 (-2048 1120 544 ) (-2048 1344 544 ) (-1984 1344 544 ) (-1984 1120 544 ) 
4 163 185 (-2048 1120 544 ) (-2048 1344 544 ) (-2048 1344 416 ) (-2048 1120 416 ) 
4 163 170 (-2048 1120 416 ) (-2048 1312 416 ) (-1984 1312 416 ) (-1984 1120 416 ) 
4 164 212 (-1024 1024 320 ) (-1024 1024 416 ) (-1760 1024 416 ) (-1760 1024 320 ) 
4 164 166 (-1024 1248 320 ) (-1024 1024 320 ) (-1760 1024 320 ) (-1760 1248 320 ) 
4 164 165 (-1760 1344 320 ) (-1024 1344 320 ) (-1024 1248 320 ) (-1760 1248 320 ) 
4 165 169 (-1760 1344 256 ) (-1024 1344 256 ) (-1024 1248 256 ) (-1760 1248 256 ) 
4 165 166 (-1760 1248 256 ) (-1024 1248 256 ) (-1024 1248 320 ) (-1760 1248 320 ) 
4 166 214 (-1024 1024 256 ) (-1024 1024 320 ) (-1768 1024 320 ) (-1768 1024 256 ) 
4 166 169 (-1024 1024 256 ) (-1760 1024 256 ) (-1760 1248 256 ) (-1024 1248 256 ) 
4 166 167 (-1768 1248 320 ) (-1768 1248 256 ) (-1768 1024 256 ) (-1768 1024 320 ) 
4 167 215 (-1768 1024 320 ) (-1776 1024 320 ) (-1776 1024 256 ) (-1768 1024 256 ) 
4 167 168 (-1776 1248 320 ) (-1776 1248 256 ) (-1776 1024 256 ) (-1776 1024 320 ) 
4 168 216 (-1776 1024 320 ) (-1792 1024 320 ) (-1792 1024 256 ) (-1776 1024 256 ) 
4 168 170 (-1792 1024 256 ) (-1792 1024 320 ) (-1792 1248 320 ) (-1792 1248 256 ) 
4 169 225 (-1024 1024 224 ) (-1024 1024 256 ) (-1760 1024 256 ) (-1760 1024 224 ) 
4 169 171 (-1760 1344 224 ) (-1024 1344 224 ) (-1024 1024 224 ) (-1760 1024 224 ) 
4 170 227 (-2048 1024 256 ) (-2048 1024 224 ) (-1792 1024 224 ) (-1792 1024 256 ) 
4 170 223 (-1792 1024 416 ) (-2048 1024 416 ) (-2048 1024 256 ) (-1792 1024 256 ) 
4 170 187 (-2048 1024 224 ) (-2048 1024 416 ) (-2048 1312 416 ) (-2048 1312 224 ) 
4 171 229 (-1024 1024 192 ) (-1024 1024 224 ) (-1760 1024 224 ) (-1760 1024 192 ) 
4 171 172 (-1760 1344 192 ) (-1024 1344 192 ) (-1024 1024 192 ) (-1760 1024 192 ) 
4 172 232 (-1760 1024 192 ) (-2048 1024 192 ) (-2048 1024 0 ) (-1760 1024 0 ) 
4 172 231 (-1024 1024 0 ) (-1024 1024 192 ) (-1760 1024 192 ) (-1760 1024 0 ) 
4 172 190 (-2048 1024 0 ) (-2048 1024 192 ) (-2048 1344 192 ) (-2048 1344 0 ) 
4 173 234 (-1024 1024 -829.091003 ) (-1024 1024 -416 ) (-2048 1024 -416 ) (-2048 1024 -829.091003 ) 
4 173 192 (-2048 1024 -829.091003 ) (-2048 1024 -416 ) (-2048 1344 -416 ) (-2048 1344 -829.091003 ) 
4 174 193 (-3072 1728 1981.090088 ) (-3072 1995.560059 1981.090088 ) (-3072 1995.560059 672 ) (-3072 1728 672 ) 
4 174 180 (-3008 1995.560059 672 ) (-2976 1995.560059 672 ) (-2976 1728 672 ) (-3008 1728 672 ) 
4 174 181 (-3072 1728 672 ) (-3072 1995.560059 672 ) (-3008 1995.560059 672 ) (-3008 1728 672 ) 
4 174 177 (-2976 1995.560059 672 ) (-2048 1995.560059 672 ) (-2048 1728 672 ) (-2976 1728 672 ) 
4 174 175 (-2048 1728 704 ) (-2048 1728 1981.090088 ) (-3008 1728 1981.090088 ) (-3008 1728 704 ) 
4 174 176 (-3072 1728 672 ) (-3008 1728 672 ) (-3008 1728 1981.090088 ) (-3072 1728 1981.090088 ) 
4 175 184 (-2048 1344 704 ) (-2048 1344 1981.090088 ) (-3008 1344 1981.090088 ) (-3008 1344 704 ) 
4 175 176 (-3008 1728 1981.090088 ) (-3008 1728 704 ) (-3008 1344 704 ) (-3008 1344 1981.090088 ) 
4 176 194 (-3072 1344 1088 ) (-3072 1344 1981.090088 ) (-3072 1728 1981.090088 ) (-3072 1728 1088 ) 
4 176 184 (-3072 1344 1981.090088 ) (-3072 1344 672 ) (-3008 1344 672 ) (-3008 1344 1981.090088 ) 
4 176 181 (-3008 1344 672 ) (-3072 1344 672 ) (-3072 1728 672 ) (-3008 1728 672 ) 
4 177 182 (-2976 1728 0 ) (-2976 1995.560059 0 ) (-2048 1995.560059 0 ) (-2048 1728 0 ) 
4 177 180 (-2976 1995.560059 0 ) (-2976 1728 0 ) (-2976 1728 672 ) (-2976 1995.560059 672 ) 
4 178 179 (-2976 1376 352 ) (-2976 1376 0 ) (-2272 1376 0 ) (-2272 1376 352 ) 
4 179 190 (-2624 1344 0 ) (-2272 1344 0 ) (-2272 1344 192 ) (-2624 1344 192 ) 
4 179 191 (-2976 1344 0 ) (-2624 1344 0 ) (-2624 1344 224 ) (-2976 1344 224 ) 
4 179 188 (-2272 1344 224 ) (-2272 1344 352 ) (-2592 1344 352 ) (-2592 1344 224 ) 
4 179 189 (-2624 1344 352 ) (-2976 1344 352 ) (-2976 1344 224 ) (-2624 1344 224 ) 
4 180 182 (-3008 1728 0 ) (-3008 1995.560059 0 ) (-2976 1995.560059 0 ) (-2976 1728 0 ) 
4 180 181 (-3008 1995.560059 672 ) (-3008 1995.560059 0 ) (-3008 1728 0 ) (-3008 1728 672 ) 
4 181 193 (-3072 1728 672 ) (-3072 1995.560059 672 ) (-3072 1995.560059 0 ) (-3072 1728 0 ) 
4 181 191 (-3072 1344 224 ) (-3072 1344 0 ) (-3008 1344 0 ) (-3008 1344 224 ) 
4 181 189 (-3072 1344 416 ) (-3072 1344 224 ) (-3008 1344 224 ) (-3008 1344 416 ) 
4 181 186 (-3072 1344 544 ) (-3072 1344 416 ) (-3008 1344 416 ) (-3008 1344 544 ) 
4 181 184 (-3072 1344 672 ) (-3072 1344 544 ) (-3008 1344 544 ) (-3008 1344 672 ) 
4 181 182 (-3072 1728 0 ) (-3072 1995.560059 0 ) (-3008 1995.560059 0 ) (-3008 1728 0 ) 
4 182 193 (-3072 1728 0 ) (-3072 1995.560059 0 ) (-3072 1995.560059 -829.091003 ) (-3072 1728 -829.091003 ) 
4 182 183 (-3072 1728 -829.091003 ) (-2048 1728 -829.091003 ) (-2048 1728 -416 ) (-3072 1728 -416 ) 
4 183 196 (-3072 1344 -829.091003 ) (-3072 1344 -416 ) (-3072 1728 -416 ) (-3072 1728 -829.091003 ) 
4 183 192 (-3072 1344 -416 ) (-3072 1344 -829.091003 ) (-2048 1344 -829.091003 ) (-2048 1344 -416 ) 
4 184 276 (-2048 1024 544 ) (-2048 1024 1981.090088 ) (-3072 1024 1981.090088 ) (-3072 1024 544 ) 
4 184 194 (-3072 1024 1088 ) (-3072 1024 1981.090088 ) (-3072 1344 1981.090088 ) (-3072 1344 1088 ) 
4 184 185 (-2880 1344 544 ) (-2048 1344 544 ) (-2048 1120 544 ) (-2880 1120 544 ) 
4 184 186 (-3072 1344 544 ) (-2880 1344 544 ) (-2880 1024 544 ) (-3072 1024 544 ) 
4 185 188 (-2592 1344 416 ) (-2240 1344 416 ) (-2240 1120 416 ) (-2592 1120 416 ) 
4 185 189 (-2880 1120 416 ) (-2880 1344 416 ) (-2624 1344 416 ) (-2624 1120 416 ) 
4 185 187 (-2048 1312 416 ) (-2048 1120 416 ) (-2240 1120 416 ) (-2240 1312 416 ) 
4 185 186 (-2880 1344 416 ) (-2880 1120 416 ) (-2880 1120 544 ) (-2880 1344 544 ) 
4 186 278 (-2880 1024 544 ) (-3072 1024 544 ) (-3072 1024 416 ) (-2880 1024 416 ) 
4 186 189 (-2880 1024 416 ) (-3072 1024 416 ) (-3072 1344 416 ) (-2880 1344 416 ) 
4 187 279 (-2048 1024 224 ) (-2048 1024 416 ) (-2240 1024 416 ) (-2240 1024 224 ) 
4 187 188 (-2240 1312 224 ) (-2240 1024 224 ) (-2240 1024 416 ) (-2240 1312 416 ) 
4 188 280 (-2240 1024 416 ) (-2592 1024 416 ) (-2592 1024 224 ) (-2240 1024 224 ) 
4 189 287 (-2848 1024 416 ) (-2860 1024 416 ) (-2860 1024 224 ) (-2848 1024 224 ) 
4 189 286 (-2624 1024 416 ) (-2848 1024 416 ) (-2848 1024 224 ) (-2624 1024 224 ) 
4 189 289 (-2860 1024 416 ) (-3072 1024 416 ) (-3072 1024 224 ) (-2860 1024 224 ) 
4 189 191 (-3072 1344 224 ) (-2624 1344 224 ) (-2624 1024 224 ) (-3072 1024 224 ) 
4 190 283 (-2048 1024 0 ) (-2048 1024 192 ) (-2272 1024 192 ) (-2272 1024 0 ) 
4 190 285 (-2272 1024 192 ) (-2624 1024 192 ) (-2624 1024 0 ) (-2272 1024 0 ) 
4 190 191 (-2624 1344 0 ) (-2624 1024 0 ) (-2624 1024 192 ) (-2624 1344 192 ) 
4 191 287 (-2848 1024 224 ) (-2860 1024 224 ) (-2860 1024 0 ) (-2848 1024 0 ) 
4 191 286 (-2624 1024 224 ) (-2848 1024 224 ) (-2848 1024 0 ) (-2624 1024 0 ) 
4 191 289 (-2860 1024 224 ) (-3072 1024 224 ) (-3072 1024 0 ) (-2860 1024 0 ) 
4 192 290 (-2048 1024 -829.091003 ) (-2048 1024 -416 ) (-3072 1024 -416 ) (-3072 1024 -829.091003 ) 
4 192 196 (-3072 1024 -829.091003 ) (-3072 1024 -416 ) (-3072 1344 -416 ) (-3072 1344 -829.091003 ) 
4 193 196 (-3104 1728 -829.091003 ) (-3072 1728 -829.091003 ) (-3072 1728 -416 ) (-3104 1728 -416 ) 
4 193 197 (-3716.229980 1728 -256 ) (-3716.229980 1728 -829.091003 ) (-3104 1728 -829.091003 ) (-3104 1728 -256 ) 
4 193 194 (-3072 1728 1088 ) (-3072 1728 1981.090088 ) (-3648 1728 1981.090088 ) (-3648 1728 1088 ) 
4 193 195 (-3716.229980 1728 1981.090088 ) (-3716.229980 1728 -256 ) (-3648 1728 -256 ) (-3648 1728 1981.090088 ) 
4 194 291 (-3072 1024 1088 ) (-3072 1024 1981.090088 ) (-3648 1024 1981.090088 ) (-3648 1024 1088 ) 
4 194 195 (-3648 1728 1981.090088 ) (-3648 1728 1088 ) (-3648 1024 1088 ) (-3648 1024 1981.090088 ) 
4 195 292 (-3648 1024 1981.090088 ) (-3716.229980 1024 1981.090088 ) (-3716.229980 1024 -256 ) (-3648 1024 -256 ) 
4 195 197 (-3716.229980 1024 -256 ) (-3716.229980 1728 -256 ) (-3648 1728 -256 ) (-3648 1024 -256 ) 
4 196 293 (-3072 1024 -829.091003 ) (-3072 1024 -416 ) (-3104 1024 -416 ) (-3104 1024 -829.091003 ) 
4 196 197 (-3104 1728 -416 ) (-3104 1728 -829.091003 ) (-3104 1024 -829.091003 ) (-3104 1024 -416 ) 
4 197 294 (-3104 1024 -256 ) (-3716.229980 1024 -256 ) (-3716.229980 1024 -829.091003 ) (-3104 1024 -829.091003 ) 
4 198 239 (1024 0 88.420250 ) (1024 0 1981.090088 ) (0 0 1981.090088 ) (0 0 88.420776 ) 
4 198 238 (1024 0 0 ) (1024 0 88.420250 ) (0 0 88.420776 ) (0 0 0 ) 
4 198 203 (0 1024 1981.090088 ) (0 1024 0 ) (0 0 0 ) (0 0 1981.090088 ) 
3 198 200 (920.481201 329.397278 0 ) (736 472.882874 0 ) (736 631.275024 0 ) 
4 198 199 (1024 248.882507 0 ) (1024 0 0 ) (736 0 0 ) (736 472.882874 0 ) 
4 198 201 (0 0 0 ) (0 1024 0 ) (736 1024 0 ) (736 0 0 ) 
4 199 238 (1024 0 -74.666672 ) (1024 0 0 ) (736 0 0 ) (736 0 -74.666672 ) 
4 199 237 (1024 0 -181.343491 ) (1024 0 -74.666672 ) (736 0 -74.666672 ) (736 0 -181.343170 ) 
4 199 236 (1024 0 -384 ) (1024 0 -181.343491 ) (736 0 -181.343170 ) (736 0 -384 ) 
4 199 200 (920.479614 329.398926 -384 ) (736 472.883514 -384 ) (736 472.882813 0 ) (920.481323 329.397095 0 ) 
4 199 201 (736 472.883606 -384 ) (736 0 -384 ) (736 0 0 ) (736 472.882874 0 ) 
4 200 201 (736 631.274109 -384 ) (736 472.883606 -384 ) (736 472.882874 0 ) (736 631.275024 0 ) 
4 201 238 (736 0 0 ) (0 0 0 ) (0 0 -74.666672 ) (736 0 -74.666672 ) 
4 201 237 (0 0 -74.666672 ) (0 0 -181.342377 ) (736 0 -181.343170 ) (736 0 -74.666672 ) 
4 201 236 (0 0 -181.342377 ) (0 0 -384 ) (736 0 -384 ) (736 0 -181.343170 ) 
4 201 204 (0 1024 0 ) (0 1024 -384 ) (0 0 -384 ) (0 0 0 ) 
4 202 243 (1024 0 -829.091003 ) (1024 0 -416 ) (0 0 -416 ) (0 0 -829.091003 ) 
4 202 206 (0 1024 -416 ) (0 1024 -829.091003 ) (0 0 -829.091003 ) (0 0 -416 ) 
4 203 259 (-768 0 384 ) (-1024 0 384 ) (-1024 0 0 ) (-768 0 0 ) 
4 203 258 (-355.426300 0 384 ) (-768 0 384 ) (-768 0 0 ) (-355.427216 0 0 ) 
4 203 253 (0 0 88.420792 ) (0 0 384 ) (-355.426300 0 384 ) (-355.427002 0 88.420959 ) 
4 203 252 (0 0 0 ) (0 0 88.420792 ) (-355.427002 0 88.420959 ) (-355.427216 0 0 ) 
4 203 248 (0 0 384 ) (0 0 1088 ) (-1024 0 1088 ) (-1024 0 384 ) 
4 203 247 (0 0 1088 ) (0 0 1981.090088 ) (-1024 0 1981.090088 ) (-1024 0 1088 ) 
4 203 231 (-1024 0 0 ) (-1024 0 192 ) (-1024 1024 192 ) (-1024 1024 0 ) 
4 203 229 (-1024 0 192 ) (-1024 0 224 ) (-1024 1024 224 ) (-1024 1024 192 ) 
4 203 225 (-1024 0 224 ) (-1024 0 256 ) (-1024 1024 256 ) (-1024 1024 224 ) 
4 203 221 (-1024 0 256 ) (-1024 0 320 ) (-1024 480 320 ) (-1024 480 256 ) 
4 203 218 (-1024 480 320 ) (-1024 832 320 ) (-1024 832 256 ) (-1024 480 256 ) 
4 203 217 (-1024 832 320 ) (-1024 896 320 ) (-1024 896 256 ) (-1024 832 256 ) 
4 203 214 (-1024 896 320 ) (-1024 1024 320 ) (-1024 1024 256 ) (-1024 896 256 ) 
4 203 212 (-1024 0 320 ) (-1024 0 416 ) (-1024 1024 416 ) (-1024 1024 320 ) 
4 203 207 (-1024 0 416 ) (-1024 0 1981.090088 ) (-1024 1024 1981.090088 ) (-1024 1024 416 ) 
3 203 205 (-32 532.703430 0 ) (-32 0 0 ) (-355.427216 0 0 ) 
4 203 204 (-32 1024 0 ) (0 1024 0 ) (0 0 0 ) (-32 0 0 ) 
4 204 252 (0 0 -74.666664 ) (0 0 0 ) (-32 0 0 ) (-32 0 -74.666672 ) 
4 204 251 (0 0 -181.342377 ) (0 0 -74.666664 ) (-32 0 -74.666672 ) (-32 0 -181.342346 ) 
4 204 250 (0 0 -384 ) (0 0 -181.342377 ) (-32 0 -181.342346 ) (-32 0 -384 ) 
4 204 205 (-32 0 -384 ) (-32 0 0 ) (-32 532.703430 0 ) (-32 532.704956 -384 ) 
4 205 252 (-32 0 0 ) (-355.427216 0 0 ) (-355.427399 0 -74.666672 ) (-32 0 -74.666679 ) 
4 205 251 (-355.427399 0 -74.666672 ) (-355.427643 0 -181.341980 ) (-32 0 -181.342346 ) (-32 0 -74.666679 ) 
4 205 250 (-355.427643 0 -181.341980 ) (-355.428101 0 -384 ) (-32 0 -384 ) (-32 0 -181.342346 ) 
4 206 262 (-384 0 -416 ) (-768 0 -416 ) (-768 0 -576 ) (-384 0 -576 ) 
4 206 261 (0 0 -576 ) (0 0 -416 ) (-384 0 -416 ) (-384 0 -576 ) 
4 206 263 (-768 0 -416 ) (-1024 0 -416 ) (-1024 0 -576 ) (-768 0 -576 ) 
4 206 264 (0 0 -829.091003 ) (0 0 -576 ) (-1024 0 -576 ) (-1024 0 -829.091003 ) 
4 206 234 (-1024 0 -829.091003 ) (-1024 0 -416 ) (-1024 1024 -416 ) (-1024 1024 -829.091003 ) 
4 207 265 (-1024 0 416 ) (-1024 0 1981.090088 ) (-1760 0 1981.090088 ) (-1760 0 416 ) 
4 207 212 (-1760 1024 416 ) (-1024 1024 416 ) (-1024 0 416 ) (-1760 0 416 ) 
4 207 208 (-1760 384 448 ) (-1760 384 1981.090088 ) (-1760 1024 1981.090088 ) (-1760 1024 448 ) 
4 207 209 (-1760 384 416 ) (-1760 0 416 ) (-1760 0 1981.090088 ) (-1760 384 1981.090088 ) 
4 208 210 (-1984 384 544 ) (-1984 384 1981.090088 ) (-1984 1024 1981.090088 ) (-1984 1024 544 ) 
4 208 209 (-1760 384 448 ) (-1760 384 1981.090088 ) (-1984 384 1981.090088 ) (-1984 384 448 ) 
4 209 265 (-1760 0 1981.090088 ) (-1984 0 1981.090088 ) (-1984 0 416 ) (-1760 0 416 ) 
4 209 224 (-1792 0 416 ) (-1984 0 416 ) (-1984 384 416 ) (-1792 384 416 ) 
4 209 213 (-1760 384 416 ) (-1760 0 416 ) (-1792 0 416 ) (-1792 384 416 ) 
4 209 210 (-1984 224 544 ) (-1984 224 1981.090088 ) (-1984 384 1981.090088 ) (-1984 384 544 ) 
4 209 211 (-1984 224 416 ) (-1984 0 416 ) (-1984 0 1981.090088 ) (-1984 224 1981.090088 ) 
4 210 276 (-2048 1024 1981.090088 ) (-2048 1024 544 ) (-2048 224 544 ) (-2048 224 1981.090088 ) 
4 210 211 (-1984 224 544 ) (-1984 224 1981.090088 ) (-2048 224 1981.090088 ) (-2048 224 544 ) 
4 211 277 (-2048 224 416 ) (-2048 0 416 ) (-2048 0 544 ) (-2048 224 544 ) 
4 211 276 (-2048 0 544 ) (-2048 0 1981.090088 ) (-2048 224 1981.090088 ) (-2048 224 544 ) 
4 211 265 (-2048 0 1981.090088 ) (-2048 0 416 ) (-1984 0 416 ) (-1984 0 1981.090088 ) 
4 211 224 (-2048 0 416 ) (-2048 224 416 ) (-1984 224 416 ) (-1984 0 416 ) 
4 212 265 (-1024 0 320 ) (-1024 0 416 ) (-1760 0 416 ) (-1760 0 320 ) 
4 212 221 (-1024 0 320 ) (-1760 0 320 ) (-1760 480 320 ) (-1024 480 320 ) 
4 212 218 (-1760 480 320 ) (-1760 832 320 ) (-1024 832 320 ) (-1024 480 320 ) 
4 212 217 (-1760 832 320 ) (-1760 896 320 ) (-1024 896 320 ) (-1024 832 320 ) 
4 212 214 (-1760 896 320 ) (-1760 1024 320 ) (-1024 1024 320 ) (-1024 896 320 ) 
4 212 213 (-1760 384 320 ) (-1760 0 320 ) (-1760 0 416 ) (-1760 384 416 ) 
4 213 265 (-1760 0 416 ) (-1792 0 416 ) (-1792 0 320 ) (-1760 0 320 ) 
4 213 224 (-1792 0 320 ) (-1792 0 416 ) (-1792 384 416 ) (-1792 384 320 ) 
4 213 222 (-1760 0 320 ) (-1792 0 320 ) (-1792 384 320 ) (-1760 384 320 ) 
4 214 225 (-1760 1024 256 ) (-1024 1024 256 ) (-1024 896 256 ) (-1760 896 256 ) 
4 214 217 (-1024 896 320 ) (-1760 896 320 ) (-1760 896 256 ) (-1024 896 256 ) 
4 214 215 (-1768 1024 256 ) (-1768 896 256 ) (-1768 896 320 ) (-1768 1024 320 ) 
4 215 216 (-1776 1024 256 ) (-1776 896 256 ) (-1776 896 320 ) (-1776 1024 320 ) 
4 216 223 (-1792 1024 256 ) (-1792 896 256 ) (-1792 896 320 ) (-1792 1024 320 ) 
4 217 225 (-1760 896 256 ) (-1024 896 256 ) (-1024 832 256 ) (-1760 832 256 ) 
4 217 218 (-1024 832 320 ) (-1760 832 320 ) (-1760 832 256 ) (-1024 832 256 ) 
4 218 225 (-1760 832 256 ) (-1024 832 256 ) (-1024 480 256 ) (-1760 480 256 ) 
4 218 221 (-1024 480 320 ) (-1760 480 320 ) (-1760 480 256 ) (-1024 480 256 ) 
4 218 219 (-1768 832 320 ) (-1768 832 256 ) (-1768 480 256 ) (-1768 480 320 ) 
4 219 220 (-1776 832 320 ) (-1776 832 256 ) (-1776 480 256 ) (-1776 480 320 ) 
4 220 223 (-1792 832 256 ) (-1792 480 256 ) (-1792 480 320 ) (-1792 832 320 ) 
4 221 265 (-1024 0 256 ) (-1024 0 320 ) (-1760 0 320 ) (-1760 0 256 ) 
4 221 225 (-1024 0 256 ) (-1760 0 256 ) (-1760 480 256 ) (-1024 480 256 ) 
4 221 222 (-1760 384 256 ) (-1760 0 256 ) (-1760 0 320 ) (-1760 384 320 ) 
4 222 265 (-1760 0 320 ) (-1792 0 320 ) (-1792 0 256 ) (-1760 0 256 ) 
4 222 226 (-1760 0 256 ) (-1792 0 256 ) (-1792 384 256 ) (-1760 384 256 ) 
4 222 224 (-1792 384 256 ) (-1792 0 256 ) (-1792 0 320 ) (-1792 384 320 ) 
4 223 279 (-2048 1024 416 ) (-2048 1024 256 ) (-2048 416 256 ) (-2048 416 416 ) 
4 223 227 (-2048 416 256 ) (-2048 1024 256 ) (-1792 1024 256 ) (-1792 416 256 ) 
4 224 281 (-2048 384 256 ) (-2048 0 256 ) (-2048 0 416 ) (-2048 384 416 ) 
4 224 265 (-1792 0 416 ) (-2048 0 416 ) (-2048 0 256 ) (-1792 0 256 ) 
4 224 228 (-1792 0 256 ) (-2048 0 256 ) (-2048 384 256 ) (-1792 384 256 ) 
4 225 265 (-1024 0 224 ) (-1024 0 256 ) (-1760 0 256 ) (-1760 0 224 ) 
4 225 229 (-1760 1024 224 ) (-1024 1024 224 ) (-1024 0 224 ) (-1760 0 224 ) 
4 225 226 (-1760 384 224 ) (-1760 0 224 ) (-1760 0 256 ) (-1760 384 256 ) 
4 226 265 (-1760 0 256 ) (-1792 0 256 ) (-1792 0 224 ) (-1760 0 224 ) 
4 226 230 (-1760 384 224 ) (-1760 0 224 ) (-1792 0 224 ) (-1792 384 224 ) 
4 226 228 (-1792 384 224 ) (-1792 0 224 ) (-1792 0 256 ) (-1792 384 256 ) 
4 227 279 (-2048 1024 256 ) (-2048 1024 224 ) (-2048 416 224 ) (-2048 416 256 ) 
4 228 281 (-2048 384 224 ) (-2048 0 224 ) (-2048 0 256 ) (-2048 384 256 ) 
4 228 265 (-1792 0 256 ) (-2048 0 256 ) (-2048 0 224 ) (-1792 0 224 ) 
4 228 230 (-2048 0 224 ) (-2048 384 224 ) (-1792 384 224 ) (-1792 0 224 ) 
4 229 265 (-1024 0 192 ) (-1024 0 224 ) (-1760 0 224 ) (-1760 0 192 ) 
4 229 231 (-1760 1024 192 ) (-1024 1024 192 ) (-1024 0 192 ) (-1760 0 192 ) 
4 229 230 (-1760 384 192 ) (-1760 0 192 ) (-1760 0 224 ) (-1760 384 224 ) 
4 230 282 (-2048 384 192 ) (-2048 0 192 ) (-2048 0 224 ) (-2048 384 224 ) 
4 230 265 (-1760 0 224 ) (-2048 0 224 ) (-2048 0 192 ) (-1760 0 192 ) 
4 230 233 (-2048 0 192 ) (-2048 64 192 ) (-1760 64 192 ) (-1760 0 192 ) 
4 231 265 (-1024 0 0 ) (-1024 0 192 ) (-1760 0 192 ) (-1760 0 0 ) 
4 231 232 (-1760 1024 0 ) (-1760 704 0 ) (-1760 704 192 ) (-1760 1024 192 ) 
4 231 233 (-1760 64 0 ) (-1760 0 0 ) (-1760 0 192 ) (-1760 64 192 ) 
4 232 283 (-2048 1024 192 ) (-2048 1024 0 ) (-2048 704 0 ) (-2048 704 192 ) 
4 233 284 (-2048 64 0 ) (-2048 0 0 ) (-2048 0 192 ) (-2048 64 192 ) 
4 233 265 (-1760 0 192 ) (-2048 0 192 ) (-2048 0 0 ) (-1760 0 0 ) 
4 234 290 (-2048 1024 -416 ) (-2048 1024 -829.091003 ) (-2048 0 -829.091003 ) (-2048 0 -416 ) 
4 234 267 (-1024 0 -829.091003 ) (-1024 0 -416 ) (-2048 0 -416 ) (-2048 0 -829.091003 ) 
6 235 257 (0 -256 -384 ) (0 -1024 -384 ) (0 -1024 1088 ) (0 -704 1088 ) (0 -655.238098 1039.238037 ) (0 -256 88.421082 ) 
3 235 249 (0 -57.635345 -384 ) (0 -256 -384 ) (0 -256 88.421082 ) 
3 235 248 (0 -704 1088 ) (0 -675.712708 1088 ) (0 -655.238098 1039.238037 ) 
3 235 247 (0 -1024 1088 ) (0 -1024 1917.473633 ) (0 -675.712708 1088 ) 
4 235 244 (1024 -1024 -384 ) (1024 -1024 1917.473633 ) (0 -1024 1917.473633 ) (0 -1024 -384 ) 
4 235 242 (0 -192 -64.001389 ) (0 -205.343918 -32.223198 ) (1024 -205.343918 -32.223198 ) (1024 -192 -64.001381 ) 
4 235 241 (0 -205.343918 -32.223198 ) (0 -238.143768 45.892258 ) (1024 -238.142700 45.889648 ) (1024 -205.343918 -32.223198 ) 
4 235 240 (0 -238.143768 45.892258 ) (0 -1024 1917.471191 ) (1024 -1024 1917.471191 ) (1024 -238.142700 45.889648 ) 
4 235 236 (1024 -57.636562 -384 ) (0 -57.636566 -384 ) (0 -173.002686 -109.246429 ) (1024 -173.002136 -109.247681 ) 
4 236 250 (0 0 -181.342529 ) (0 0 -384 ) (0 -57.635345 -384 ) (0 -173.001251 -109.246979 ) 
4 236 237 (1024 -128.003769 -128.001556 ) (1024 0 -181.345032 ) (0 0 -181.343933 ) (0 -128.002441 -128.001022 ) 
3 237 251 (0 0 -74.666748 ) (0 0 -181.342529 ) (0 -128 -128 ) 
4 237 238 (1024 0 -74.665779 ) (0 0 -74.665771 ) (0 -83 -109.248795 ) (1024 -83 -109.248688 ) 
3 238 252 (0 0 88.420776 ) (0 0 -74.666748 ) (0 -83 -109.249985 ) 
4 238 239 (1024 -64 -64.001617 ) (1024 0 88.417877 ) (0 0 88.418442 ) (0 -64 -64.001343 ) 
3 239 257 (0 -256 393.223785 ) (0 -434.645508 818.645508 ) (0 -256 640 ) 
5 239 253 (0 0 384 ) (0 0 88.420776 ) (0 -64 -64 ) (0 -256 393.223785 ) (0 -256 640 ) 
4 239 248 (0 0 1088 ) (0 0 384 ) (0 -434.645508 818.645508 ) (0 -547.754395 1088 ) 
4 239 247 (0 0 1981.090088 ) (0 0 1088 ) (0 -547.754395 1088 ) (0 -922.785828 1981.090088 ) 
4 239 240 (1024 -83 -18.753071 ) (1024 -922.785767 1981.090088 ) (0 -922.785767 1981.090088 ) (0 -83.001282 -18.750488 ) 
4 240 257 (0 -256 88.421097 ) (0 -655.238098 1039.238037 ) (0 -434.645508 818.645508 ) (0 -256 393.223785 ) 
4 240 254 (0 -238.142319 45.891617 ) (0 -256 88.421097 ) (0 -256 393.223785 ) (0 -83.001465 -18.750366 ) 
4 240 248 (0 -655.238098 1039.238037 ) (0 -675.712708 1088 ) (0 -547.754395 1088 ) (0 -434.645508 818.645508 ) 
5 240 247 (0 -675.712708 1088 ) (0 -1024 1917.473633 ) (0 -1024 1981.090088 ) (0 -922.785828 1981.090088 ) (0 -547.754395 1088 ) 
4 240 244 (1024 -1024 1917.473633 ) (1024 -1024 1981.090088 ) (0 -1024 1981.090088 ) (0 -1024 1917.473633 ) 
4 240 241 (1024 -238.142105 45.888268 ) (0 -238.143219 45.890888 ) (0 -128.001984 0 ) (1024 -128.004578 -0.001909 ) 
3 241 255 (0 -205.342911 -32.222771 ) (0 -238.142319 45.891617 ) (0 -128.001190 0 ) 
4 241 242 (1024 -205.342300 -32.224224 ) (0 -205.342300 -32.224228 ) (0 -173 -18.749739 ) (1024 -173 -18.749735 ) 
3 242 256 (0 -192 -64 ) (0 -205.342911 -32.222771 ) (0 -173 -18.747704 ) 
4 243 261 (0 0 -416 ) (0 0 -576 ) (0 -1024 -576 ) (0 -1024 -416 ) 
4 243 264 (0 0 -576 ) (0 0 -829.091003 ) (0 -1024 -829.091003 ) (0 -1024 -576 ) 
4 243 245 (1024 -1024 -829.091003 ) (1024 -1024 -416 ) (0 -1024 -416 ) (0 -1024 -829.091003 ) 
4 244 268 (0 -1056 1981.090088 ) (0 -1024 1981.090088 ) (0 -1024 -384 ) (0 -1056 -384 ) 
4 244 246 (1024 -1056 -384 ) (1024 -1056 1981.090088 ) (0 -1056 1981.090088 ) (0 -1056 -384 ) 
4 245 269 (0 -1024 -416 ) (0 -1024 -829.091003 ) (0 -1056 -829.091003 ) (0 -1056 -416 ) 
4 245 246 (0 -1056 -829.091003 ) (1024 -1056 -829.091003 ) (1024 -1056 -416 ) (0 -1056 -416 ) 
4 246 270 (0 -1675.560059 1981.090088 ) (0 -1056 1981.090088 ) (0 -1056 -829.091003 ) (0 -1675.560059 -829.091003 ) 
4 247 271 (-384 -1024 1981.090088 ) (-768 -1024 1981.090088 ) (-768 -1024 1088 ) (-384 -1024 1088 ) 
4 247 273 (-768 -1024 1981.090088 ) (-1024 -1024 1981.090088 ) (-1024 -1024 1088 ) (-768 -1024 1088 ) 
4 247 268 (0 -1024 1088 ) (0 -1024 1981.090088 ) (-384 -1024 1981.090088 ) (-384 -1024 1088 ) 
4 247 265 (-1024 0 1981.090088 ) (-1024 0 1088 ) (-1024 -320 1088 ) (-1024 -320 1981.090088 ) 
4 247 266 (-1024 -320 1088 ) (-1024 -1024 1088 ) (-1024 -1024 1981.090088 ) (-1024 -320 1981.090088 ) 
4 247 260 (-1024 -1024 1088 ) (-1024 -704 1088 ) (-768 -704 1088 ) (-768 -1024 1088 ) 
4 247 257 (-384 -704 1088 ) (0 -704 1088 ) (0 -1024 1088 ) (-384 -1024 1088 ) 
4 247 248 (-1024 -704 1088 ) (-1024 0 1088 ) (0 0 1088 ) (0 -704 1088 ) 
4 248 265 (-1024 0 1088 ) (-1024 0 384 ) (-1024 -320 704 ) (-1024 -320 1088 ) 
3 248 266 (-1024 -320 704 ) (-1024 -704 1088 ) (-1024 -320 1088 ) 
4 248 259 (-1024 -320 704 ) (-1024 0 384 ) (-768 0 384 ) (-768 -320 704 ) 
4 248 260 (-768 -704 1088 ) (-1024 -704 1088 ) (-1024 -320 704 ) (-768 -320 704 ) 
4 248 258 (-768 -256 640 ) (-768 0 384 ) (-355.426331 0 384 ) (-510.854370 -256 640 ) 
4 248 257 (0 -704 1088 ) (-384 -704 1088 ) (-384 -256 640 ) (0 -256 640 ) 
4 248 253 (-510.854370 -256 640 ) (-355.426331 0 384 ) (0 0 384 ) (0 -256 640 ) 
3 249 258 (-510.852142 -256 0 ) (-510.851929 -256 88.421112 ) (-488.310669 -218.872910 0 ) 
4 249 257 (-384 -256 -384 ) (0 -256 -384 ) (0 -256 88.421112 ) (-384 -256 88.421043 ) 
4 249 256 (-472 -192 -64.001564 ) (-480.102325 -205.344055 -32.223244 ) (0 -205.344055 -32.223248 ) (0 -192 -64.001572 ) 
4 249 255 (-480.102325 -205.344055 -32.223244 ) (-500.017944 -238.144485 45.893570 ) (0 -238.143951 45.892300 ) (0 -205.344055 -32.223248 ) 
4 249 254 (-500.017944 -238.144485 45.893570 ) (-510.859375 -256 88.417908 ) (0 -256 88.417908 ) (0 -238.143951 45.892300 ) 
4 249 250 (0 -57.636719 -384 ) (-390.417969 -57.636719 -384 ) (-460.465698 -173.003143 -109.245697 ) (0 -173.002884 -109.246323 ) 
4 250 251 (-355.424652 0 -181.343536 ) (-433.140381 -128.001877 -128 ) (0 -128.002441 -128.001022 ) (0 0 -181.343933 ) 
4 251 252 (0 0 -74.665771 ) (-355.426880 0 -74.665771 ) (-405.819305 -83 -109.248840 ) (0 -83 -109.248795 ) 
3 252 258 (-355.423157 0 88.420990 ) (-355.423370 0 0 ) (-377.964813 -37.127045 0 ) 
4 252 253 (-355.428223 0 88.417145 ) (-394.285278 -64 -64.001404 ) (0 -64 -64.001503 ) (0 0 88.416977 ) 
6 253 258 (-510.851227 -256 393.223755 ) (-510.850647 -256 640 ) (-355.422455 0 384.001709 ) (-355.423157 0 88.420990 ) (-377.964783 -37.127045 0 ) (-410.597656 -90.875244 0 ) 
4 253 257 (-384 -256 393.223755 ) (0 -256 393.223755 ) (0 -256 639.996094 ) (-384 -256 639.996094 ) 
4 253 254 (0 -83.001350 -18.750446 ) (0 -256 393.222717 ) (-510.855469 -256 393.222717 ) (-405.822357 -83.001801 -18.749359 ) 
5 254 258 (-510.851929 -256 88.421112 ) (-510.851227 -256 393.223755 ) (-410.597687 -90.875244 0 ) (-433.137878 -128 0 ) (-500.010162 -238.142853 45.892883 ) 
4 254 257 (-384 -256 88.421043 ) (0 -256 88.421112 ) (0 -256 393.223755 ) (-384 -256 393.223755 ) 
4 254 255 (0 -238.143219 45.890888 ) (-500.015625 -238.143768 45.892166 ) (-433.142609 -128 0 ) (0 -128.001984 0 ) 
3 255 258 (-488.310638 -218.872910 0 ) (-500.010162 -238.142853 45.892883 ) (-433.137817 -128 0 ) 
4 255 256 (0 -205.342300 -32.224228 ) (-480.101563 -205.342300 -32.224232 ) (-460.465210 -173 -18.749743 ) (0 -173 -18.749741 ) 
4 257 268 (0 -1024 -384 ) (0 -1024 1088 ) (-384 -1024 1088 ) (-384 -1024 -384 ) 
4 258 259 (-768 -256 639.996094 ) (-768 0 383.996094 ) (-768 0 0 ) (-768 -256 0 ) 
4 259 265 (-1024 0 384 ) (-1024 0 0 ) (-1024 -320 0 ) (-1024 -320 704 ) 
4 259 260 (-768 -320 0 ) (-768 -320 704 ) (-1024 -320 704 ) (-1024 -320 0 ) 
4 260 273 (-768 -1024 1088 ) (-1024 -1024 1088 ) (-1024 -1024 -416 ) (-768 -1024 -416 ) 
5 260 266 (-1024 -320 -416 ) (-1024 -1024 -416 ) (-1024 -1024 1088 ) (-1024 -704 1088 ) (-1024 -320 704 ) 
4 260 263 (-768 -1024 -416 ) (-1024 -1024 -416 ) (-1024 -320 -416 ) (-768 -320 -416 ) 
4 261 269 (0 -1024 -576 ) (0 -1024 -416 ) (-384 -1024 -416 ) (-384 -1024 -576 ) 
4 261 262 (-384 -256 -416 ) (-384 0 -416 ) (-384 0 -576 ) (-384 -256 -576 ) 
4 261 264 (0 -1024 -576 ) (-384 -1024 -576 ) (-384 0 -576 ) (0 0 -576 ) 
4 262 264 (-768 -256 -576 ) (-768 0 -576 ) (-384 0 -576 ) (-384 -256 -576 ) 
4 262 263 (-768 -256 -416 ) (-768 0 -416 ) (-768 0 -576 ) (-768 -256 -576 ) 
4 263 273 (-768 -1024 -416 ) (-1024 -1024 -416 ) (-1024 -1024 -576 ) (-768 -1024 -576 ) 
4 263 267 (-1024 0 -416 ) (-1024 0 -576 ) (-1024 -1024 -576 ) (-1024 -1024 -416 ) 
4 263 264 (-768 -1024 -576 ) (-1024 -1024 -576 ) (-1024 0 -576 ) (-768 0 -576 ) 
4 264 272 (-384 -1024 -576 ) (-768 -1024 -576 ) (-768 -1024 -829.091003 ) (-384 -1024 -829.091003 ) 
4 264 273 (-768 -1024 -576 ) (-1024 -1024 -576 ) (-1024 -1024 -829.091003 ) (-768 -1024 -829.091003 ) 
4 264 269 (0 -1024 -829.091003 ) (0 -1024 -576 ) (-384 -1024 -576 ) (-384 -1024 -829.091003 ) 
4 264 267 (-1024 0 -576 ) (-1024 0 -829.091003 ) (-1024 -1024 -829.091003 ) (-1024 -1024 -576 ) 
4 265 295 (-2048 -320 1981.090088 ) (-2048 0 1981.090088 ) (-2048 0 0 ) (-2048 -320 0 ) 
4 265 266 (-1024 -320 0 ) (-1024 -320 1981.090088 ) (-2048 -320 1981.090088 ) (-2048 -320 0 ) 
4 266 296 (-2048 -1024 -416 ) (-2048 -1024 1981.090088 ) (-2048 -320 1981.090088 ) (-2048 -320 -416 ) 
4 266 275 (-1024 -1024 -416 ) (-1024 -1024 1981.090088 ) (-2048 -1024 1981.090088 ) (-2048 -1024 -416 ) 
4 266 267 (-1024 -1024 -416 ) (-2048 -1024 -416 ) (-2048 -320 -416 ) (-1024 -320 -416 ) 
4 267 297 (-2048 -1024 -829.091003 ) (-2048 -1024 -416 ) (-2048 0 -416 ) (-2048 0 -829.091003 ) 
4 267 275 (-1024 -1024 -829.091003 ) (-1024 -1024 -416 ) (-2048 -1024 -416 ) (-2048 -1024 -829.091003 ) 
4 268 271 (-384 -1056 1088 ) (-384 -1056 1981.090088 ) (-384 -1024 1981.090088 ) (-384 -1024 1088 ) 
4 268 270 (-384 -1056 1981.090088 ) (-384 -1056 -384 ) (0 -1056 -384 ) (0 -1056 1981.090088 ) 
4 269 272 (-384 -1024 -829.091003 ) (-384 -1056 -829.091003 ) (-384 -1056 -576 ) (-384 -1024 -576 ) 
4 269 270 (-384 -1056 -416 ) (-384 -1056 -829.091003 ) (0 -1056 -829.091003 ) (0 -1056 -416 ) 
4 270 274 (-384 -1600 -829.091003 ) (-384 -1675.560059 -829.091003 ) (-384 -1675.560059 1981.090088 ) (-384 -1600 1981.090088 ) 
4 270 271 (-384 -1600 1088 ) (-384 -1600 1981.090088 ) (-384 -1056 1981.090088 ) (-384 -1056 1088 ) 
4 270 272 (-384 -1056 -829.091003 ) (-384 -1600 -829.091003 ) (-384 -1600 -576 ) (-384 -1056 -576 ) 
4 271 274 (-384 -1600 1088 ) (-384 -1600 1981.090088 ) (-768 -1600 1981.090088 ) (-768 -1600 1088 ) 
4 271 273 (-768 -1600 1088 ) (-768 -1600 1981.090088 ) (-768 -1024 1981.090088 ) (-768 -1024 1088 ) 
4 272 274 (-768 -1600 -829.091003 ) (-384 -1600 -829.091003 ) (-384 -1600 -576 ) (-768 -1600 -576 ) 
4 272 273 (-768 -1024 -829.091003 ) (-768 -1600 -829.091003 ) (-768 -1600 -576 ) (-768 -1024 -576 ) 
4 273 275 (-1024 -1024 1981.090088 ) (-1024 -1024 -829.091003 ) (-1024 -1600 -829.091003 ) (-1024 -1600 1981.090088 ) 
4 273 274 (-1024 -1600 -829.091003 ) (-768 -1600 -829.091003 ) (-768 -1600 1981.090088 ) (-1024 -1600 1981.090088 ) 
4 274 275 (-1024 -1600 -829.091003 ) (-1024 -1675.560059 -829.091003 ) (-1024 -1675.560059 1981.090088 ) (-1024 -1600 1981.090088 ) 
4 275 298 (-2048 -1675.560059 1981.090088 ) (-2048 -1024 1981.090088 ) (-2048 -1024 -829.091003 ) (-2048 -1675.560059 -829.091003 ) 
4 276 295 (-2048 0 544 ) (-2048 0 1981.090088 ) (-3072 0 1981.090088 ) (-3072 0 544 ) 
4 276 291 (-3072 1024 1981.090088 ) (-3072 1024 1088 ) (-3072 0 1088 ) (-3072 0 1981.090088 ) 
4 276 277 (-2048 224 544 ) (-2048 0 544 ) (-2880 0 544 ) (-2880 224 544 ) 
4 276 278 (-3072 0 544 ) (-3072 1024 544 ) (-2880 1024 544 ) (-2880 0 544 ) 
4 277 295 (-2048 0 416 ) (-2048 0 544 ) (-2880 0 544 ) (-2880 0 416 ) 
4 277 288 (-2848 0 416 ) (-2860 0 416 ) (-2860 224 416 ) (-2848 224 416 ) 
4 277 286 (-2624 0 416 ) (-2848 0 416 ) (-2848 224 416 ) (-2624 224 416 ) 
4 277 289 (-2860 0 416 ) (-2880 0 416 ) (-2880 224 416 ) (-2860 224 416 ) 
4 277 281 (-2048 0 416 ) (-2624 0 416 ) (-2624 224 416 ) (-2048 224 416 ) 
4 277 278 (-2880 224 416 ) (-2880 0 416 ) (-2880 0 544 ) (-2880 224 544 ) 
4 278 295 (-2880 0 544 ) (-3072 0 544 ) (-3072 0 416 ) (-2880 0 416 ) 
4 278 289 (-2880 0 416 ) (-3072 0 416 ) (-3072 1024 416 ) (-2880 1024 416 ) 
4 279 280 (-2240 1024 224 ) (-2240 416 224 ) (-2240 416 416 ) (-2240 1024 416 ) 
4 280 281 (-2592 384 224 ) (-2240 384 224 ) (-2240 384 416 ) (-2592 384 416 ) 
4 281 295 (-2048 0 224 ) (-2048 0 416 ) (-2624 0 416 ) (-2624 0 224 ) 
4 281 286 (-2624 0 224 ) (-2624 0 416 ) (-2624 384 416 ) (-2624 384 224 ) 
4 281 282 (-2624 0 224 ) (-2624 384 224 ) (-2048 384 224 ) (-2048 0 224 ) 
4 282 295 (-2048 0 192 ) (-2048 0 224 ) (-2624 0 224 ) (-2624 0 192 ) 
4 282 286 (-2624 0 192 ) (-2624 0 224 ) (-2624 384 224 ) (-2624 384 192 ) 
4 282 284 (-2048 0 192 ) (-2272 0 192 ) (-2272 64 192 ) (-2048 64 192 ) 
4 282 285 (-2272 0 192 ) (-2624 0 192 ) (-2624 384 192 ) (-2272 384 192 ) 
4 283 285 (-2272 1024 0 ) (-2272 704 0 ) (-2272 704 192 ) (-2272 1024 192 ) 
4 284 295 (-2048 0 0 ) (-2048 0 192 ) (-2272 0 192 ) (-2272 0 0 ) 
4 284 285 (-2272 64 0 ) (-2272 0 0 ) (-2272 0 192 ) (-2272 64 192 ) 
4 285 295 (-2272 0 192 ) (-2624 0 192 ) (-2624 0 0 ) (-2272 0 0 ) 
4 285 286 (-2624 1024 0 ) (-2624 0 0 ) (-2624 0 192 ) (-2624 1024 192 ) 
4 286 295 (-2624 0 416 ) (-2848 0 416 ) (-2848 0 0 ) (-2624 0 0 ) 
4 286 287 (-2848 1024 0 ) (-2848 264 0 ) (-2848 264 416 ) (-2848 1024 416 ) 
4 286 288 (-2848 224 0 ) (-2848 0 0 ) (-2848 0 416 ) (-2848 224 416 ) 
4 287 289 (-2860 1024 0 ) (-2860 264 0 ) (-2860 264 416 ) (-2860 1024 416 ) 
4 288 295 (-2848 0 416 ) (-2860 0 416 ) (-2860 0 0 ) (-2848 0 0 ) 
4 288 289 (-2860 224 0 ) (-2860 0 0 ) (-2860 0 416 ) (-2860 224 416 ) 
4 289 295 (-2860 0 416 ) (-3072 0 416 ) (-3072 0 0 ) (-2860 0 0 ) 
4 290 297 (-2048 0 -829.091003 ) (-2048 0 -416 ) (-3072 0 -416 ) (-3072 0 -829.091003 ) 
4 290 293 (-3072 1024 -416 ) (-3072 1024 -829.091003 ) (-3072 0 -829.091003 ) (-3072 0 -416 ) 
4 291 299 (-3072 0 1088 ) (-3072 0 1981.090088 ) (-3648 0 1981.090088 ) (-3648 0 1088 ) 
4 291 292 (-3648 0 1088 ) (-3648 0 1981.090088 ) (-3648 1024 1981.090088 ) (-3648 1024 1088 ) 
4 292 304 (-3648 0 1981.090088 ) (-3716.229980 0 1981.090088 ) (-3716.229980 0 -256 ) (-3648 0 -256 ) 
4 292 294 (-3648 0 -256 ) (-3716.229980 0 -256 ) (-3716.229980 1024 -256 ) (-3648 1024 -256 ) 
4 293 301 (-3072 0 -829.091003 ) (-3072 0 -416 ) (-3104 0 -416 ) (-3104 0 -829.091003 ) 
4 293 294 (-3104 1024 -829.091003 ) (-3104 0 -829.091003 ) (-3104 0 -416 ) (-3104 1024 -416 ) 
4 294 304 (-3648 0 -256 ) (-3716.229980 0 -256 ) (-3716.229980 0 -829.091003 ) (-3648 0 -829.091003 ) 
4 294 303 (-3104 0 -256 ) (-3648 0 -256 ) (-3648 0 -829.091003 ) (-3104 0 -829.091003 ) 
4 295 299 (-3072 0 1981.090088 ) (-3072 0 1088 ) (-3072 -320 1088 ) (-3072 -320 1981.090088 ) 
4 295 296 (-2048 -320 0 ) (-2048 -320 1981.090088 ) (-3072 -320 1981.090088 ) (-3072 -320 0 ) 
4 296 302 (-3072 -320 -416 ) (-3072 -1024 -416 ) (-3072 -1024 -256 ) (-3072 -320 -256 ) 
4 296 300 (-3072 -1024 1792 ) (-3072 -1024 1981.090088 ) (-3072 -960 1981.090088 ) (-3072 -960 1792 ) 
4 296 299 (-3072 -960 1981.090088 ) (-3072 -320 1981.090088 ) (-3072 -320 1088 ) (-3072 -960 1088 ) 
4 296 298 (-2048 -1024 -416 ) (-2048 -1024 1981.090088 ) (-3072 -1024 1981.090088 ) (-3072 -1024 -416 ) 
4 296 297 (-2048 -1024 -416 ) (-3072 -1024 -416 ) (-3072 -320 -416 ) (-2048 -320 -416 ) 
4 297 301 (-3072 0 -416 ) (-3072 0 -829.091003 ) (-3072 -320 -829.091003 ) (-3072 -320 -416 ) 
4 297 302 (-3072 -320 -829.091003 ) (-3072 -1024 -829.091003 ) (-3072 -1024 -416 ) (-3072 -320 -416 ) 
4 297 298 (-2048 -1024 -829.091003 ) (-2048 -1024 -416 ) (-3072 -1024 -416 ) (-3072 -1024 -829.091003 ) 
4 298 305 (-3072 -1600 1981.090088 ) (-3072 -1024 1981.090088 ) (-3072 -1024 1792 ) (-3072 -1600 1792 ) 
4 298 306 (-3072 -1024 -256 ) (-3072 -1024 -829.091003 ) (-3072 -1600 -829.091003 ) (-3072 -1600 -256 ) 
4 298 307 (-3072 -1675.560059 1981.090088 ) (-3072 -1600 1981.090088 ) (-3072 -1600 -829.091003 ) (-3072 -1675.560059 -829.091003 ) 
4 299 304 (-3648 -960 1981.090088 ) (-3648 0 1981.090088 ) (-3648 0 1088 ) (-3648 -960 1088 ) 
4 299 300 (-3648 -960 1981.090088 ) (-3648 -960 1792 ) (-3072 -960 1792 ) (-3072 -960 1981.090088 ) 
4 300 305 (-3072 -1024 1792 ) (-3072 -1024 1981.090088 ) (-3648 -1024 1981.090088 ) (-3648 -1024 1792 ) 
4 300 304 (-3648 -1024 1792 ) (-3648 -1024 1981.090088 ) (-3648 -960 1981.090088 ) (-3648 -960 1792 ) 
4 301 302 (-3104 -320 -416 ) (-3104 -320 -829.091003 ) (-3072 -320 -829.091003 ) (-3072 -320 -416 ) 
4 301 303 (-3104 0 -829.091003 ) (-3104 -320 -829.091003 ) (-3104 -320 -416 ) (-3104 0 -416 ) 
4 302 306 (-3072 -1024 -829.091003 ) (-3072 -1024 -256 ) (-3104 -1024 -256 ) (-3104 -1024 -829.091003 ) 
4 302 303 (-3104 -320 -829.091003 ) (-3104 -1024 -829.091003 ) (-3104 -1024 -256 ) (-3104 -320 -256 ) 
4 303 306 (-3104 -1024 -256 ) (-3648 -1024 -256 ) (-3648 -1024 -829.091003 ) (-3104 -1024 -829.091003 ) 
4 303 304 (-3648 0 -829.091003 ) (-3648 -1024 -829.091003 ) (-3648 -1024 -256 ) (-3648 0 -256 ) 
4 304 308 (-3648 -1024 1981.090088 ) (-3716.229980 -1024 1981.090088 ) (-3716.229980 -1024 -829.091003 ) (-3648 -1024 -829.091003 ) 
4 305 308 (-3648 -1600 1792 ) (-3648 -1600 1981.090088 ) (-3648 -1024 1981.090088 ) (-3648 -1024 1792 ) 
4 305 307 (-3648 -1600 1981.090088 ) (-3648 -1600 1792 ) (-3072 -1600 1792 ) (-3072 -1600 1981.090088 ) 
4 306 307 (-3648 -1600 -256 ) (-3648 -1600 -829.091003 ) (-3072 -1600 -829.091003 ) (-3072 -1600 -256 ) 
4 306 308 (-3648 -1024 -829.091003 ) (-3648 -1600 -829.091003 ) (-3648 -1600 -256 ) (-3648 -1024 -256 ) 
4 307 308 (-3648 -1600 -829.091003 ) (-3648 -1675.560059 -829.091003 ) (-3648 -1675.560059 1981.090088 ) (-3648 -1600 1981.090088 ) 
